#
# There is insufficient memory for the Java Runtime Environment to continue.
# Native memory allocation (malloc) failed to allocate 594192 bytes. Error detail: Chunk::new
# Possible reasons:
#   The system is out of physical RAM or swap space
#   This process is running with CompressedOops enabled, and the Java Heap may be blocking the growth of the native heap
# Possible solutions:
#   Reduce memory load on the system
#   Increase physical memory or swap space
#   Check if swap backing store is full
#   Decrease Java heap size (-Xmx/-Xms)
#   Decrease number of Java threads
#   Decrease Java thread stack sizes (-Xss)
#   Set larger code cache with -XX:ReservedCodeCacheSize=
#   JVM is running with Unscaled Compressed Oops mode in which the Java heap is
#     placed in the first 4GB address space. The Java Heap base address is the
#     maximum limit for the native heap growth. Please use -XX:HeapBaseMinAddress
#     to set the Java Heap base and to place the Java Heap above 4GB virtual address.
# This output file may be truncated or incomplete.
#
#  Out of Memory Error (arena.cpp:168), pid=27140, tid=11724
#
# JRE version: OpenJDK Runtime Environment Temurin-21.0.7+6 (21.0.7+6) (build 21.0.7+6-LTS)
# Java VM: OpenJDK 64-Bit Server VM Temurin-21.0.7+6 (21.0.7+6-LTS, mixed mode, sharing, tiered, compressed oops, compressed class ptrs, parallel gc, windows-amd64)
# No core dump will be written. Minidumps are not enabled by default on client versions of Windows
#

---------------  S U M M A R Y ------------

Command Line: --add-modules=ALL-SYSTEM --add-opens=java.base/java.util=ALL-UNNAMED --add-opens=java.base/java.lang=ALL-UNNAMED --add-opens=java.base/sun.nio.fs=ALL-UNNAMED -Declipse.application=org.eclipse.jdt.ls.core.id1 -Dosgi.bundles.defaultStartLevel=4 -Declipse.product=org.eclipse.jdt.ls.core.product -Djava.import.generatesMetadataFilesAtProjectRoot=false -DDetectVMInstallationsJob.disabled=true -Dfile.encoding=utf8 -XX:+UseParallelGC -XX:GCTimeRatio=4 -XX:AdaptiveSizePolicyWeight=90 -Dsun.zip.disableMemoryMapping=true -Xmx1G -Xms100m -Xlog:disable -javaagent:c:\Users\muhammad naufal s a\.vscode\extensions\redhat.java-1.42.0-win32-x64\lombok\lombok-1.18.36.jar -XX:+HeapDumpOnOutOfMemoryError -XX:HeapDumpPath=c:\Users\muhammad naufal s a\AppData\Roaming\Code\User\workspaceStorage\e1b23ad681602467071ef67cb5a271e9\redhat.java -Daether.dependencyCollector.impl=bf c:\Users\muhammad naufal s a\.vscode\extensions\redhat.java-1.42.0-win32-x64\server\plugins\org.eclipse.equinox.launcher_1.7.0.v20250424-1814.jar -configuration c:\Users\muhammad naufal s a\AppData\Roaming\Code\User\globalStorage\redhat.java\1.42.0\config_win -data c:\Users\muhammad naufal s a\AppData\Roaming\Code\User\workspaceStorage\e1b23ad681602467071ef67cb5a271e9\redhat.java\jdt_ws --pipe=\\.\pipe\lsp-abca0be2344ab41bb38c0e9291b591d6-sock

Host: 12th Gen Intel(R) Core(TM) i5-12450H, 12 cores, 15G,  Windows 11 , 64 bit Build 26100 (10.0.26100.4202)
Time: Sat May 31 12:56:27 2025 SE Asia Standard Time elapsed time: 6.712709 seconds (0d 0h 0m 6s)

---------------  T H R E A D  ---------------

Current thread (0x000001c046469230):  JavaThread "C2 CompilerThread0" daemon [_thread_in_native, id=11724, stack(0x000000ad35d00000,0x000000ad35e00000) (1024K)]


Current CompileTask:
C2:6712 5056       4       org.eclipse.osgi.internal.loader.ModuleClassLoader::toString (80 bytes)

Stack: [0x000000ad35d00000,0x000000ad35e00000]
Native frames: (J=compiled Java code, j=interpreted, Vv=VM code, C=native code)
V  [jvm.dll+0x6ce119]
V  [jvm.dll+0x8a84a1]
V  [jvm.dll+0x8aa9ce]
V  [jvm.dll+0x8ab0b3]
V  [jvm.dll+0x27f8a6]
V  [jvm.dll+0xc507d]
V  [jvm.dll+0xc55b3]
V  [jvm.dll+0x3b692c]
V  [jvm.dll+0x1dfe33]
V  [jvm.dll+0x247c42]
V  [jvm.dll+0x2470cf]
V  [jvm.dll+0x1c760e]
V  [jvm.dll+0x25695a]
V  [jvm.dll+0x254efa]
V  [jvm.dll+0x3f03f6]
V  [jvm.dll+0x851f6b]
V  [jvm.dll+0x6cc7dd]
C  [ucrtbase.dll+0x37b0]
C  [KERNEL32.DLL+0x2e8d7]
C  [ntdll.dll+0x3c34c]


---------------  P R O C E S S  ---------------

Threads class SMR info:
_java_thread_list=0x000001c065381880, length=42, elements={
0x000001c0463af350, 0x000001c046453400, 0x000001c05a79ca50, 0x000001c046457f10,
0x000001c046459950, 0x000001c046457880, 0x000001c0464585a0, 0x000001c046469230,
0x000001c05bc3c980, 0x000001c046458c30, 0x000001c0464592c0, 0x000001c046456b60,
0x000001c0464564d0, 0x000001c0464571f0, 0x000001c0617bb6e0, 0x000001c0617bbd70,
0x000001c0617bca90, 0x000001c0617be4d0, 0x000001c0617bc400, 0x000001c0617bd120,
0x000001c0617bd7b0, 0x000001c0617bde40, 0x000001c05bc3f930, 0x000001c05bc3eb90,
0x000001c0617bb050, 0x000001c0617c05a0, 0x000001c0617bff10, 0x000001c0617c1fe0,
0x000001c0617beb60, 0x000001c0617c0c30, 0x000001c0617c1950, 0x000001c0617bf880,
0x000001c0617c2670, 0x000001c0617bf1f0, 0x000001c0617c12c0, 0x000001c0655f6c80,
0x000001c0655f86c0, 0x000001c0655f8d50, 0x000001c0655f79a0, 0x000001c0655f58d0,
0x000001c0655f93e0, 0x000001c0655f8030
}

Java Threads: ( => current thread )
  0x000001c0463af350 JavaThread "main"                              [_thread_in_vm, id=19140, stack(0x000000ad35300000,0x000000ad35400000) (1024K)]
  0x000001c046453400 JavaThread "Reference Handler"          daemon [_thread_blocked, id=10984, stack(0x000000ad35700000,0x000000ad35800000) (1024K)]
  0x000001c05a79ca50 JavaThread "Finalizer"                  daemon [_thread_blocked, id=27136, stack(0x000000ad35800000,0x000000ad35900000) (1024K)]
  0x000001c046457f10 JavaThread "Signal Dispatcher"          daemon [_thread_blocked, id=23084, stack(0x000000ad35900000,0x000000ad35a00000) (1024K)]
  0x000001c046459950 JavaThread "Attach Listener"            daemon [_thread_blocked, id=5016, stack(0x000000ad35a00000,0x000000ad35b00000) (1024K)]
  0x000001c046457880 JavaThread "Service Thread"             daemon [_thread_blocked, id=24804, stack(0x000000ad35b00000,0x000000ad35c00000) (1024K)]
  0x000001c0464585a0 JavaThread "Monitor Deflation Thread"   daemon [_thread_blocked, id=3268, stack(0x000000ad35c00000,0x000000ad35d00000) (1024K)]
=>0x000001c046469230 JavaThread "C2 CompilerThread0"         daemon [_thread_in_native, id=11724, stack(0x000000ad35d00000,0x000000ad35e00000) (1024K)]
  0x000001c05bc3c980 JavaThread "C1 CompilerThread0"         daemon [_thread_in_native, id=11492, stack(0x000000ad35e00000,0x000000ad35f00000) (1024K)]
  0x000001c046458c30 JavaThread "Common-Cleaner"             daemon [_thread_blocked, id=26496, stack(0x000000ad35f00000,0x000000ad36000000) (1024K)]
  0x000001c0464592c0 JavaThread "Notification Thread"        daemon [_thread_blocked, id=14060, stack(0x000000ad36100000,0x000000ad36200000) (1024K)]
  0x000001c046456b60 JavaThread "Active Thread: Equinox Container: 06cb09cc-4211-4c72-a833-63248e113f85"        [_thread_blocked, id=11568, stack(0x000000ad36900000,0x000000ad36a00000) (1024K)]
  0x000001c0464564d0 JavaThread "Refresh Thread: Equinox Container: 06cb09cc-4211-4c72-a833-63248e113f85" daemon [_thread_blocked, id=6332, stack(0x000000ad36200000,0x000000ad36300000) (1024K)]
  0x000001c0464571f0 JavaThread "Framework Event Dispatcher: Equinox Container: 06cb09cc-4211-4c72-a833-63248e113f85" daemon [_thread_blocked, id=24796, stack(0x000000ad36b00000,0x000000ad36c00000) (1024K)]
  0x000001c0617bb6e0 JavaThread "Start Level: Equinox Container: 06cb09cc-4211-4c72-a833-63248e113f85" daemon [_thread_blocked, id=6748, stack(0x000000ad36c00000,0x000000ad36d00000) (1024K)]
  0x000001c0617bbd70 JavaThread "Bundle File Closer"         daemon [_thread_blocked, id=12168, stack(0x000000ad36f00000,0x000000ad37000000) (1024K)]
  0x000001c0617bca90 JavaThread "SCR Component Actor"        daemon [_thread_blocked, id=23584, stack(0x000000ad37000000,0x000000ad37100000) (1024K)]
  0x000001c0617be4d0 JavaThread "SCR Component Registry"     daemon [_thread_blocked, id=9104, stack(0x000000ad37100000,0x000000ad37200000) (1024K)]
  0x000001c0617bc400 JavaThread "Worker-JM"                         [_thread_blocked, id=17520, stack(0x000000ad37200000,0x000000ad37300000) (1024K)]
  0x000001c0617bd120 JavaThread "JNA Cleaner"                daemon [_thread_blocked, id=19220, stack(0x000000ad36000000,0x000000ad36100000) (1024K)]
  0x000001c0617bd7b0 JavaThread "Worker-0: Repository registry initialization"        [_thread_in_vm, id=21736, stack(0x000000ad37300000,0x000000ad37400000) (1024K)]
  0x000001c0617bde40 JavaThread "Worker-1: Loading available Gradle versions"        [_thread_in_vm, id=9992, stack(0x000000ad37400000,0x000000ad37500000) (1024K)] _threads_hazard_ptr=0x000001c065381880
  0x000001c05bc3f930 JavaThread "C2 CompilerThread1"         daemon [_thread_in_native, id=18196, stack(0x000000ad37500000,0x000000ad37600000) (1024K)]
  0x000001c05bc3eb90 JavaThread "C2 CompilerThread2"         daemon [_thread_in_native, id=19136, stack(0x000000ad37600000,0x000000ad37700000) (1024K)]
  0x000001c0617bb050 JavaThread "Java indexing"              daemon [_thread_blocked, id=21608, stack(0x000000ad37700000,0x000000ad37800000) (1024K)]
  0x000001c0617c05a0 JavaThread "Worker-2: Initialize After Load"        [_thread_in_native, id=10028, stack(0x000000ad37800000,0x000000ad37900000) (1024K)]
  0x000001c0617bff10 JavaThread "Worker-3"                          [_thread_blocked, id=21908, stack(0x000000ad37b00000,0x000000ad37c00000) (1024K)]
  0x000001c0617c1fe0 JavaThread "Worker-4"                          [_thread_blocked, id=4312, stack(0x000000ad37c00000,0x000000ad37d00000) (1024K)]
  0x000001c0617beb60 JavaThread "Thread-2"                   daemon [_thread_in_native, id=26776, stack(0x000000ad37d00000,0x000000ad37e00000) (1024K)]
  0x000001c0617c0c30 JavaThread "Thread-3"                   daemon [_thread_in_native, id=5292, stack(0x000000ad37e00000,0x000000ad37f00000) (1024K)]
  0x000001c0617c1950 JavaThread "Thread-4"                   daemon [_thread_in_native, id=26352, stack(0x000000ad37f00000,0x000000ad38000000) (1024K)]
  0x000001c0617bf880 JavaThread "Thread-5"                   daemon [_thread_in_native, id=14692, stack(0x000000ad38000000,0x000000ad38100000) (1024K)]
  0x000001c0617c2670 JavaThread "Thread-6"                   daemon [_thread_in_native, id=9732, stack(0x000000ad38100000,0x000000ad38200000) (1024K)]
  0x000001c0617bf1f0 JavaThread "Thread-7"                   daemon [_thread_in_native, id=26400, stack(0x000000ad38200000,0x000000ad38300000) (1024K)]
  0x000001c0617c12c0 JavaThread "Thread-8"                   daemon [_thread_in_native, id=7936, stack(0x000000ad38300000,0x000000ad38400000) (1024K)]
  0x000001c0655f6c80 JavaThread "Thread-9"                   daemon [_thread_in_native, id=11940, stack(0x000000ad38400000,0x000000ad38500000) (1024K)]
  0x000001c0655f86c0 JavaThread "Thread-10"                  daemon [_thread_in_native, id=20564, stack(0x000000ad38500000,0x000000ad38600000) (1024K)]
  0x000001c0655f8d50 JavaThread "Thread-11"                  daemon [_thread_in_native, id=14124, stack(0x000000ad38600000,0x000000ad38700000) (1024K)]
  0x000001c0655f79a0 JavaThread "Thread-12"                  daemon [_thread_in_native, id=21432, stack(0x000000ad38700000,0x000000ad38800000) (1024K)]
  0x000001c0655f58d0 JavaThread "Thread-13"                  daemon [_thread_in_native, id=15144, stack(0x000000ad38800000,0x000000ad38900000) (1024K)]
  0x000001c0655f93e0 JavaThread "Thread-14"                  daemon [_thread_in_native, id=27176, stack(0x000000ad38900000,0x000000ad38a00000) (1024K)]
  0x000001c0655f8030 JavaThread "pool-2-thread-1"                   [_thread_blocked, id=2096, stack(0x000000ad38a00000,0x000000ad38b00000) (1024K)]
Total: 42

Other Threads:
  0x000001c04644eac0 VMThread "VM Thread"                           [id=14756, stack(0x000000ad35600000,0x000000ad35700000) (1024K)]
  0x000001c04641cfe0 WatcherThread "VM Periodic Task Thread"        [id=7364, stack(0x000000ad35500000,0x000000ad35600000) (1024K)]
  0x000001c0463cd790 WorkerThread "GC Thread#0"                     [id=22344, stack(0x000000ad35400000,0x000000ad35500000) (1024K)]
  0x000001c06184f900 WorkerThread "GC Thread#1"                     [id=18528, stack(0x000000ad36300000,0x000000ad36400000) (1024K)]
  0x000001c06184fca0 WorkerThread "GC Thread#2"                     [id=25620, stack(0x000000ad36400000,0x000000ad36500000) (1024K)]
  0x000001c0614d49d0 WorkerThread "GC Thread#3"                     [id=14496, stack(0x000000ad36500000,0x000000ad36600000) (1024K)]
  0x000001c0614d4d70 WorkerThread "GC Thread#4"                     [id=21100, stack(0x000000ad36600000,0x000000ad36700000) (1024K)]
  0x000001c0614d5110 WorkerThread "GC Thread#5"                     [id=25696, stack(0x000000ad36700000,0x000000ad36800000) (1024K)]
  0x000001c0614d54b0 WorkerThread "GC Thread#6"                     [id=19508, stack(0x000000ad36800000,0x000000ad36900000) (1024K)]
  0x000001c06176c860 WorkerThread "GC Thread#7"                     [id=23828, stack(0x000000ad36a00000,0x000000ad36b00000) (1024K)]
  0x000001c061fb3250 WorkerThread "GC Thread#8"                     [id=9768, stack(0x000000ad36d00000,0x000000ad36e00000) (1024K)]
  0x000001c062137270 WorkerThread "GC Thread#9"                     [id=26752, stack(0x000000ad36e00000,0x000000ad36f00000) (1024K)]
Total: 12

Threads with active compile tasks:
C2 CompilerThread0  6734 5056       4       org.eclipse.osgi.internal.loader.ModuleClassLoader::toString (80 bytes)
C1 CompilerThread0  6734 5174       3       org.eclipse.sisu.space.asm.ClassReader::readMethod (1061 bytes)
C2 CompilerThread1  6734 4380   !   4       org.eclipse.osgi.internal.loader.classpath.ClasspathManager::findClassImpl (343 bytes)
C2 CompilerThread2  6734 5160       4       org.eclipse.sisu.space.asm.ClassReader::readUtf (161 bytes)
Total: 4

VM state: not at safepoint (normal execution)

VM Mutex/Monitor currently owned by a thread: None

Heap address: 0x00000000c0000000, size: 1024 MB, Compressed Oops mode: 32-bit

CDS archive(s) mapped at: [0x000001c000000000-0x000001c000ba0000-0x000001c000ba0000), size 12189696, SharedBaseAddress: 0x000001c000000000, ArchiveRelocationMode: 1.
Compressed class space mapped at: 0x000001c001000000-0x000001c041000000, reserved size: 1073741824
Narrow klass base: 0x000001c000000000, Narrow klass shift: 0, Narrow klass range: 0x100000000

GC Precious Log:
 CardTable entry size: 512
 CPUs: 12 total, 12 available
 Memory: 16010M
 Large Page Support: Disabled
 NUMA Support: Disabled
 Compressed Oops: Enabled (32-bit)
 Alignments: Space 512K, Generation 512K, Heap 2M
 Heap Min Capacity: 100M
 Heap Initial Capacity: 100M
 Heap Max Capacity: 1G
 Pre-touch: Disabled
 Parallel Workers: 10

Heap:
 PSYoungGen      total 22528K, used 12959K [0x00000000eab00000, 0x00000000eca80000, 0x0000000100000000)
  eden space 20992K, 54% used [0x00000000eab00000,0x00000000eb6283d0,0x00000000ebf80000)
  from space 1536K, 99% used [0x00000000ec480000,0x00000000ec5ff8f8,0x00000000ec600000)
  to   space 5120K, 0% used [0x00000000ebf80000,0x00000000ebf80000,0x00000000ec480000)
 ParOldGen       total 68608K, used 21055K [0x00000000c0000000, 0x00000000c4300000, 0x00000000eab00000)
  object space 68608K, 30% used [0x00000000c0000000,0x00000000c148fc70,0x00000000c4300000)
 Metaspace       used 38020K, committed 39168K, reserved 1114112K
  class space    used 3909K, committed 4416K, reserved 1048576K

Card table byte_map: [0x000001c045d50000,0x000001c045f60000] _byte_map_base: 0x000001c045750000

Marking Bits: (ParMarkBitMap*) 0x00007ff9e1c531f0
 Begin Bits: [0x000001c0585a0000, 0x000001c0595a0000)
 End Bits:   [0x000001c0595a0000, 0x000001c05a5a0000)

Polling page: 0x000001c0441f0000

Metaspace:

Usage:
  Non-class:     33.31 MB used.
      Class:      3.82 MB used.
       Both:     37.13 MB used.

Virtual space:
  Non-class space:       64.00 MB reserved,      33.94 MB ( 53%) committed,  1 nodes.
      Class space:        1.00 GB reserved,       4.31 MB ( <1%) committed,  1 nodes.
             Both:        1.06 GB reserved,      38.25 MB (  4%) committed. 

Chunk freelists:
   Non-Class:  13.88 MB
       Class:  11.50 MB
        Both:  25.38 MB

MaxMetaspaceSize: unlimited
CompressedClassSpaceSize: 1.00 GB
Initial GC threshold: 21.00 MB
Current GC threshold: 58.38 MB
CDS: on
 - commit_granule_bytes: 65536.
 - commit_granule_words: 8192.
 - virtual_space_node_default_size: 8388608.
 - enlarge_chunks_in_place: 1.
 - use_allocation_guard: 0.


Internal statistics:

num_allocs_failed_limit: 6.
num_arena_births: 902.
num_arena_deaths: 14.
num_vsnodes_births: 2.
num_vsnodes_deaths: 0.
num_space_committed: 612.
num_space_uncommitted: 0.
num_chunks_returned_to_freelist: 20.
num_chunks_taken_from_freelist: 2503.
num_chunk_merges: 12.
num_chunk_splits: 1575.
num_chunks_enlarged: 905.
num_inconsistent_stats: 0.

CodeHeap 'non-profiled nmethods': size=120000Kb used=2021Kb max_used=2156Kb free=117978Kb
 bounds [0x000001c051070000, 0x000001c0512e0000, 0x000001c0585a0000]
CodeHeap 'profiled nmethods': size=120000Kb used=9121Kb max_used=10178Kb free=110878Kb
 bounds [0x000001c0495a0000, 0x000001c049fa0000, 0x000001c050ad0000]
CodeHeap 'non-nmethods': size=5760Kb used=1358Kb max_used=1410Kb free=4401Kb
 bounds [0x000001c050ad0000, 0x000001c050d40000, 0x000001c051070000]
 total_blobs=5226 nmethods=4570 adapters=562
 compilation: enabled
              stopped_count=0, restarted_count=0
 full_count=0

Compilation events (20 events):
Event: 6.688 Thread 0x000001c05bc3eb90 nmethod 5095 0x000001c0510c4390 code [0x000001c0510c45a0, 0x000001c0510c51d0]
Event: 6.689 Thread 0x000001c05bc3c980 nmethod 5161 0x000001c04971e110 code [0x000001c04971e4a0, 0x000001c04971fa78]
Event: 6.689 Thread 0x000001c05bc3c980 5164       3       org.eclipse.lsp4j.jsonrpc.services.AnnotationUtil::isDelegateMethod (59 bytes)
Event: 6.689 Thread 0x000001c05bc3eb90 5149 %     4       java.util.Properties$LineReader::readLine @ 53 (584 bytes)
Event: 6.690 Thread 0x000001c05bc3c980 nmethod 5164 0x000001c049887e10 code [0x000001c0498880c0, 0x000001c049888d28]
Event: 6.690 Thread 0x000001c05bc3c980 5162       3       java.lang.reflect.AccessibleObject::setAccessible0 (7 bytes)
Event: 6.690 Thread 0x000001c05bc3c980 nmethod 5162 0x000001c049887a90 code [0x000001c049887c20, 0x000001c049887d38]
Event: 6.690 Thread 0x000001c05bc3c980 5163       3       java.io.DataOutputStream::incCount (20 bytes)
Event: 6.690 Thread 0x000001c05bc3c980 nmethod 5163 0x000001c049981b90 code [0x000001c049981d20, 0x000001c049981e68]
Event: 6.695 Thread 0x000001c05bc3c980 5166       3       org.eclipse.osgi.storage.url.BundleResourceHandler::<init> (15 bytes)
Event: 6.696 Thread 0x000001c05bc3c980 nmethod 5166 0x000001c049981710 code [0x000001c0499818c0, 0x000001c049981ab8]
Event: 6.696 Thread 0x000001c05bc3c980 5169       3       org.eclipse.sisu.space.asm.ClassReader::readClass (7 bytes)
Event: 6.696 Thread 0x000001c05bc3c980 nmethod 5169 0x000001c049981010 code [0x000001c049981200, 0x000001c049981580]
Event: 6.696 Thread 0x000001c05bc3c980 5170       3       org.eclipse.sisu.space.asm.ClassReader::readStringish (16 bytes)
Event: 6.697 Thread 0x000001c05bc3c980 nmethod 5170 0x000001c049980890 code [0x000001c049980a80, 0x000001c049980d88]
Event: 6.697 Thread 0x000001c05bc3c980 5167   !   3       org.eclipse.osgi.storage.bundlefile.BundleFile::createURL (36 bytes)
Event: 6.697 Thread 0x000001c05bc3c980 nmethod 5167 0x000001c049673410 code [0x000001c049673680, 0x000001c049673e38]
Event: 6.697 Thread 0x000001c05bc3c980 5168   !   3       org.eclipse.osgi.framework.util.SecureAction::getURL (78 bytes)
Event: 6.698 Thread 0x000001c05bc3c980 nmethod 5168 0x000001c049672b90 code [0x000001c049672d60, 0x000001c049673010]
Event: 6.711 Thread 0x000001c05bc3c980 5171       3       java.lang.Class::getAnnotation (22 bytes)

GC Heap History (20 events):
Event: 4.535 GC heap before
{Heap before GC invocations=7 (full 0):
 PSYoungGen      total 30208K, used 24008K [0x00000000eab00000, 0x00000000ece80000, 0x0000000100000000)
  eden space 24576K, 76% used [0x00000000eab00000,0x00000000ebd60968,0x00000000ec300000)
  from space 5632K, 92% used [0x00000000ec900000,0x00000000ece11778,0x00000000ece80000)
  to   space 5632K, 0% used [0x00000000ec380000,0x00000000ec380000,0x00000000ec900000)
 ParOldGen       total 68608K, used 8069K [0x00000000c0000000, 0x00000000c4300000, 0x00000000eab00000)
  object space 68608K, 11% used [0x00000000c0000000,0x00000000c07e1530,0x00000000c4300000)
 Metaspace       used 20574K, committed 21504K, reserved 1114112K
  class space    used 2126K, committed 2496K, reserved 1048576K
}
Event: 4.539 GC heap after
{Heap after GC invocations=7 (full 0):
 PSYoungGen      total 29184K, used 4285K [0x00000000eab00000, 0x00000000ecd00000, 0x0000000100000000)
  eden space 24576K, 0% used [0x00000000eab00000,0x00000000eab00000,0x00000000ec300000)
  from space 4608K, 93% used [0x00000000ec380000,0x00000000ec7af5d0,0x00000000ec800000)
  to   space 5120K, 0% used [0x00000000ec800000,0x00000000ec800000,0x00000000ecd00000)
 ParOldGen       total 68608K, used 9581K [0x00000000c0000000, 0x00000000c4300000, 0x00000000eab00000)
  object space 68608K, 13% used [0x00000000c0000000,0x00000000c095b6e8,0x00000000c4300000)
 Metaspace       used 20574K, committed 21504K, reserved 1114112K
  class space    used 2126K, committed 2496K, reserved 1048576K
}
Event: 4.539 GC heap before
{Heap before GC invocations=8 (full 1):
 PSYoungGen      total 29184K, used 4285K [0x00000000eab00000, 0x00000000ecd00000, 0x0000000100000000)
  eden space 24576K, 0% used [0x00000000eab00000,0x00000000eab00000,0x00000000ec300000)
  from space 4608K, 93% used [0x00000000ec380000,0x00000000ec7af5d0,0x00000000ec800000)
  to   space 5120K, 0% used [0x00000000ec800000,0x00000000ec800000,0x00000000ecd00000)
 ParOldGen       total 68608K, used 9581K [0x00000000c0000000, 0x00000000c4300000, 0x00000000eab00000)
  object space 68608K, 13% used [0x00000000c0000000,0x00000000c095b6e8,0x00000000c4300000)
 Metaspace       used 20574K, committed 21504K, reserved 1114112K
  class space    used 2126K, committed 2496K, reserved 1048576K
}
Event: 4.571 GC heap after
{Heap after GC invocations=8 (full 1):
 PSYoungGen      total 29184K, used 0K [0x00000000eab00000, 0x00000000ecd00000, 0x0000000100000000)
  eden space 24576K, 0% used [0x00000000eab00000,0x00000000eab00000,0x00000000ec300000)
  from space 4608K, 0% used [0x00000000ec380000,0x00000000ec380000,0x00000000ec800000)
  to   space 5120K, 0% used [0x00000000ec800000,0x00000000ec800000,0x00000000ecd00000)
 ParOldGen       total 68608K, used 12668K [0x00000000c0000000, 0x00000000c4300000, 0x00000000eab00000)
  object space 68608K, 18% used [0x00000000c0000000,0x00000000c0c5f3a8,0x00000000c4300000)
 Metaspace       used 20561K, committed 21504K, reserved 1114112K
  class space    used 2122K, committed 2496K, reserved 1048576K
}
Event: 4.935 GC heap before
{Heap before GC invocations=9 (full 1):
 PSYoungGen      total 29184K, used 24576K [0x00000000eab00000, 0x00000000ecd00000, 0x0000000100000000)
  eden space 24576K, 100% used [0x00000000eab00000,0x00000000ec300000,0x00000000ec300000)
  from space 4608K, 0% used [0x00000000ec380000,0x00000000ec380000,0x00000000ec800000)
  to   space 5120K, 0% used [0x00000000ec800000,0x00000000ec800000,0x00000000ecd00000)
 ParOldGen       total 68608K, used 12668K [0x00000000c0000000, 0x00000000c4300000, 0x00000000eab00000)
  object space 68608K, 18% used [0x00000000c0000000,0x00000000c0c5f3a8,0x00000000c4300000)
 Metaspace       used 22720K, committed 23744K, reserved 1114112K
  class space    used 2308K, committed 2752K, reserved 1048576K
}
Event: 4.937 GC heap after
{Heap after GC invocations=9 (full 1):
 PSYoungGen      total 25600K, used 1035K [0x00000000eab00000, 0x00000000ec980000, 0x0000000100000000)
  eden space 24064K, 0% used [0x00000000eab00000,0x00000000eab00000,0x00000000ec280000)
  from space 1536K, 67% used [0x00000000ec800000,0x00000000ec902c68,0x00000000ec980000)
  to   space 2560K, 0% used [0x00000000ec480000,0x00000000ec480000,0x00000000ec700000)
 ParOldGen       total 68608K, used 12676K [0x00000000c0000000, 0x00000000c4300000, 0x00000000eab00000)
  object space 68608K, 18% used [0x00000000c0000000,0x00000000c0c613a8,0x00000000c4300000)
 Metaspace       used 22720K, committed 23744K, reserved 1114112K
  class space    used 2308K, committed 2752K, reserved 1048576K
}
Event: 5.307 GC heap before
{Heap before GC invocations=10 (full 1):
 PSYoungGen      total 25600K, used 25099K [0x00000000eab00000, 0x00000000ec980000, 0x0000000100000000)
  eden space 24064K, 100% used [0x00000000eab00000,0x00000000ec280000,0x00000000ec280000)
  from space 1536K, 67% used [0x00000000ec800000,0x00000000ec902c68,0x00000000ec980000)
  to   space 2560K, 0% used [0x00000000ec480000,0x00000000ec480000,0x00000000ec700000)
 ParOldGen       total 68608K, used 12676K [0x00000000c0000000, 0x00000000c4300000, 0x00000000eab00000)
  object space 68608K, 18% used [0x00000000c0000000,0x00000000c0c613a8,0x00000000c4300000)
 Metaspace       used 26322K, committed 27328K, reserved 1114112K
  class space    used 2567K, committed 3008K, reserved 1048576K
}
Event: 5.309 GC heap after
{Heap after GC invocations=10 (full 1):
 PSYoungGen      total 26112K, used 1301K [0x00000000eab00000, 0x00000000ec880000, 0x0000000100000000)
  eden space 23552K, 0% used [0x00000000eab00000,0x00000000eab00000,0x00000000ec200000)
  from space 2560K, 50% used [0x00000000ec480000,0x00000000ec5c5578,0x00000000ec700000)
  to   space 1536K, 0% used [0x00000000ec700000,0x00000000ec700000,0x00000000ec880000)
 ParOldGen       total 68608K, used 12684K [0x00000000c0000000, 0x00000000c4300000, 0x00000000eab00000)
  object space 68608K, 18% used [0x00000000c0000000,0x00000000c0c633a8,0x00000000c4300000)
 Metaspace       used 26322K, committed 27328K, reserved 1114112K
  class space    used 2567K, committed 3008K, reserved 1048576K
}
Event: 5.687 GC heap before
{Heap before GC invocations=11 (full 1):
 PSYoungGen      total 26112K, used 24853K [0x00000000eab00000, 0x00000000ec880000, 0x0000000100000000)
  eden space 23552K, 100% used [0x00000000eab00000,0x00000000ec200000,0x00000000ec200000)
  from space 2560K, 50% used [0x00000000ec480000,0x00000000ec5c5578,0x00000000ec700000)
  to   space 1536K, 0% used [0x00000000ec700000,0x00000000ec700000,0x00000000ec880000)
 ParOldGen       total 68608K, used 12684K [0x00000000c0000000, 0x00000000c4300000, 0x00000000eab00000)
  object space 68608K, 18% used [0x00000000c0000000,0x00000000c0c633a8,0x00000000c4300000)
 Metaspace       used 27991K, committed 28864K, reserved 1114112K
  class space    used 2689K, committed 3072K, reserved 1048576K
}
Event: 5.691 GC heap after
{Heap after GC invocations=11 (full 1):
 PSYoungGen      total 24576K, used 1531K [0x00000000eab00000, 0x00000000ec980000, 0x0000000100000000)
  eden space 23040K, 0% used [0x00000000eab00000,0x00000000eab00000,0x00000000ec180000)
  from space 1536K, 99% used [0x00000000ec700000,0x00000000ec87eda0,0x00000000ec880000)
  to   space 4096K, 0% used [0x00000000ec180000,0x00000000ec180000,0x00000000ec580000)
 ParOldGen       total 68608K, used 14400K [0x00000000c0000000, 0x00000000c4300000, 0x00000000eab00000)
  object space 68608K, 20% used [0x00000000c0000000,0x00000000c0e10040,0x00000000c4300000)
 Metaspace       used 27991K, committed 28864K, reserved 1114112K
  class space    used 2689K, committed 3072K, reserved 1048576K
}
Event: 6.031 GC heap before
{Heap before GC invocations=12 (full 1):
 PSYoungGen      total 24576K, used 24571K [0x00000000eab00000, 0x00000000ec980000, 0x0000000100000000)
  eden space 23040K, 100% used [0x00000000eab00000,0x00000000ec180000,0x00000000ec180000)
  from space 1536K, 99% used [0x00000000ec700000,0x00000000ec87eda0,0x00000000ec880000)
  to   space 4096K, 0% used [0x00000000ec180000,0x00000000ec180000,0x00000000ec580000)
 ParOldGen       total 68608K, used 14400K [0x00000000c0000000, 0x00000000c4300000, 0x00000000eab00000)
  object space 68608K, 20% used [0x00000000c0000000,0x00000000c0e10040,0x00000000c4300000)
 Metaspace       used 31415K, committed 32384K, reserved 1114112K
  class space    used 3113K, committed 3520K, reserved 1048576K
}
Event: 6.035 GC heap after
{Heap after GC invocations=12 (full 1):
 PSYoungGen      total 26624K, used 1355K [0x00000000eab00000, 0x00000000ec780000, 0x0000000100000000)
  eden space 22528K, 0% used [0x00000000eab00000,0x00000000eab00000,0x00000000ec100000)
  from space 4096K, 33% used [0x00000000ec180000,0x00000000ec2d2c50,0x00000000ec580000)
  to   space 2048K, 0% used [0x00000000ec580000,0x00000000ec580000,0x00000000ec780000)
 ParOldGen       total 68608K, used 15912K [0x00000000c0000000, 0x00000000c4300000, 0x00000000eab00000)
  object space 68608K, 23% used [0x00000000c0000000,0x00000000c0f8a2d0,0x00000000c4300000)
 Metaspace       used 31415K, committed 32384K, reserved 1114112K
  class space    used 3113K, committed 3520K, reserved 1048576K
}
Event: 6.276 GC heap before
{Heap before GC invocations=13 (full 1):
 PSYoungGen      total 26624K, used 23883K [0x00000000eab00000, 0x00000000ec780000, 0x0000000100000000)
  eden space 22528K, 100% used [0x00000000eab00000,0x00000000ec100000,0x00000000ec100000)
  from space 4096K, 33% used [0x00000000ec180000,0x00000000ec2d2c50,0x00000000ec580000)
  to   space 2048K, 0% used [0x00000000ec580000,0x00000000ec580000,0x00000000ec780000)
 ParOldGen       total 68608K, used 15912K [0x00000000c0000000, 0x00000000c4300000, 0x00000000eab00000)
  object space 68608K, 23% used [0x00000000c0000000,0x00000000c0f8a2d0,0x00000000c4300000)
 Metaspace       used 33805K, committed 34880K, reserved 1114112K
  class space    used 3418K, committed 3904K, reserved 1048576K
}
Event: 6.279 GC heap after
{Heap after GC invocations=13 (full 1):
 PSYoungGen      total 23552K, used 1510K [0x00000000eab00000, 0x00000000ec700000, 0x0000000100000000)
  eden space 22016K, 0% used [0x00000000eab00000,0x00000000eab00000,0x00000000ec080000)
  from space 1536K, 98% used [0x00000000ec580000,0x00000000ec6f9b98,0x00000000ec700000)
  to   space 2048K, 0% used [0x00000000ec300000,0x00000000ec300000,0x00000000ec500000)
 ParOldGen       total 68608K, used 16990K [0x00000000c0000000, 0x00000000c4300000, 0x00000000eab00000)
  object space 68608K, 24% used [0x00000000c0000000,0x00000000c1097938,0x00000000c4300000)
 Metaspace       used 33805K, committed 34880K, reserved 1114112K
  class space    used 3418K, committed 3904K, reserved 1048576K
}
Event: 6.371 GC heap before
{Heap before GC invocations=14 (full 1):
 PSYoungGen      total 23552K, used 12290K [0x00000000eab00000, 0x00000000ec700000, 0x0000000100000000)
  eden space 22016K, 48% used [0x00000000eab00000,0x00000000eb586f40,0x00000000ec080000)
  from space 1536K, 98% used [0x00000000ec580000,0x00000000ec6f9b98,0x00000000ec700000)
  to   space 2048K, 0% used [0x00000000ec300000,0x00000000ec300000,0x00000000ec500000)
 ParOldGen       total 68608K, used 16990K [0x00000000c0000000, 0x00000000c4300000, 0x00000000eab00000)
  object space 68608K, 24% used [0x00000000c0000000,0x00000000c1097938,0x00000000c4300000)
 Metaspace       used 34698K, committed 35840K, reserved 1114112K
  class space    used 3518K, committed 4032K, reserved 1048576K
}
Event: 6.374 GC heap after
{Heap after GC invocations=14 (full 1):
 PSYoungGen      total 23040K, used 768K [0x00000000eab00000, 0x00000000ec600000, 0x0000000100000000)
  eden space 22016K, 0% used [0x00000000eab00000,0x00000000eab00000,0x00000000ec080000)
  from space 1024K, 75% used [0x00000000ec300000,0x00000000ec3c0000,0x00000000ec400000)
  to   space 1536K, 0% used [0x00000000ec480000,0x00000000ec480000,0x00000000ec600000)
 ParOldGen       total 68608K, used 18273K [0x00000000c0000000, 0x00000000c4300000, 0x00000000eab00000)
  object space 68608K, 26% used [0x00000000c0000000,0x00000000c11d8518,0x00000000c4300000)
 Metaspace       used 34698K, committed 35840K, reserved 1114112K
  class space    used 3518K, committed 4032K, reserved 1048576K
}
Event: 6.374 GC heap before
{Heap before GC invocations=15 (full 2):
 PSYoungGen      total 23040K, used 768K [0x00000000eab00000, 0x00000000ec600000, 0x0000000100000000)
  eden space 22016K, 0% used [0x00000000eab00000,0x00000000eab00000,0x00000000ec080000)
  from space 1024K, 75% used [0x00000000ec300000,0x00000000ec3c0000,0x00000000ec400000)
  to   space 1536K, 0% used [0x00000000ec480000,0x00000000ec480000,0x00000000ec600000)
 ParOldGen       total 68608K, used 18273K [0x00000000c0000000, 0x00000000c4300000, 0x00000000eab00000)
  object space 68608K, 26% used [0x00000000c0000000,0x00000000c11d8518,0x00000000c4300000)
 Metaspace       used 34698K, committed 35840K, reserved 1114112K
  class space    used 3518K, committed 4032K, reserved 1048576K
}
Event: 6.414 GC heap after
{Heap after GC invocations=15 (full 2):
 PSYoungGen      total 23040K, used 0K [0x00000000eab00000, 0x00000000ec600000, 0x0000000100000000)
  eden space 22016K, 0% used [0x00000000eab00000,0x00000000eab00000,0x00000000ec080000)
  from space 1024K, 0% used [0x00000000ec300000,0x00000000ec300000,0x00000000ec400000)
  to   space 1536K, 0% used [0x00000000ec480000,0x00000000ec480000,0x00000000ec600000)
 ParOldGen       total 68608K, used 18150K [0x00000000c0000000, 0x00000000c4300000, 0x00000000eab00000)
  object space 68608K, 26% used [0x00000000c0000000,0x00000000c11b9880,0x00000000c4300000)
 Metaspace       used 34698K, committed 35840K, reserved 1114112K
  class space    used 3518K, committed 4032K, reserved 1048576K
}
Event: 6.585 GC heap before
{Heap before GC invocations=16 (full 2):
 PSYoungGen      total 23040K, used 22016K [0x00000000eab00000, 0x00000000ec600000, 0x0000000100000000)
  eden space 22016K, 100% used [0x00000000eab00000,0x00000000ec080000,0x00000000ec080000)
  from space 1024K, 0% used [0x00000000ec300000,0x00000000ec300000,0x00000000ec400000)
  to   space 1536K, 0% used [0x00000000ec480000,0x00000000ec480000,0x00000000ec600000)
 ParOldGen       total 68608K, used 18150K [0x00000000c0000000, 0x00000000c4300000, 0x00000000eab00000)
  object space 68608K, 26% used [0x00000000c0000000,0x00000000c11b9880,0x00000000c4300000)
 Metaspace       used 36778K, committed 37952K, reserved 1114112K
  class space    used 3770K, committed 4288K, reserved 1048576K
}
Event: 6.587 GC heap after
{Heap after GC invocations=16 (full 2):
 PSYoungGen      total 22528K, used 1534K [0x00000000eab00000, 0x00000000eca80000, 0x0000000100000000)
  eden space 20992K, 0% used [0x00000000eab00000,0x00000000eab00000,0x00000000ebf80000)
  from space 1536K, 99% used [0x00000000ec480000,0x00000000ec5ff8f8,0x00000000ec600000)
  to   space 5120K, 0% used [0x00000000ebf80000,0x00000000ebf80000,0x00000000ec480000)
 ParOldGen       total 68608K, used 21055K [0x00000000c0000000, 0x00000000c4300000, 0x00000000eab00000)
  object space 68608K, 30% used [0x00000000c0000000,0x00000000c148fc70,0x00000000c4300000)
 Metaspace       used 36778K, committed 37952K, reserved 1114112K
  class space    used 3770K, committed 4288K, reserved 1048576K
}

Dll operation events (11 events):
Event: 0.015 Loaded shared library c:\Users\muhammad naufal s a\.vscode\extensions\redhat.java-1.42.0-win32-x64\jre\21.0.7-win32-x86_64\bin\java.dll
Event: 0.115 Loaded shared library c:\Users\muhammad naufal s a\.vscode\extensions\redhat.java-1.42.0-win32-x64\jre\21.0.7-win32-x86_64\bin\zip.dll
Event: 0.144 Loaded shared library C:\Users\muhammad naufal s a\.vscode\extensions\redhat.java-1.42.0-win32-x64\jre\21.0.7-win32-x86_64\bin\instrument.dll
Event: 0.151 Loaded shared library C:\Users\muhammad naufal s a\.vscode\extensions\redhat.java-1.42.0-win32-x64\jre\21.0.7-win32-x86_64\bin\net.dll
Event: 0.155 Loaded shared library C:\Users\muhammad naufal s a\.vscode\extensions\redhat.java-1.42.0-win32-x64\jre\21.0.7-win32-x86_64\bin\nio.dll
Event: 0.160 Loaded shared library C:\Users\muhammad naufal s a\.vscode\extensions\redhat.java-1.42.0-win32-x64\jre\21.0.7-win32-x86_64\bin\zip.dll
Event: 0.203 Loaded shared library C:\Users\muhammad naufal s a\.vscode\extensions\redhat.java-1.42.0-win32-x64\jre\21.0.7-win32-x86_64\bin\jimage.dll
Event: 0.326 Loaded shared library c:\Users\muhammad naufal s a\.vscode\extensions\redhat.java-1.42.0-win32-x64\jre\21.0.7-win32-x86_64\bin\verify.dll
Event: 1.841 Loaded shared library C:\Users\muhammad naufal s a\AppData\Roaming\Code\User\globalStorage\redhat.java\1.42.0\config_win\org.eclipse.equinox.launcher\org.eclipse.equinox.launcher.win32.win32.x86_64_1.2.1300.v20250331-1702\eclipse_11911.dll
Event: 3.520 Loaded shared library C:\Users\muhammad naufal s a\AppData\Local\Temp\jna-1873067711\jna11368099811623338257.dll
Event: 6.237 Loaded shared library C:\Users\muhammad naufal s a\.vscode\extensions\redhat.java-1.42.0-win32-x64\jre\21.0.7-win32-x86_64\bin\sunmscapi.dll

Deoptimization events (20 events):
Event: 6.535 Thread 0x000001c0617bde40 Uncommon trap: trap_request=0xffffffc6 fr.pc=0x000001c0510efec4 relative=0x00000000000003c4
Event: 6.535 Thread 0x000001c0617bde40 Uncommon trap: reason=bimorphic_or_optimized_type_check action=maybe_recompile pc=0x000001c0510efec4 method=java.nio.charset.CharsetDecoder.decode(Ljava/nio/ByteBuffer;Ljava/nio/CharBuffer;Z)Ljava/nio/charset/CoderResult; @ 57 c2
Event: 6.535 Thread 0x000001c0617bde40 DEOPT PACKING pc=0x000001c0510efec4 sp=0x000000ad374fd4f0
Event: 6.535 Thread 0x000001c0617bde40 DEOPT UNPACKING pc=0x000001c050b23aa2 sp=0x000000ad374fd498 mode 2
Event: 6.536 Thread 0x000001c0617bde40 Uncommon trap: trap_request=0xffffffde fr.pc=0x000001c05117a188 relative=0x00000000000017c8
Event: 6.536 Thread 0x000001c0617bde40 Uncommon trap: reason=class_check action=maybe_recompile pc=0x000001c05117a188 method=java.lang.String.<init>(Ljava/nio/charset/Charset;[BII)V @ 521 c2
Event: 6.536 Thread 0x000001c0617bde40 DEOPT PACKING pc=0x000001c05117a188 sp=0x000000ad374fd600
Event: 6.536 Thread 0x000001c0617bde40 DEOPT UNPACKING pc=0x000001c050b23aa2 sp=0x000000ad374fd5d8 mode 2
Event: 6.536 Thread 0x000001c0617bde40 Uncommon trap: trap_request=0xffffffc6 fr.pc=0x000001c0510efec4 relative=0x00000000000003c4
Event: 6.536 Thread 0x000001c0617bde40 Uncommon trap: reason=bimorphic_or_optimized_type_check action=maybe_recompile pc=0x000001c0510efec4 method=java.nio.charset.CharsetDecoder.decode(Ljava/nio/ByteBuffer;Ljava/nio/CharBuffer;Z)Ljava/nio/charset/CoderResult; @ 57 c2
Event: 6.536 Thread 0x000001c0617bde40 DEOPT PACKING pc=0x000001c0510efec4 sp=0x000000ad374fd4f0
Event: 6.536 Thread 0x000001c0617bde40 DEOPT UNPACKING pc=0x000001c050b23aa2 sp=0x000000ad374fd498 mode 2
Event: 6.538 Thread 0x000001c0617bde40 Uncommon trap: trap_request=0xffffffde fr.pc=0x000001c05117a188 relative=0x00000000000017c8
Event: 6.538 Thread 0x000001c0617bde40 Uncommon trap: reason=class_check action=maybe_recompile pc=0x000001c05117a188 method=java.lang.String.<init>(Ljava/nio/charset/Charset;[BII)V @ 521 c2
Event: 6.538 Thread 0x000001c0617bde40 DEOPT PACKING pc=0x000001c05117a188 sp=0x000000ad374fd600
Event: 6.538 Thread 0x000001c0617bde40 DEOPT UNPACKING pc=0x000001c050b23aa2 sp=0x000000ad374fd5d8 mode 2
Event: 6.538 Thread 0x000001c0617bde40 Uncommon trap: trap_request=0xffffffc6 fr.pc=0x000001c0510efec4 relative=0x00000000000003c4
Event: 6.538 Thread 0x000001c0617bde40 Uncommon trap: reason=bimorphic_or_optimized_type_check action=maybe_recompile pc=0x000001c0510efec4 method=java.nio.charset.CharsetDecoder.decode(Ljava/nio/ByteBuffer;Ljava/nio/CharBuffer;Z)Ljava/nio/charset/CoderResult; @ 57 c2
Event: 6.538 Thread 0x000001c0617bde40 DEOPT PACKING pc=0x000001c0510efec4 sp=0x000000ad374fd4f0
Event: 6.538 Thread 0x000001c0617bde40 DEOPT UNPACKING pc=0x000001c050b23aa2 sp=0x000000ad374fd498 mode 2

Classes loaded (20 events):
Event: 6.699 Loading class java/net/SocksConsts
Event: 6.699 Loading class java/net/SocksConsts done
Event: 6.699 Loading class java/net/DelegatingSocketImpl
Event: 6.699 Loading class java/net/DelegatingSocketImpl done
Event: 6.699 Loading class java/net/SocksSocketImpl done
Event: 6.699 Loading class sun/security/ssl/SSLSocketImpl$AppInputStream
Event: 6.700 Loading class sun/security/ssl/SSLSocketImpl$AppInputStream done
Event: 6.700 Loading class sun/security/ssl/SSLSocketImpl$AppOutputStream
Event: 6.700 Loading class sun/security/ssl/SSLSocketImpl$AppOutputStream done
Event: 6.700 Loading class sun/security/ssl/HandshakeHash
Event: 6.700 Loading class sun/security/ssl/HandshakeHash done
Event: 6.700 Loading class sun/security/ssl/HandshakeHash$CacheOnlyHash
Event: 6.701 Loading class sun/security/ssl/HandshakeHash$TranscriptHash
Event: 6.701 Loading class sun/security/ssl/HandshakeHash$TranscriptHash done
Event: 6.701 Loading class sun/security/ssl/HandshakeHash$CacheOnlyHash done
Event: 6.701 Loading class sun/security/ssl/TransportContext
Event: 6.701 Loading class sun/security/ssl/ConnectionContext
Event: 6.701 Loading class sun/security/ssl/ConnectionContext done
Event: 6.701 Loading class sun/security/ssl/TransportContext done
Event: 6.702 Loading class sun/security/ssl/SSLSocketInputRecord

Classes unloaded (7 events):
Event: 4.543 Thread 0x000001c04644eac0 Unloading class 0x000001c0011a4400 'java/lang/invoke/LambdaForm$MH+0x000001c0011a4400'
Event: 4.543 Thread 0x000001c04644eac0 Unloading class 0x000001c0011a4000 'java/lang/invoke/LambdaForm$MH+0x000001c0011a4000'
Event: 4.543 Thread 0x000001c04644eac0 Unloading class 0x000001c0011a3c00 'java/lang/invoke/LambdaForm$MH+0x000001c0011a3c00'
Event: 4.543 Thread 0x000001c04644eac0 Unloading class 0x000001c0011a3800 'java/lang/invoke/LambdaForm$MH+0x000001c0011a3800'
Event: 4.543 Thread 0x000001c04644eac0 Unloading class 0x000001c0011a3400 'java/lang/invoke/LambdaForm$BMH+0x000001c0011a3400'
Event: 4.543 Thread 0x000001c04644eac0 Unloading class 0x000001c0011a3000 'java/lang/invoke/LambdaForm$DMH+0x000001c0011a3000'
Event: 4.543 Thread 0x000001c04644eac0 Unloading class 0x000001c0011a1c00 'java/lang/invoke/LambdaForm$DMH+0x000001c0011a1c00'

Classes redefined (0 events):
No events

Internal exceptions (20 events):
Event: 6.352 Thread 0x000001c0617c05a0 Exception <a 'sun/nio/fs/WindowsException'{0x00000000eb422fb0}> (0x00000000eb422fb0) 
thrown [s\src\hotspot\share\prims\jni.cpp, line 520]
Event: 6.352 Thread 0x000001c0617c05a0 Exception <a 'sun/nio/fs/WindowsException'{0x00000000eb4238d0}> (0x00000000eb4238d0) 
thrown [s\src\hotspot\share\prims\jni.cpp, line 520]
Event: 6.352 Thread 0x000001c0617c05a0 Exception <a 'sun/nio/fs/WindowsException'{0x00000000eb4241b0}> (0x00000000eb4241b0) 
thrown [s\src\hotspot\share\prims\jni.cpp, line 520]
Event: 6.352 Thread 0x000001c0617c05a0 Exception <a 'sun/nio/fs/WindowsException'{0x00000000eb424de0}> (0x00000000eb424de0) 
thrown [s\src\hotspot\share\prims\jni.cpp, line 520]
Event: 6.352 Thread 0x000001c0617c05a0 Exception <a 'sun/nio/fs/WindowsException'{0x00000000eb4256c0}> (0x00000000eb4256c0) 
thrown [s\src\hotspot\share\prims\jni.cpp, line 520]
Event: 6.353 Thread 0x000001c0617c05a0 Exception <a 'sun/nio/fs/WindowsException'{0x00000000eb427060}> (0x00000000eb427060) 
thrown [s\src\hotspot\share\prims\jni.cpp, line 520]
Event: 6.353 Thread 0x000001c0617c05a0 Exception <a 'sun/nio/fs/WindowsException'{0x00000000eb427940}> (0x00000000eb427940) 
thrown [s\src\hotspot\share\prims\jni.cpp, line 520]
Event: 6.356 Thread 0x000001c0617c05a0 Exception <a 'java/lang/NoSuchMethodError'{0x00000000eb4aaa40}: 'void java.lang.invoke.DirectMethodHandle$Holder.invokeVirtual(java.lang.Object, java.lang.Object, java.lang.Object, java.lang.Object)'> (0x00000000eb4aaa40) 
thrown [s\src\hotspot\share\interpreter\linkResolver.cpp, line 773]
Event: 6.361 Thread 0x000001c0617c05a0 Exception <a 'sun/nio/fs/WindowsException'{0x00000000eb4d6538}> (0x00000000eb4d6538) 
thrown [s\src\hotspot\share\prims\jni.cpp, line 520]
Event: 6.361 Thread 0x000001c0617c05a0 Exception <a 'sun/nio/fs/WindowsException'{0x00000000eb4d70d8}> (0x00000000eb4d70d8) 
thrown [s\src\hotspot\share\prims\jni.cpp, line 520]
Event: 6.363 Thread 0x000001c0617c05a0 Exception <a 'sun/nio/fs/WindowsException'{0x00000000eb4fef58}> (0x00000000eb4fef58) 
thrown [s\src\hotspot\share\prims\jni.cpp, line 520]
Event: 6.363 Thread 0x000001c0617c05a0 Exception <a 'sun/nio/fs/WindowsException'{0x00000000eb4ff838}> (0x00000000eb4ff838) 
thrown [s\src\hotspot\share\prims\jni.cpp, line 520]
Event: 6.365 Thread 0x000001c0617c05a0 Exception <a 'sun/nio/fs/WindowsException'{0x00000000eb504e98}> (0x00000000eb504e98) 
thrown [s\src\hotspot\share\prims\jni.cpp, line 520]
Event: 6.366 Thread 0x000001c0617c05a0 Exception <a 'sun/nio/fs/WindowsException'{0x00000000eb505788}> (0x00000000eb505788) 
thrown [s\src\hotspot\share\prims\jni.cpp, line 520]
Event: 6.366 Thread 0x000001c0617c05a0 Exception <a 'sun/nio/fs/WindowsException'{0x00000000eb53cb98}> (0x00000000eb53cb98) 
thrown [s\src\hotspot\share\prims\jni.cpp, line 520]
Event: 6.366 Thread 0x000001c0617c05a0 Exception <a 'sun/nio/fs/WindowsException'{0x00000000eb53d1c8}> (0x00000000eb53d1c8) 
thrown [s\src\hotspot\share\prims\jni.cpp, line 520]
Event: 6.423 Thread 0x000001c0617c05a0 Exception <a 'java/io/FileNotFoundException'{0x00000000eab87220}> (0x00000000eab87220) 
thrown [s\src\hotspot\share\prims\jni.cpp, line 520]
Event: 6.608 Thread 0x000001c0617c05a0 Exception <a 'sun/nio/fs/WindowsException'{0x00000000eaf6cfc8}> (0x00000000eaf6cfc8) 
thrown [s\src\hotspot\share\prims\jni.cpp, line 520]
Event: 6.608 Thread 0x000001c0617c05a0 Exception <a 'sun/nio/fs/WindowsException'{0x00000000eaf6d8b8}> (0x00000000eaf6d8b8) 
thrown [s\src\hotspot\share\prims\jni.cpp, line 520]
Event: 6.702 Thread 0x000001c0617c05a0 Exception <a 'java/io/FileNotFoundException'{0x00000000eb4e14a0}> (0x00000000eb4e14a0) 
thrown [s\src\hotspot\share\prims\jni.cpp, line 520]

ZGC Phase Switch (0 events):
No events

VM Operations (20 events):
Event: 5.918 Executing VM operation: HandshakeAllThreads (Deoptimize)
Event: 5.918 Executing VM operation: HandshakeAllThreads (Deoptimize) done
Event: 5.953 Executing VM operation: HandshakeAllThreads (Deoptimize)
Event: 5.953 Executing VM operation: HandshakeAllThreads (Deoptimize) done
Event: 6.031 Executing VM operation: ParallelGCFailedAllocation (Allocation Failure)
Event: 6.035 Executing VM operation: ParallelGCFailedAllocation (Allocation Failure) done
Event: 6.199 Executing VM operation: HandshakeAllThreads (Deoptimize)
Event: 6.199 Executing VM operation: HandshakeAllThreads (Deoptimize) done
Event: 6.203 Executing VM operation: HandshakeAllThreads (Deoptimize)
Event: 6.203 Executing VM operation: HandshakeAllThreads (Deoptimize) done
Event: 6.276 Executing VM operation: ParallelGCFailedAllocation (Allocation Failure)
Event: 6.279 Executing VM operation: ParallelGCFailedAllocation (Allocation Failure) done
Event: 6.314 Executing VM operation: HandshakeAllThreads (Deoptimize)
Event: 6.324 Executing VM operation: HandshakeAllThreads (Deoptimize) done
Event: 6.371 Executing VM operation: CollectForMetadataAllocation (Metadata GC Threshold)
Event: 6.414 Executing VM operation: CollectForMetadataAllocation (Metadata GC Threshold) done
Event: 6.530 Executing VM operation: HandshakeAllThreads (Deoptimize)
Event: 6.530 Executing VM operation: HandshakeAllThreads (Deoptimize) done
Event: 6.585 Executing VM operation: ParallelGCFailedAllocation (Allocation Failure)
Event: 6.587 Executing VM operation: ParallelGCFailedAllocation (Allocation Failure) done

Memory protections (0 events):
No events

Nmethod flushes (20 events):
Event: 6.395 Thread 0x000001c04644eac0 flushing  nmethod 0x000001c049c2be90
Event: 6.395 Thread 0x000001c04644eac0 flushing  nmethod 0x000001c049c2d090
Event: 6.395 Thread 0x000001c04644eac0 flushing  nmethod 0x000001c049c2dd90
Event: 6.395 Thread 0x000001c04644eac0 flushing  nmethod 0x000001c049c2fa90
Event: 6.395 Thread 0x000001c04644eac0 flushing  nmethod 0x000001c049c30790
Event: 6.395 Thread 0x000001c04644eac0 flushing  nmethod 0x000001c049c31c90
Event: 6.395 Thread 0x000001c04644eac0 flushing  nmethod 0x000001c049c32110
Event: 6.395 Thread 0x000001c04644eac0 flushing  nmethod 0x000001c049c33210
Event: 6.395 Thread 0x000001c04644eac0 flushing  nmethod 0x000001c049c34990
Event: 6.395 Thread 0x000001c04644eac0 flushing  nmethod 0x000001c049c7ed90
Event: 6.395 Thread 0x000001c04644eac0 flushing  nmethod 0x000001c049c82110
Event: 6.395 Thread 0x000001c04644eac0 flushing  nmethod 0x000001c049c8c410
Event: 6.395 Thread 0x000001c04644eac0 flushing  nmethod 0x000001c049c9d590
Event: 6.395 Thread 0x000001c04644eac0 flushing  nmethod 0x000001c049cd4990
Event: 6.395 Thread 0x000001c04644eac0 flushing  nmethod 0x000001c049cd8f90
Event: 6.395 Thread 0x000001c04644eac0 flushing  nmethod 0x000001c049d0cd90
Event: 6.395 Thread 0x000001c04644eac0 flushing  nmethod 0x000001c049d21e10
Event: 6.395 Thread 0x000001c04644eac0 flushing  nmethod 0x000001c049d22810
Event: 6.395 Thread 0x000001c04644eac0 flushing  nmethod 0x000001c049d48690
Event: 6.395 Thread 0x000001c04644eac0 flushing  nmethod 0x000001c049d48b10

Events (20 events):
Event: 5.442 Thread 0x000001c05bc3c980 Thread added: 0x000001c05bc3f930
Event: 5.443 Thread 0x000001c05bc3c980 Thread added: 0x000001c05bc3eb90
Event: 5.703 Thread 0x000001c0617bb6e0 Thread added: 0x000001c0617bb050
Event: 5.705 Thread 0x000001c0617bde40 Thread added: 0x000001c0617c05a0
Event: 6.167 Thread 0x000001c0617bde40 Thread added: 0x000001c0617bff10
Event: 6.221 Thread 0x000001c0617bff10 Thread added: 0x000001c0617c1fe0
Event: 6.310 Thread 0x000001c0463af350 Thread added: 0x000001c0617beb60
Event: 6.310 Thread 0x000001c0463af350 Thread added: 0x000001c0617c0c30
Event: 6.311 Thread 0x000001c0463af350 Thread added: 0x000001c0617c1950
Event: 6.311 Thread 0x000001c0463af350 Thread added: 0x000001c0617bf880
Event: 6.311 Thread 0x000001c0463af350 Thread added: 0x000001c0617c2670
Event: 6.311 Thread 0x000001c0463af350 Thread added: 0x000001c0617bf1f0
Event: 6.311 Thread 0x000001c0463af350 Thread added: 0x000001c0617c12c0
Event: 6.311 Thread 0x000001c0463af350 Thread added: 0x000001c0655f6c80
Event: 6.311 Thread 0x000001c0463af350 Thread added: 0x000001c0655f86c0
Event: 6.311 Thread 0x000001c0463af350 Thread added: 0x000001c0655f8d50
Event: 6.311 Thread 0x000001c0463af350 Thread added: 0x000001c0655f79a0
Event: 6.311 Thread 0x000001c0463af350 Thread added: 0x000001c0655f58d0
Event: 6.312 Thread 0x000001c0463af350 Thread added: 0x000001c0655f93e0
Event: 6.415 Thread 0x000001c0463af350 Thread added: 0x000001c0655f8030


Dynamic libraries:
0x00007ff74e420000 - 0x00007ff74e42e000 	c:\Users\muhammad naufal s a\.vscode\extensions\redhat.java-1.42.0-win32-x64\jre\21.0.7-win32-x86_64\bin\java.exe
0x00007ffad2fc0000 - 0x00007ffad3225000 	C:\WINDOWS\SYSTEM32\ntdll.dll
0x00007ffad2850000 - 0x00007ffad2919000 	C:\WINDOWS\System32\KERNEL32.DLL
0x00007ffad0440000 - 0x00007ffad0828000 	C:\WINDOWS\System32\KERNELBASE.dll
0x00007ffad0c10000 - 0x00007ffad0d5b000 	C:\WINDOWS\System32\ucrtbase.dll
0x00007ffa4d6b0000 - 0x00007ffa4d6ce000 	c:\Users\muhammad naufal s a\.vscode\extensions\redhat.java-1.42.0-win32-x64\jre\21.0.7-win32-x86_64\bin\VCRUNTIME140.dll
0x00007ffa49970000 - 0x00007ffa49988000 	c:\Users\muhammad naufal s a\.vscode\extensions\redhat.java-1.42.0-win32-x64\jre\21.0.7-win32-x86_64\bin\jli.dll
0x00007ffad1a50000 - 0x00007ffad1c1a000 	C:\WINDOWS\System32\USER32.dll
0x00007ffad0290000 - 0x00007ffad02b7000 	C:\WINDOWS\System32\win32u.dll
0x00007ffad1390000 - 0x00007ffad13bb000 	C:\WINDOWS\System32\GDI32.dll
0x00007ffad0970000 - 0x00007ffad0aa7000 	C:\WINDOWS\System32\gdi32full.dll
0x00007ffad08c0000 - 0x00007ffad0963000 	C:\WINDOWS\System32\msvcp_win.dll
0x00007ffac05d0000 - 0x00007ffac086a000 	C:\WINDOWS\WinSxS\amd64_microsoft.windows.common-controls_6595b64144ccf1df_6.0.26100.4202_none_3e0698d4e335f517\COMCTL32.dll
0x00007ffad1630000 - 0x00007ffad16d9000 	C:\WINDOWS\System32\msvcrt.dll
0x00007ffad2740000 - 0x00007ffad2770000 	C:\WINDOWS\System32\IMM32.DLL
0x00007ffaa1df0000 - 0x00007ffaa1dfc000 	c:\Users\muhammad naufal s a\.vscode\extensions\redhat.java-1.42.0-win32-x64\jre\21.0.7-win32-x86_64\bin\vcruntime140_1.dll
0x00007ffa30330000 - 0x00007ffa303bd000 	c:\Users\muhammad naufal s a\.vscode\extensions\redhat.java-1.42.0-win32-x64\jre\21.0.7-win32-x86_64\bin\msvcp140.dll
0x00007ff9e0fa0000 - 0x00007ff9e1d30000 	c:\Users\muhammad naufal s a\.vscode\extensions\redhat.java-1.42.0-win32-x64\jre\21.0.7-win32-x86_64\bin\server\jvm.dll
0x00007ffad2ec0000 - 0x00007ffad2f73000 	C:\WINDOWS\System32\ADVAPI32.dll
0x00007ffad12e0000 - 0x00007ffad1386000 	C:\WINDOWS\System32\sechost.dll
0x00007ffad13c0000 - 0x00007ffad14d5000 	C:\WINDOWS\System32\RPCRT4.dll
0x00007ffad1570000 - 0x00007ffad15e4000 	C:\WINDOWS\System32\WS2_32.dll
0x00007ffaced50000 - 0x00007ffacedae000 	C:\WINDOWS\SYSTEM32\POWRPROF.dll
0x00007ffac7a60000 - 0x00007ffac7a6b000 	C:\WINDOWS\SYSTEM32\VERSION.dll
0x00007ffabee10000 - 0x00007ffabee45000 	C:\WINDOWS\SYSTEM32\WINMM.dll
0x00007ffaced30000 - 0x00007ffaced44000 	C:\WINDOWS\SYSTEM32\UMPDC.dll
0x00007ffaceff0000 - 0x00007ffacf00b000 	C:\WINDOWS\SYSTEM32\kernel.appcore.dll
0x00007ffaa1140000 - 0x00007ffaa114a000 	c:\Users\muhammad naufal s a\.vscode\extensions\redhat.java-1.42.0-win32-x64\jre\21.0.7-win32-x86_64\bin\jimage.dll
0x00007ffacd840000 - 0x00007ffacda81000 	C:\WINDOWS\SYSTEM32\DBGHELP.DLL
0x00007ffad2a40000 - 0x00007ffad2dc5000 	C:\WINDOWS\System32\combase.dll
0x00007ffad0d60000 - 0x00007ffad0e41000 	C:\WINDOWS\System32\OLEAUT32.dll
0x00007ffaa1100000 - 0x00007ffaa1139000 	C:\WINDOWS\SYSTEM32\dbgcore.DLL
0x00007ffad0ab0000 - 0x00007ffad0b49000 	C:\WINDOWS\System32\bcryptPrimitives.dll
0x00007ffa9f150000 - 0x00007ffa9f15f000 	c:\Users\muhammad naufal s a\.vscode\extensions\redhat.java-1.42.0-win32-x64\jre\21.0.7-win32-x86_64\bin\instrument.dll
0x00007ffa48a60000 - 0x00007ffa48a7f000 	c:\Users\muhammad naufal s a\.vscode\extensions\redhat.java-1.42.0-win32-x64\jre\21.0.7-win32-x86_64\bin\java.dll
0x00007ffad1cd0000 - 0x00007ffad2412000 	C:\WINDOWS\System32\SHELL32.dll
0x00007ffad0110000 - 0x00007ffad0284000 	C:\WINDOWS\System32\wintypes.dll
0x00007ffacddb0000 - 0x00007fface607000 	C:\WINDOWS\SYSTEM32\windows.storage.dll
0x00007ffad1940000 - 0x00007ffad1a31000 	C:\WINDOWS\System32\SHCORE.dll
0x00007ffad2e50000 - 0x00007ffad2eba000 	C:\WINDOWS\System32\shlwapi.dll
0x00007ffacfff0000 - 0x00007ffad001f000 	C:\WINDOWS\SYSTEM32\profapi.dll
0x00007ffa48930000 - 0x00007ffa48948000 	c:\Users\muhammad naufal s a\.vscode\extensions\redhat.java-1.42.0-win32-x64\jre\21.0.7-win32-x86_64\bin\zip.dll
0x00007ffa9f020000 - 0x00007ffa9f030000 	C:\Users\muhammad naufal s a\.vscode\extensions\redhat.java-1.42.0-win32-x64\jre\21.0.7-win32-x86_64\bin\net.dll
0x00007ffacaff0000 - 0x00007ffacb10e000 	C:\WINDOWS\SYSTEM32\WINHTTP.dll
0x00007ffacf560000 - 0x00007ffacf5ca000 	C:\WINDOWS\system32\mswsock.dll
0x00007ffa47e90000 - 0x00007ffa47ea6000 	C:\Users\muhammad naufal s a\.vscode\extensions\redhat.java-1.42.0-win32-x64\jre\21.0.7-win32-x86_64\bin\nio.dll
0x00007ffa96a30000 - 0x00007ffa96a40000 	c:\Users\muhammad naufal s a\.vscode\extensions\redhat.java-1.42.0-win32-x64\jre\21.0.7-win32-x86_64\bin\verify.dll
0x00007ffa489b0000 - 0x00007ffa489f5000 	C:\Users\muhammad naufal s a\AppData\Roaming\Code\User\globalStorage\redhat.java\1.42.0\config_win\org.eclipse.equinox.launcher\org.eclipse.equinox.launcher.win32.win32.x86_64_1.2.1300.v20250331-1702\eclipse_11911.dll
0x00007ffad2420000 - 0x00007ffad25be000 	C:\WINDOWS\System32\ole32.dll
0x00007ffacf810000 - 0x00007ffacf82b000 	C:\WINDOWS\SYSTEM32\CRYPTSP.dll
0x00007ffacef50000 - 0x00007ffacef8a000 	C:\WINDOWS\system32\rsaenh.dll
0x00007ffacf600000 - 0x00007ffacf62b000 	C:\WINDOWS\SYSTEM32\USERENV.dll
0x00007ffad0030000 - 0x00007ffad0056000 	C:\WINDOWS\SYSTEM32\bcrypt.dll
0x00007ffacf830000 - 0x00007ffacf83c000 	C:\WINDOWS\SYSTEM32\CRYPTBASE.dll
0x00007fface990000 - 0x00007fface9c3000 	C:\WINDOWS\SYSTEM32\IPHLPAPI.DLL
0x00007ffad1a40000 - 0x00007ffad1a4a000 	C:\WINDOWS\System32\NSI.dll
0x00007ffa32910000 - 0x00007ffa32959000 	C:\Users\muhammad naufal s a\AppData\Local\Temp\jna-1873067711\jna11368099811623338257.dll
0x00007ffad1620000 - 0x00007ffad1628000 	C:\WINDOWS\System32\PSAPI.DLL
0x00007ffacb530000 - 0x00007ffacb54f000 	C:\WINDOWS\SYSTEM32\dhcpcsvc6.DLL
0x00007ffacb3a0000 - 0x00007ffacb3c5000 	C:\WINDOWS\SYSTEM32\dhcpcsvc.DLL
0x00007ffa93580000 - 0x00007ffa9358e000 	C:\Users\muhammad naufal s a\.vscode\extensions\redhat.java-1.42.0-win32-x64\jre\21.0.7-win32-x86_64\bin\sunmscapi.dll
0x00007ffad02c0000 - 0x00007ffad0437000 	C:\WINDOWS\System32\CRYPT32.dll
0x00007ffacfa30000 - 0x00007ffacfa60000 	C:\WINDOWS\SYSTEM32\ncrypt.dll
0x00007ffacf9e0000 - 0x00007ffacfa1f000 	C:\WINDOWS\SYSTEM32\NTASN1.dll

dbghelp: loaded successfully - version: 4.0.5 - missing functions: none
symbol engine: initialized successfully - sym options: 0x614 - pdb path: .;c:\Users\muhammad naufal s a\.vscode\extensions\redhat.java-1.42.0-win32-x64\jre\21.0.7-win32-x86_64\bin;C:\WINDOWS\SYSTEM32;C:\WINDOWS\WinSxS\amd64_microsoft.windows.common-controls_6595b64144ccf1df_6.0.26100.4202_none_3e0698d4e335f517;c:\Users\muhammad naufal s a\.vscode\extensions\redhat.java-1.42.0-win32-x64\jre\21.0.7-win32-x86_64\bin\server;C:\Users\muhammad naufal s a\AppData\Roaming\Code\User\globalStorage\redhat.java\1.42.0\config_win\org.eclipse.equinox.launcher\org.eclipse.equinox.launcher.win32.win32.x86_64_1.2.1300.v20250331-1702;C:\Users\muhammad naufal s a\AppData\Local\Temp\jna-1873067711

VM Arguments:
jvm_args: --add-modules=ALL-SYSTEM --add-opens=java.base/java.util=ALL-UNNAMED --add-opens=java.base/java.lang=ALL-UNNAMED --add-opens=java.base/sun.nio.fs=ALL-UNNAMED -Declipse.application=org.eclipse.jdt.ls.core.id1 -Dosgi.bundles.defaultStartLevel=4 -Declipse.product=org.eclipse.jdt.ls.core.product -Djava.import.generatesMetadataFilesAtProjectRoot=false -DDetectVMInstallationsJob.disabled=true -Dfile.encoding=utf8 -XX:+UseParallelGC -XX:GCTimeRatio=4 -XX:AdaptiveSizePolicyWeight=90 -Dsun.zip.disableMemoryMapping=true -Xmx1G -Xms100m -Xlog:disable -javaagent:c:\Users\muhammad naufal s a\.vscode\extensions\redhat.java-1.42.0-win32-x64\lombok\lombok-1.18.36.jar -XX:+HeapDumpOnOutOfMemoryError -XX:HeapDumpPath=c:\Users\muhammad naufal s a\AppData\Roaming\Code\User\workspaceStorage\e1b23ad681602467071ef67cb5a271e9\redhat.java -Daether.dependencyCollector.impl=bf 
java_command: c:\Users\muhammad naufal s a\.vscode\extensions\redhat.java-1.42.0-win32-x64\server\plugins\org.eclipse.equinox.launcher_1.7.0.v20250424-1814.jar -configuration c:\Users\muhammad naufal s a\AppData\Roaming\Code\User\globalStorage\redhat.java\1.42.0\config_win -data c:\Users\muhammad naufal s a\AppData\Roaming\Code\User\workspaceStorage\e1b23ad681602467071ef67cb5a271e9\redhat.java\jdt_ws --pipe=\\.\pipe\lsp-abca0be2344ab41bb38c0e9291b591d6-sock
java_class_path (initial): c:\Users\muhammad naufal s a\.vscode\extensions\redhat.java-1.42.0-win32-x64\server\plugins\org.eclipse.equinox.launcher_1.7.0.v20250424-1814.jar
Launcher Type: SUN_STANDARD

[Global flags]
    uintx AdaptiveSizePolicyWeight                 = 90                                        {product} {command line}
     intx CICompilerCount                          = 4                                         {product} {ergonomic}
    uintx GCTimeRatio                              = 4                                         {product} {command line}
     bool HeapDumpOnOutOfMemoryError               = true                                   {manageable} {command line}
    ccstr HeapDumpPath                             = c:\Users\muhammad naufal s a\AppData\Roaming\Code\User\workspaceStorage\e1b23ad681602467071ef67cb5a271e9\redhat.java         {manageable} {command line}
   size_t InitialHeapSize                          = 104857600                                 {product} {command line}
   size_t MaxHeapSize                              = 1073741824                                {product} {command line}
   size_t MaxNewSize                               = 357564416                                 {product} {ergonomic}
   size_t MinHeapDeltaBytes                        = 524288                                    {product} {ergonomic}
   size_t MinHeapSize                              = 104857600                                 {product} {command line}
   size_t NewSize                                  = 34603008                                  {product} {ergonomic}
    uintx NonNMethodCodeHeapSize                   = 5839372                                {pd product} {ergonomic}
    uintx NonProfiledCodeHeapSize                  = 122909434                              {pd product} {ergonomic}
   size_t OldSize                                  = 70254592                                  {product} {ergonomic}
    uintx ProfiledCodeHeapSize                     = 122909434                              {pd product} {ergonomic}
    uintx ReservedCodeCacheSize                    = 251658240                              {pd product} {ergonomic}
     bool SegmentedCodeCache                       = true                                      {product} {ergonomic}
   size_t SoftMaxHeapSize                          = 1073741824                             {manageable} {ergonomic}
     bool UseCompressedOops                        = true                           {product lp64_product} {ergonomic}
     bool UseLargePagesIndividualAllocation        = false                                  {pd product} {ergonomic}
     bool UseParallelGC                            = true                                      {product} {command line}

Logging:
Log output configuration:
 #0: stdout all=off uptime,level,tags foldmultilines=false
 #1: stderr all=off uptime,level,tags foldmultilines=false

Environment Variables:
PATH=C:\Program Files (x86)\VMware\VMware Player\bin\;C:\Program Files\Common Files\Oracle\Java\javapath;C:\Program Files (x86)\Common Files\Oracle\Java\java8path;C:\Program Files (x86)\Common Files\Oracle\Java\javapath;C:\Program Files (x86)\Common Files\Intel\Shared Libraries\redist\intel64\compiler;C:\Windows\system32;C:\Windows;C:\Windows\System32\Wbem;C:\Windows\System32\WindowsPowerShell\v1.0\;C:\Windows\System32\OpenSSH\;C:\Program Files (x86)\NVIDIA Corporation\PhysX\Common;C:\Program Files\dotnet\;C:\Delphi7\Bin;C:\Delphi7\Projects\Bpl;C:\Delphi7\Rave5;C:\xampp\php;C:\ProgramData\ComposerSetup\bin;C:\Program Files\Git\cmd;C:\Program Files (x86)\Windows Kits\10\Windows Performance Toolkit\;C:\WINDOWS\system32;C:\WINDOWS;C:\WINDOWS\System32\Wbem;C:\WINDOWS\System32\WindowsPowerShell\v1.0\;C:\WINDOWS\System32\OpenSSH\;C:\Program Files\NVIDIA Corporation\NVIDIA NvDLISR;D:\Tugas\PWL\chromedriver-win64;C:\Program Files\nodejs\;C:\Users\muhammad naufal s a\AppData\Local\Programs\Python\Python311\Scripts\;C:\Users\muhammad naufal s a\AppData\Local\Programs\Python\Python311\;C:\Program Files\MySQL\MySQL Shell 8.0\bin\;C:\Users\muhammad naufal s a\AppData\Local\Microsoft\WindowsApps;C:\Users\muhammad naufal s a\AppData\Local\Programs\Microsoft VS Code\bin;C:\Users\muhammad naufal s a\AppData\Roaming\Composer\vendor\bin;C:\Users\muhammad naufal s a\.dotnet\tools;;D:\PyCharm 2025.1\bin;;C:\Users\muhammad naufal s a\AppData\Roaming\npm
USERNAME=muhammad naufal s a
OS=Windows_NT
PROCESSOR_IDENTIFIER=Intel64 Family 6 Model 154 Stepping 3, GenuineIntel
TMP=C:\Users\MUHAMM~1\AppData\Local\Temp
TEMP=C:\Users\MUHAMM~1\AppData\Local\Temp




Periodic native trim disabled

---------------  S Y S T E M  ---------------

OS:
 Windows 11 , 64 bit Build 26100 (10.0.26100.4202)
OS uptime: 1 days 5:09 hours

CPU: total 12 (initial active 12) (6 cores per cpu, 2 threads per core) family 6 model 154 stepping 3 microcode 0x419, cx8, cmov, fxsr, ht, mmx, 3dnowpref, sse, sse2, sse3, ssse3, sse4.1, sse4.2, popcnt, lzcnt, tsc, tscinvbit, avx, avx2, aes, erms, clmul, bmi1, bmi2, adx, sha, fma, vzeroupper, clflush, clflushopt, clwb, serialize, rdtscp, rdpid, fsrm, f16c, pku, cet_ibt, cet_ss
Processor Information for processor 0
  Max Mhz: 2000, Current Mhz: 2000, Mhz Limit: 2000
Processor Information for processor 1
  Max Mhz: 2000, Current Mhz: 2000, Mhz Limit: 2000
Processor Information for processor 2
  Max Mhz: 2000, Current Mhz: 2000, Mhz Limit: 2000
Processor Information for processor 3
  Max Mhz: 2000, Current Mhz: 2000, Mhz Limit: 2000
Processor Information for processor 4
  Max Mhz: 2000, Current Mhz: 2000, Mhz Limit: 2000
Processor Information for processor 5
  Max Mhz: 2000, Current Mhz: 2000, Mhz Limit: 2000
Processor Information for processor 6
  Max Mhz: 2000, Current Mhz: 2000, Mhz Limit: 2000
Processor Information for processor 7
  Max Mhz: 2000, Current Mhz: 2000, Mhz Limit: 2000
Processor Information for processor 8
  Max Mhz: 2000, Current Mhz: 1500, Mhz Limit: 1500
Processor Information for processor 9
  Max Mhz: 2000, Current Mhz: 1500, Mhz Limit: 1500
Processor Information for processor 10
  Max Mhz: 2000, Current Mhz: 1500, Mhz Limit: 1500
Processor Information for processor 11
  Max Mhz: 2000, Current Mhz: 1500, Mhz Limit: 1500

Memory: 4k page, system-wide physical 16010M (2320M free)
TotalPageFile size 18060M (AvailPageFile size 25M)
current process WorkingSet (physical memory assigned to process): 221M, peak: 221M
current process commit charge ("private bytes"): 317M, peak: 317M

vm_info: OpenJDK 64-Bit Server VM (21.0.7+6-LTS) for windows-amd64 JRE (21.0.7+6-LTS), built on 2025-04-15T00:00:00Z by "admin" with MS VC++ 17.7 (VS2022)

END.
