#
# There is insufficient memory for the Java Runtime Environment to continue.
# Native memory allocation (malloc) failed to allocate 32744 bytes. Error detail: Chunk::new
# Possible reasons:
#   The system is out of physical RAM or swap space
#   This process is running with CompressedOops enabled, and the Java Heap may be blocking the growth of the native heap
# Possible solutions:
#   Reduce memory load on the system
#   Increase physical memory or swap space
#   Check if swap backing store is full
#   Decrease Java heap size (-Xmx/-Xms)
#   Decrease number of Java threads
#   Decrease Java thread stack sizes (-Xss)
#   Set larger code cache with -XX:ReservedCodeCacheSize=
#   JVM is running with Unscaled Compressed Oops mode in which the Java heap is
#     placed in the first 4GB address space. The Java Heap base address is the
#     maximum limit for the native heap growth. Please use -XX:HeapBaseMinAddress
#     to set the Java Heap base and to place the Java Heap above 4GB virtual address.
# This output file may be truncated or incomplete.
#
#  Out of Memory Error (arena.cpp:168), pid=23056, tid=14520
#
# JRE version: OpenJDK Runtime Environment Temurin-21.0.7+6 (21.0.7+6) (build 21.0.7+6-LTS)
# Java VM: OpenJDK 64-Bit Server VM Temurin-21.0.7+6 (21.0.7+6-LTS, mixed mode, sharing, tiered, compressed oops, compressed class ptrs, parallel gc, windows-amd64)
# No core dump will be written. Minidumps are not enabled by default on client versions of Windows
#

---------------  S U M M A R Y ------------

Command Line: --add-modules=ALL-SYSTEM --add-opens=java.base/java.util=ALL-UNNAMED --add-opens=java.base/java.lang=ALL-UNNAMED --add-opens=java.base/sun.nio.fs=ALL-UNNAMED -Declipse.application=org.eclipse.jdt.ls.core.id1 -Dosgi.bundles.defaultStartLevel=4 -Declipse.product=org.eclipse.jdt.ls.core.product -Djava.import.generatesMetadataFilesAtProjectRoot=false -DDetectVMInstallationsJob.disabled=true -Dfile.encoding=utf8 -XX:+UseParallelGC -XX:GCTimeRatio=4 -XX:AdaptiveSizePolicyWeight=90 -Dsun.zip.disableMemoryMapping=true -Xmx1G -Xms100m -Xlog:disable -javaagent:c:\Users\muhammad naufal s a\.vscode\extensions\redhat.java-1.42.0-win32-x64\lombok\lombok-1.18.36.jar -XX:+HeapDumpOnOutOfMemoryError -XX:HeapDumpPath=c:\Users\muhammad naufal s a\AppData\Roaming\Code\User\workspaceStorage\e1b23ad681602467071ef67cb5a271e9\redhat.java -Daether.dependencyCollector.impl=bf c:\Users\muhammad naufal s a\.vscode\extensions\redhat.java-1.42.0-win32-x64\server\plugins\org.eclipse.equinox.launcher_1.7.0.v20250424-1814.jar -configuration c:\Users\muhammad naufal s a\AppData\Roaming\Code\User\globalStorage\redhat.java\1.42.0\config_win -data c:\Users\muhammad naufal s a\AppData\Roaming\Code\User\workspaceStorage\e1b23ad681602467071ef67cb5a271e9\redhat.java\jdt_ws --pipe=\\.\pipe\lsp-3a583ce309f3db282c687066d2db5c5a-sock

Host: 12th Gen Intel(R) Core(TM) i5-12450H, 12 cores, 15G,  Windows 11 , 64 bit Build 26100 (10.0.26100.4202)
Time: Sat May 31 12:56:32 2025 SE Asia Standard Time elapsed time: 4.272716 seconds (0d 0h 0m 4s)

---------------  T H R E A D  ---------------

Current thread (0x000002acffa3ff60):  JavaThread "C1 CompilerThread0" daemon [_thread_in_native, id=14520, stack(0x000000b114a00000,0x000000b114b00000) (1024K)]


Current CompileTask:
C1:4272 4577       3       java.net.URLStreamHandler::parseURL (1124 bytes)

Stack: [0x000000b114a00000,0x000000b114b00000]
Native frames: (J=compiled Java code, j=interpreted, Vv=VM code, C=native code)
V  [jvm.dll+0x6ce119]
V  [jvm.dll+0x8a84a1]
V  [jvm.dll+0x8aa9ce]
V  [jvm.dll+0x8ab0b3]
V  [jvm.dll+0x27f8a6]
V  [jvm.dll+0xc507d]
V  [jvm.dll+0xc55b3]
V  [jvm.dll+0x165a3f]
V  [jvm.dll+0x1654a6]
V  [jvm.dll+0x15d088]
V  [jvm.dll+0x15f309]
V  [jvm.dll+0x15d82c]
V  [jvm.dll+0x165f83]
V  [jvm.dll+0x1654a6]
V  [jvm.dll+0x15d088]
V  [jvm.dll+0x15f309]
V  [jvm.dll+0x15d82c]
V  [jvm.dll+0x165f83]
V  [jvm.dll+0x1654a6]
V  [jvm.dll+0x15d088]
V  [jvm.dll+0x15f309]
V  [jvm.dll+0x15d925]
V  [jvm.dll+0x157857]
V  [jvm.dll+0x1670a6]
V  [jvm.dll+0x152cb0]
V  [jvm.dll+0x153033]
V  [jvm.dll+0x153304]
V  [jvm.dll+0x152736]
V  [jvm.dll+0x15450d]
V  [jvm.dll+0x25695a]
V  [jvm.dll+0x254efa]
V  [jvm.dll+0x3f03f6]
V  [jvm.dll+0x851f6b]
V  [jvm.dll+0x6cc7dd]
C  [ucrtbase.dll+0x37b0]
C  [KERNEL32.DLL+0x2e8d7]
C  [ntdll.dll+0x3c34c]


---------------  P R O C E S S  ---------------

Threads class SMR info:
_java_thread_list=0x000002acd8bf1d60, length=38, elements={
0x000002acf91e2610, 0x000002acf927f390, 0x000002acf9283680, 0x000002acf9285d20,
0x000002acf9286770, 0x000002acf92871c0, 0x000002acf9287c10, 0x000002acf928aa50,
0x000002acffa3ff60, 0x000002acffb016f0, 0x000002acffc05270, 0x000002acffd9cb50,
0x000002acffdcfcf0, 0x000002acd5747240, 0x000002acd56f9c10, 0x000002acd522d6f0,
0x000002acd5e08e50, 0x000002acd61fb850, 0x000002acd63cb780, 0x000002acd5eff110,
0x000002acd5efe3f0, 0x000002acd5f011e0, 0x000002acd5f004c0, 0x000002acd5f00b50,
0x000002acd79a2300, 0x000002acd5effe30, 0x000002acd5efdd60, 0x000002acd5eff7a0,
0x000002acd5efea80, 0x000002acd60e26b0, 0x000002acd60e4e10, 0x000002acd60e4780,
0x000002acd60e1990, 0x000002acd60e54a0, 0x000002acd60e2d40, 0x000002acd60e33d0,
0x000002acd60e2020, 0x000002acd60e3a60
}

Java Threads: ( => current thread )
  0x000002acf91e2610 JavaThread "main"                              [_thread_blocked, id=16356, stack(0x000000b113f00000,0x000000b114000000) (1024K)]
  0x000002acf927f390 JavaThread "Reference Handler"          daemon [_thread_blocked, id=27580, stack(0x000000b114300000,0x000000b114400000) (1024K)]
  0x000002acf9283680 JavaThread "Finalizer"                  daemon [_thread_blocked, id=7088, stack(0x000000b114400000,0x000000b114500000) (1024K)]
  0x000002acf9285d20 JavaThread "Signal Dispatcher"          daemon [_thread_blocked, id=6384, stack(0x000000b114500000,0x000000b114600000) (1024K)]
  0x000002acf9286770 JavaThread "Attach Listener"            daemon [_thread_blocked, id=16612, stack(0x000000b114600000,0x000000b114700000) (1024K)]
  0x000002acf92871c0 JavaThread "Service Thread"             daemon [_thread_blocked, id=15656, stack(0x000000b114700000,0x000000b114800000) (1024K)]
  0x000002acf9287c10 JavaThread "Monitor Deflation Thread"   daemon [_thread_blocked, id=24532, stack(0x000000b114800000,0x000000b114900000) (1024K)]
  0x000002acf928aa50 JavaThread "C2 CompilerThread0"         daemon [_thread_in_native, id=22188, stack(0x000000b114900000,0x000000b114a00000) (1024K)]
=>0x000002acffa3ff60 JavaThread "C1 CompilerThread0"         daemon [_thread_in_native, id=14520, stack(0x000000b114a00000,0x000000b114b00000) (1024K)]
  0x000002acffb016f0 JavaThread "Common-Cleaner"             daemon [_thread_blocked, id=22068, stack(0x000000b114b00000,0x000000b114c00000) (1024K)]
  0x000002acffc05270 JavaThread "C2 CompilerThread1"         daemon [_thread_in_native, id=9648, stack(0x000000b114c00000,0x000000b114d00000) (1024K)]
  0x000002acffd9cb50 JavaThread "Notification Thread"        daemon [_thread_blocked, id=19828, stack(0x000000b114d00000,0x000000b114e00000) (1024K)]
  0x000002acffdcfcf0 JavaThread "Active Thread: Equinox Container: bf313e8d-4beb-4a07-b0e2-cdd97dac0b71"        [_thread_blocked, id=11188, stack(0x000000b115500000,0x000000b115600000) (1024K)]
  0x000002acd5747240 JavaThread "Refresh Thread: Equinox Container: bf313e8d-4beb-4a07-b0e2-cdd97dac0b71" daemon [_thread_blocked, id=19020, stack(0x000000b115700000,0x000000b115800000) (1024K)]
  0x000002acd56f9c10 JavaThread "Framework Event Dispatcher: Equinox Container: bf313e8d-4beb-4a07-b0e2-cdd97dac0b71" daemon [_thread_blocked, id=5320, stack(0x000000b115800000,0x000000b115900000) (1024K)]
  0x000002acd522d6f0 JavaThread "Start Level: Equinox Container: bf313e8d-4beb-4a07-b0e2-cdd97dac0b71" daemon [_thread_blocked, id=8820, stack(0x000000b115900000,0x000000b115a00000) (1024K)]
  0x000002acd5e08e50 JavaThread "Bundle File Closer"         daemon [_thread_blocked, id=11384, stack(0x000000b115c00000,0x000000b115d00000) (1024K)]
  0x000002acd61fb850 JavaThread "SCR Component Actor"        daemon [_thread_blocked, id=19332, stack(0x000000b115d00000,0x000000b115e00000) (1024K)]
  0x000002acd63cb780 JavaThread "SCR Component Registry"     daemon [_thread_blocked, id=20800, stack(0x000000b115e00000,0x000000b115f00000) (1024K)]
  0x000002acd5eff110 JavaThread "Worker-JM"                         [_thread_blocked, id=23136, stack(0x000000b115f00000,0x000000b116000000) (1024K)]
  0x000002acd5efe3f0 JavaThread "JNA Cleaner"                daemon [_thread_blocked, id=24960, stack(0x000000b115400000,0x000000b115500000) (1024K)]
  0x000002acd5f011e0 JavaThread "Worker-0: Loading available Gradle versions"        [_thread_in_Java, id=15484, stack(0x000000b116000000,0x000000b116100000) (1024K)]
  0x000002acd5f004c0 JavaThread "Worker-1: Initialize After Load"        [_thread_in_Java, id=10124, stack(0x000000b116100000,0x000000b116200000) (1024K)]
  0x000002acd5f00b50 JavaThread "Java indexing"              daemon [_thread_blocked, id=19068, stack(0x000000b116200000,0x000000b116300000) (1024K)]
  0x000002acd79a2300 JavaThread "C2 CompilerThread2"         daemon [_thread_in_native, id=18356, stack(0x000000b116300000,0x000000b116400000) (1024K)]
  0x000002acd5effe30 JavaThread "Worker-2"                          [_thread_blocked, id=2152, stack(0x000000b116600000,0x000000b116700000) (1024K)]
  0x000002acd5efdd60 JavaThread "Worker-3"                          [_thread_blocked, id=15952, stack(0x000000b116700000,0x000000b116800000) (1024K)]
  0x000002acd5eff7a0 JavaThread "Thread-2"                   daemon [_thread_in_native, id=10296, stack(0x000000b116800000,0x000000b116900000) (1024K)]
  0x000002acd5efea80 JavaThread "Thread-3"                   daemon [_thread_in_native, id=18100, stack(0x000000b116900000,0x000000b116a00000) (1024K)]
  0x000002acd60e26b0 JavaThread "Thread-4"                   daemon [_thread_in_native, id=23616, stack(0x000000b116a00000,0x000000b116b00000) (1024K)]
  0x000002acd60e4e10 JavaThread "Thread-5"                   daemon [_thread_in_native, id=23164, stack(0x000000b116b00000,0x000000b116c00000) (1024K)]
  0x000002acd60e4780 JavaThread "Thread-6"                   daemon [_thread_in_native, id=10012, stack(0x000000b116c00000,0x000000b116d00000) (1024K)]
  0x000002acd60e1990 JavaThread "Thread-7"                   daemon [_thread_in_native, id=17620, stack(0x000000b116d00000,0x000000b116e00000) (1024K)]
  0x000002acd60e54a0 JavaThread "Thread-8"                   daemon [_thread_in_native, id=12952, stack(0x000000b116e00000,0x000000b116f00000) (1024K)]
  0x000002acd60e2d40 JavaThread "Thread-9"                   daemon [_thread_in_native, id=23528, stack(0x000000b116f00000,0x000000b117000000) (1024K)]
  0x000002acd60e33d0 JavaThread "Thread-10"                  daemon [_thread_in_native, id=16420, stack(0x000000b117000000,0x000000b117100000) (1024K)]
  0x000002acd60e2020 JavaThread "Thread-11"                  daemon [_thread_in_native, id=16100, stack(0x000000b117100000,0x000000b117200000) (1024K)]
  0x000002acd60e3a60 JavaThread "Framework stop - Equinox Container: bf313e8d-4beb-4a07-b0e2-cdd97dac0b71"        [_thread_in_vm, id=26580, stack(0x000000b117200000,0x000000b117300000) (1024K)]
Total: 38

Other Threads:
  0x000002acf927eb30 VMThread "VM Thread"                           [id=13564, stack(0x000000b114200000,0x000000b114300000) (1024K)]
  0x000002acfe4aca00 WatcherThread "VM Periodic Task Thread"        [id=6184, stack(0x000000b114100000,0x000000b114200000) (1024K)]
  0x000002acf9200dd0 WorkerThread "GC Thread#0"                     [id=2840, stack(0x000000b114000000,0x000000b114100000) (1024K)]
  0x000002acd50e3730 WorkerThread "GC Thread#1"                     [id=19976, stack(0x000000b114e00000,0x000000b114f00000) (1024K)]
  0x000002acd53236f0 WorkerThread "GC Thread#2"                     [id=25856, stack(0x000000b114f00000,0x000000b115000000) (1024K)]
  0x000002acd50e3ad0 WorkerThread "GC Thread#3"                     [id=12004, stack(0x000000b115000000,0x000000b115100000) (1024K)]
  0x000002acd50e3e70 WorkerThread "GC Thread#4"                     [id=23564, stack(0x000000b115100000,0x000000b115200000) (1024K)]
  0x000002acd50e4210 WorkerThread "GC Thread#5"                     [id=26588, stack(0x000000b115200000,0x000000b115300000) (1024K)]
  0x000002acd50e45b0 WorkerThread "GC Thread#6"                     [id=24028, stack(0x000000b115300000,0x000000b115400000) (1024K)]
  0x000002acd578a530 WorkerThread "GC Thread#7"                     [id=12728, stack(0x000000b115600000,0x000000b115700000) (1024K)]
  0x000002acd5f14240 WorkerThread "GC Thread#8"                     [id=25848, stack(0x000000b115a00000,0x000000b115b00000) (1024K)]
  0x000002acd5dd6de0 WorkerThread "GC Thread#9"                     [id=20712, stack(0x000000b115b00000,0x000000b115c00000) (1024K)]
Total: 12

Threads with active compile tasks:
C2 CompilerThread0  4302 4587       4       java.util.Properties$LineReader::readLine (584 bytes)
C1 CompilerThread0  4302 4577       3       java.net.URLStreamHandler::parseURL (1124 bytes)
C2 CompilerThread1  4302 4161       4       org.lombokweb.asm.ClassReader::readMethod (1070 bytes)
C2 CompilerThread2  4302 4507       4       org.eclipse.osgi.internal.loader.BundleLoader::addExportedProvidersFor (167 bytes)
Total: 4

VM state: not at safepoint (normal execution)

VM Mutex/Monitor currently owned by a thread: None

OutOfMemory and StackOverflow Exception counts:
OutOfMemoryError java_heap_errors=2
LinkageErrors=89

Heap address: 0x00000000c0000000, size: 1024 MB, Compressed Oops mode: 32-bit

CDS archive(s) mapped at: [0x000002ac8f000000-0x000002ac8fba0000-0x000002ac8fba0000), size 12189696, SharedBaseAddress: 0x000002ac8f000000, ArchiveRelocationMode: 1.
Compressed class space mapped at: 0x000002ac90000000-0x000002acd0000000, reserved size: 1073741824
Narrow klass base: 0x000002ac8f000000, Narrow klass shift: 0, Narrow klass range: 0x100000000

GC Precious Log:
 CardTable entry size: 512
 CPUs: 12 total, 12 available
 Memory: 16010M
 Large Page Support: Disabled
 NUMA Support: Disabled
 Compressed Oops: Enabled (32-bit)
 Alignments: Space 512K, Generation 512K, Heap 2M
 Heap Min Capacity: 100M
 Heap Initial Capacity: 100M
 Heap Max Capacity: 1G
 Pre-touch: Disabled
 Parallel Workers: 10

Heap:
 PSYoungGen      total 24576K, used 8125K [0x00000000eab00000, 0x00000000ec700000, 0x0000000100000000)
  eden space 22528K, 27% used [0x00000000eab00000,0x00000000eb11c5e8,0x00000000ec100000)
  from space 2048K, 91% used [0x00000000ec480000,0x00000000ec652e88,0x00000000ec680000)
  to   space 512K, 0% used [0x00000000ec680000,0x00000000ec680000,0x00000000ec700000)
 ParOldGen       total 68608K, used 16087K [0x00000000c0000000, 0x00000000c4300000, 0x00000000eab00000)
  object space 68608K, 23% used [0x00000000c0000000,0x00000000c0fb5d80,0x00000000c4300000)
 Metaspace       used 32381K, committed 33408K, reserved 1114112K
  class space    used 3178K, committed 3648K, reserved 1048576K

Card table byte_map: [0x000002acf8b80000,0x000002acf8d90000] _byte_map_base: 0x000002acf8580000

Marking Bits: (ParMarkBitMap*) 0x00007ff9e1c531f0
 Begin Bits: [0x000002acfc3d0000, 0x000002acfd3d0000)
 End Bits:   [0x000002acfd3d0000, 0x000002acfe3d0000)

Polling page: 0x000002acf87e0000

Metaspace:

Usage:
  Non-class:     28.52 MB used.
      Class:      3.10 MB used.
       Both:     31.62 MB used.

Virtual space:
  Non-class space:       64.00 MB reserved,      29.06 MB ( 45%) committed,  1 nodes.
      Class space:        1.00 GB reserved,       3.56 MB ( <1%) committed,  1 nodes.
             Both:        1.06 GB reserved,      32.62 MB (  3%) committed. 

Chunk freelists:
   Non-Class:  2.12 MB
       Class:  12.38 MB
        Both:  14.50 MB

MaxMetaspaceSize: unlimited
CompressedClassSpaceSize: 1.00 GB
Initial GC threshold: 21.00 MB
Current GC threshold: 35.00 MB
CDS: on
 - commit_granule_bytes: 65536.
 - commit_granule_words: 8192.
 - virtual_space_node_default_size: 8388608.
 - enlarge_chunks_in_place: 1.
 - use_allocation_guard: 0.


Internal statistics:

num_allocs_failed_limit: 3.
num_arena_births: 868.
num_arena_deaths: 14.
num_vsnodes_births: 2.
num_vsnodes_deaths: 0.
num_space_committed: 522.
num_space_uncommitted: 0.
num_chunks_returned_to_freelist: 17.
num_chunks_taken_from_freelist: 2170.
num_chunk_merges: 9.
num_chunk_splits: 1393.
num_chunks_enlarged: 857.
num_inconsistent_stats: 0.

CodeHeap 'non-profiled nmethods': size=120000Kb used=2157Kb max_used=2157Kb free=117843Kb
 bounds [0x000002ac87ad0000, 0x000002ac87d40000, 0x000002ac8f000000]
CodeHeap 'profiled nmethods': size=120000Kb used=9561Kb max_used=9561Kb free=110438Kb
 bounds [0x000002ac80000000, 0x000002ac80960000, 0x000002ac87530000]
CodeHeap 'non-nmethods': size=5760Kb used=1355Kb max_used=1381Kb free=4404Kb
 bounds [0x000002ac87530000, 0x000002ac877a0000, 0x000002ac87ad0000]
 total_blobs=5217 nmethods=4566 adapters=557
 compilation: enabled
              stopped_count=0, restarted_count=0
 full_count=0

Compilation events (20 events):
Event: 4.251 Thread 0x000002acffa3ff60 nmethod 4569 0x000002ac8094ed90 code [0x000002ac8094f120, 0x000002ac80950658]
Event: 4.251 Thread 0x000002acffa3ff60 4566       3       java.security.Provider::implRemoveService (149 bytes)
Event: 4.252 Thread 0x000002acffa3ff60 nmethod 4566 0x000002ac80950e10 code [0x000002ac809510c0, 0x000002ac80951d40]
Event: 4.252 Thread 0x000002acffa3ff60 4565       3       java.security.Provider::getEngineName (49 bytes)
Event: 4.252 Thread 0x000002acffa3ff60 nmethod 4565 0x000002ac80952110 code [0x000002ac80952340, 0x000002ac80952b80]
Event: 4.252 Thread 0x000002acffa3ff60 4570       3       java.security.Provider::check (18 bytes)
Event: 4.253 Thread 0x000002acffa3ff60 nmethod 4570 0x000002ac80952e10 code [0x000002ac80952fe0, 0x000002ac80953340]
Event: 4.253 Thread 0x000002acffa3ff60 4568       3       java.util.Collections$EmptyMap::entrySet (4 bytes)
Event: 4.253 Thread 0x000002acffa3ff60 nmethod 4568 0x000002ac80953490 code [0x000002ac80953640, 0x000002ac809537b0]
Event: 4.261 Thread 0x000002acffa3ff60 4571       3       java.io.BufferedReader::ensureOpen (18 bytes)
Event: 4.262 Thread 0x000002acffa3ff60 nmethod 4571 0x000002ac80953890 code [0x000002ac80953a40, 0x000002ac80953c48]
Event: 4.264 Thread 0x000002acffa3ff60 4572       3       org.eclipse.core.internal.registry.ConfigurationElement::getAttribute (6 bytes)
Event: 4.264 Thread 0x000002acffa3ff60 nmethod 4572 0x000002ac80953d10 code [0x000002ac80953ec0, 0x000002ac80954018]
Event: 4.265 Thread 0x000002acffa3ff60 4573       3       java.io.StreamTokenizer::read (38 bytes)
Event: 4.265 Thread 0x000002acffa3ff60 nmethod 4573 0x000002ac80954110 code [0x000002ac80954300, 0x000002ac80954700]
Event: 4.265 Thread 0x000002acffa3ff60 4574   !   3       java.io.BufferedReader::read (59 bytes)
Event: 4.266 Thread 0x000002acffa3ff60 nmethod 4574 0x000002ac80954890 code [0x000002ac80954b20, 0x000002ac80955930]
Event: 4.266 Thread 0x000002acffa3ff60 4575       3       java.io.BufferedReader::implRead (88 bytes)
Event: 4.266 Thread 0x000002acffa3ff60 nmethod 4575 0x000002ac80955e10 code [0x000002ac80956000, 0x000002ac80956478]
Event: 4.266 Thread 0x000002acffa3ff60 4577       3       java.net.URLStreamHandler::parseURL (1124 bytes)

GC Heap History (20 events):
Event: 2.120 GC heap before
{Heap before GC invocations=3 (full 0):
 PSYoungGen      total 29696K, used 29686K [0x00000000eab00000, 0x00000000ecc00000, 0x0000000100000000)
  eden space 25600K, 100% used [0x00000000eab00000,0x00000000ec400000,0x00000000ec400000)
  from space 4096K, 99% used [0x00000000ec800000,0x00000000ecbfd860,0x00000000ecc00000)
  to   space 4096K, 0% used [0x00000000ec400000,0x00000000ec400000,0x00000000ec800000)
 ParOldGen       total 68608K, used 1700K [0x00000000c0000000, 0x00000000c4300000, 0x00000000eab00000)
  object space 68608K, 2% used [0x00000000c0000000,0x00000000c01a90b0,0x00000000c4300000)
 Metaspace       used 9343K, committed 9728K, reserved 1114112K
  class space    used 966K, committed 1152K, reserved 1048576K
}
Event: 2.125 GC heap after
{Heap after GC invocations=3 (full 0):
 PSYoungGen      total 29696K, used 4093K [0x00000000eab00000, 0x00000000ecc00000, 0x0000000100000000)
  eden space 25600K, 0% used [0x00000000eab00000,0x00000000eab00000,0x00000000ec400000)
  from space 4096K, 99% used [0x00000000ec400000,0x00000000ec7ff5d8,0x00000000ec800000)
  to   space 4096K, 0% used [0x00000000ec800000,0x00000000ec800000,0x00000000ecc00000)
 ParOldGen       total 68608K, used 5070K [0x00000000c0000000, 0x00000000c4300000, 0x00000000eab00000)
  object space 68608K, 7% used [0x00000000c0000000,0x00000000c04f3828,0x00000000c4300000)
 Metaspace       used 9343K, committed 9728K, reserved 1114112K
  class space    used 966K, committed 1152K, reserved 1048576K
}
Event: 2.379 GC heap before
{Heap before GC invocations=4 (full 0):
 PSYoungGen      total 29696K, used 29693K [0x00000000eab00000, 0x00000000ecc00000, 0x0000000100000000)
  eden space 25600K, 100% used [0x00000000eab00000,0x00000000ec400000,0x00000000ec400000)
  from space 4096K, 99% used [0x00000000ec400000,0x00000000ec7ff5d8,0x00000000ec800000)
  to   space 4096K, 0% used [0x00000000ec800000,0x00000000ec800000,0x00000000ecc00000)
 ParOldGen       total 68608K, used 5070K [0x00000000c0000000, 0x00000000c4300000, 0x00000000eab00000)
  object space 68608K, 7% used [0x00000000c0000000,0x00000000c04f3828,0x00000000c4300000)
 Metaspace       used 12086K, committed 12544K, reserved 1114112K
  class space    used 1250K, committed 1472K, reserved 1048576K
}
Event: 2.383 GC heap after
{Heap after GC invocations=4 (full 0):
 PSYoungGen      total 29696K, used 4075K [0x00000000eab00000, 0x00000000ecc00000, 0x0000000100000000)
  eden space 25600K, 0% used [0x00000000eab00000,0x00000000eab00000,0x00000000ec400000)
  from space 4096K, 99% used [0x00000000ec800000,0x00000000ecbfaff0,0x00000000ecc00000)
  to   space 4096K, 0% used [0x00000000ec400000,0x00000000ec400000,0x00000000ec800000)
 ParOldGen       total 68608K, used 6756K [0x00000000c0000000, 0x00000000c4300000, 0x00000000eab00000)
  object space 68608K, 9% used [0x00000000c0000000,0x00000000c0699308,0x00000000c4300000)
 Metaspace       used 12086K, committed 12544K, reserved 1114112K
  class space    used 1250K, committed 1472K, reserved 1048576K
}
Event: 2.744 GC heap before
{Heap before GC invocations=5 (full 0):
 PSYoungGen      total 29696K, used 29675K [0x00000000eab00000, 0x00000000ecc00000, 0x0000000100000000)
  eden space 25600K, 100% used [0x00000000eab00000,0x00000000ec400000,0x00000000ec400000)
  from space 4096K, 99% used [0x00000000ec800000,0x00000000ecbfaff0,0x00000000ecc00000)
  to   space 4096K, 0% used [0x00000000ec400000,0x00000000ec400000,0x00000000ec800000)
 ParOldGen       total 68608K, used 6756K [0x00000000c0000000, 0x00000000c4300000, 0x00000000eab00000)
  object space 68608K, 9% used [0x00000000c0000000,0x00000000c0699308,0x00000000c4300000)
 Metaspace       used 15400K, committed 16000K, reserved 1114112K
  class space    used 1537K, committed 1792K, reserved 1048576K
}
Event: 2.747 GC heap after
{Heap after GC invocations=5 (full 0):
 PSYoungGen      total 29184K, used 4078K [0x00000000eab00000, 0x00000000ece80000, 0x0000000100000000)
  eden space 25088K, 0% used [0x00000000eab00000,0x00000000eab00000,0x00000000ec380000)
  from space 4096K, 99% used [0x00000000ec400000,0x00000000ec7fbbd0,0x00000000ec800000)
  to   space 5632K, 0% used [0x00000000ec900000,0x00000000ec900000,0x00000000ece80000)
 ParOldGen       total 68608K, used 7860K [0x00000000c0000000, 0x00000000c4300000, 0x00000000eab00000)
  object space 68608K, 11% used [0x00000000c0000000,0x00000000c07ad258,0x00000000c4300000)
 Metaspace       used 15400K, committed 16000K, reserved 1114112K
  class space    used 1537K, committed 1792K, reserved 1048576K
}
Event: 3.182 GC heap before
{Heap before GC invocations=6 (full 0):
 PSYoungGen      total 29184K, used 29136K [0x00000000eab00000, 0x00000000ece80000, 0x0000000100000000)
  eden space 25088K, 99% used [0x00000000eab00000,0x00000000ec378818,0x00000000ec380000)
  from space 4096K, 99% used [0x00000000ec400000,0x00000000ec7fbbd0,0x00000000ec800000)
  to   space 5632K, 0% used [0x00000000ec900000,0x00000000ec900000,0x00000000ece80000)
 ParOldGen       total 68608K, used 7860K [0x00000000c0000000, 0x00000000c4300000, 0x00000000eab00000)
  object space 68608K, 11% used [0x00000000c0000000,0x00000000c07ad258,0x00000000c4300000)
 Metaspace       used 18471K, committed 19328K, reserved 1114112K
  class space    used 1882K, committed 2240K, reserved 1048576K
}
Event: 3.185 GC heap after
{Heap after GC invocations=6 (full 0):
 PSYoungGen      total 29696K, used 5056K [0x00000000eab00000, 0x00000000ece00000, 0x0000000100000000)
  eden space 24576K, 0% used [0x00000000eab00000,0x00000000eab00000,0x00000000ec300000)
  from space 5120K, 98% used [0x00000000ec900000,0x00000000ecdf0198,0x00000000ece00000)
  to   space 5632K, 0% used [0x00000000ec300000,0x00000000ec300000,0x00000000ec880000)
 ParOldGen       total 68608K, used 7868K [0x00000000c0000000, 0x00000000c4300000, 0x00000000eab00000)
  object space 68608K, 11% used [0x00000000c0000000,0x00000000c07af258,0x00000000c4300000)
 Metaspace       used 18471K, committed 19328K, reserved 1114112K
  class space    used 1882K, committed 2240K, reserved 1048576K
}
Event: 3.334 GC heap before
{Heap before GC invocations=7 (full 0):
 PSYoungGen      total 29696K, used 25584K [0x00000000eab00000, 0x00000000ece00000, 0x0000000100000000)
  eden space 24576K, 83% used [0x00000000eab00000,0x00000000ebf0c000,0x00000000ec300000)
  from space 5120K, 98% used [0x00000000ec900000,0x00000000ecdf0198,0x00000000ece00000)
  to   space 5632K, 0% used [0x00000000ec300000,0x00000000ec300000,0x00000000ec880000)
 ParOldGen       total 68608K, used 7868K [0x00000000c0000000, 0x00000000c4300000, 0x00000000eab00000)
  object space 68608K, 11% used [0x00000000c0000000,0x00000000c07af258,0x00000000c4300000)
 Metaspace       used 20582K, committed 21504K, reserved 1114112K
  class space    used 2134K, committed 2560K, reserved 1048576K
}
Event: 3.338 GC heap after
{Heap after GC invocations=7 (full 0):
 PSYoungGen      total 29184K, used 4364K [0x00000000eab00000, 0x00000000ecd00000, 0x0000000100000000)
  eden space 24576K, 0% used [0x00000000eab00000,0x00000000eab00000,0x00000000ec300000)
  from space 4608K, 94% used [0x00000000ec300000,0x00000000ec7431e8,0x00000000ec780000)
  to   space 5120K, 0% used [0x00000000ec800000,0x00000000ec800000,0x00000000ecd00000)
 ParOldGen       total 68608K, used 9233K [0x00000000c0000000, 0x00000000c4300000, 0x00000000eab00000)
  object space 68608K, 13% used [0x00000000c0000000,0x00000000c0904708,0x00000000c4300000)
 Metaspace       used 20582K, committed 21504K, reserved 1114112K
  class space    used 2134K, committed 2560K, reserved 1048576K
}
Event: 3.338 GC heap before
{Heap before GC invocations=8 (full 1):
 PSYoungGen      total 29184K, used 4364K [0x00000000eab00000, 0x00000000ecd00000, 0x0000000100000000)
  eden space 24576K, 0% used [0x00000000eab00000,0x00000000eab00000,0x00000000ec300000)
  from space 4608K, 94% used [0x00000000ec300000,0x00000000ec7431e8,0x00000000ec780000)
  to   space 5120K, 0% used [0x00000000ec800000,0x00000000ec800000,0x00000000ecd00000)
 ParOldGen       total 68608K, used 9233K [0x00000000c0000000, 0x00000000c4300000, 0x00000000eab00000)
  object space 68608K, 13% used [0x00000000c0000000,0x00000000c0904708,0x00000000c4300000)
 Metaspace       used 20582K, committed 21504K, reserved 1114112K
  class space    used 2134K, committed 2560K, reserved 1048576K
}
Event: 3.363 GC heap after
{Heap after GC invocations=8 (full 1):
 PSYoungGen      total 29184K, used 0K [0x00000000eab00000, 0x00000000ecd00000, 0x0000000100000000)
  eden space 24576K, 0% used [0x00000000eab00000,0x00000000eab00000,0x00000000ec300000)
  from space 4608K, 0% used [0x00000000ec300000,0x00000000ec300000,0x00000000ec780000)
  to   space 5120K, 0% used [0x00000000ec800000,0x00000000ec800000,0x00000000ecd00000)
 ParOldGen       total 68608K, used 12756K [0x00000000c0000000, 0x00000000c4300000, 0x00000000eab00000)
  object space 68608K, 18% used [0x00000000c0000000,0x00000000c0c75200,0x00000000c4300000)
 Metaspace       used 20569K, committed 21504K, reserved 1114112K
  class space    used 2131K, committed 2560K, reserved 1048576K
}
Event: 3.483 GC heap before
{Heap before GC invocations=9 (full 1):
 PSYoungGen      total 29184K, used 24576K [0x00000000eab00000, 0x00000000ecd00000, 0x0000000100000000)
  eden space 24576K, 100% used [0x00000000eab00000,0x00000000ec300000,0x00000000ec300000)
  from space 4608K, 0% used [0x00000000ec300000,0x00000000ec300000,0x00000000ec780000)
  to   space 5120K, 0% used [0x00000000ec800000,0x00000000ec800000,0x00000000ecd00000)
 ParOldGen       total 68608K, used 12756K [0x00000000c0000000, 0x00000000c4300000, 0x00000000eab00000)
  object space 68608K, 18% used [0x00000000c0000000,0x00000000c0c75200,0x00000000c4300000)
 Metaspace       used 22710K, committed 23680K, reserved 1114112K
  class space    used 2303K, committed 2752K, reserved 1048576K
}
Event: 3.484 GC heap after
{Heap after GC invocations=9 (full 1):
 PSYoungGen      total 26112K, used 1744K [0x00000000eab00000, 0x00000000eca00000, 0x0000000100000000)
  eden space 24064K, 0% used [0x00000000eab00000,0x00000000eab00000,0x00000000ec280000)
  from space 2048K, 85% used [0x00000000ec800000,0x00000000ec9b40a8,0x00000000eca00000)
  to   space 3072K, 0% used [0x00000000ec400000,0x00000000ec400000,0x00000000ec700000)
 ParOldGen       total 68608K, used 12764K [0x00000000c0000000, 0x00000000c4300000, 0x00000000eab00000)
  object space 68608K, 18% used [0x00000000c0000000,0x00000000c0c77200,0x00000000c4300000)
 Metaspace       used 22710K, committed 23680K, reserved 1114112K
  class space    used 2303K, committed 2752K, reserved 1048576K
}
Event: 3.640 GC heap before
{Heap before GC invocations=10 (full 1):
 PSYoungGen      total 26112K, used 25798K [0x00000000eab00000, 0x00000000eca00000, 0x0000000100000000)
  eden space 24064K, 99% used [0x00000000eab00000,0x00000000ec27dac8,0x00000000ec280000)
  from space 2048K, 85% used [0x00000000ec800000,0x00000000ec9b40a8,0x00000000eca00000)
  to   space 3072K, 0% used [0x00000000ec400000,0x00000000ec400000,0x00000000ec700000)
 ParOldGen       total 68608K, used 12764K [0x00000000c0000000, 0x00000000c4300000, 0x00000000eab00000)
  object space 68608K, 18% used [0x00000000c0000000,0x00000000c0c77200,0x00000000c4300000)
 Metaspace       used 26358K, committed 27392K, reserved 1114112K
  class space    used 2568K, committed 3008K, reserved 1048576K
}
Event: 3.641 GC heap after
{Heap after GC invocations=10 (full 1):
 PSYoungGen      total 25600K, used 1874K [0x00000000eab00000, 0x00000000ec880000, 0x0000000100000000)
  eden space 23552K, 0% used [0x00000000eab00000,0x00000000eab00000,0x00000000ec200000)
  from space 2048K, 91% used [0x00000000ec400000,0x00000000ec5d4880,0x00000000ec600000)
  to   space 2048K, 0% used [0x00000000ec680000,0x00000000ec680000,0x00000000ec880000)
 ParOldGen       total 68608K, used 12764K [0x00000000c0000000, 0x00000000c4300000, 0x00000000eab00000)
  object space 68608K, 18% used [0x00000000c0000000,0x00000000c0c77200,0x00000000c4300000)
 Metaspace       used 26358K, committed 27392K, reserved 1114112K
  class space    used 2568K, committed 3008K, reserved 1048576K
}
Event: 3.880 GC heap before
{Heap before GC invocations=11 (full 1):
 PSYoungGen      total 25600K, used 25426K [0x00000000eab00000, 0x00000000ec880000, 0x0000000100000000)
  eden space 23552K, 100% used [0x00000000eab00000,0x00000000ec200000,0x00000000ec200000)
  from space 2048K, 91% used [0x00000000ec400000,0x00000000ec5d4880,0x00000000ec600000)
  to   space 2048K, 0% used [0x00000000ec680000,0x00000000ec680000,0x00000000ec880000)
 ParOldGen       total 68608K, used 12764K [0x00000000c0000000, 0x00000000c4300000, 0x00000000eab00000)
  object space 68608K, 18% used [0x00000000c0000000,0x00000000c0c77200,0x00000000c4300000)
 Metaspace       used 27989K, committed 28992K, reserved 1114112K
  class space    used 2690K, committed 3136K, reserved 1048576K
}
Event: 3.882 GC heap after
{Heap after GC invocations=11 (full 1):
 PSYoungGen      total 25088K, used 1996K [0x00000000eab00000, 0x00000000ec880000, 0x0000000100000000)
  eden space 23040K, 0% used [0x00000000eab00000,0x00000000eab00000,0x00000000ec180000)
  from space 2048K, 97% used [0x00000000ec680000,0x00000000ec8733f8,0x00000000ec880000)
  to   space 2048K, 0% used [0x00000000ec480000,0x00000000ec480000,0x00000000ec680000)
 ParOldGen       total 68608K, used 14253K [0x00000000c0000000, 0x00000000c4300000, 0x00000000eab00000)
  object space 68608K, 20% used [0x00000000c0000000,0x00000000c0deb438,0x00000000c4300000)
 Metaspace       used 27989K, committed 28992K, reserved 1114112K
  class space    used 2690K, committed 3136K, reserved 1048576K
}
Event: 4.214 GC heap before
{Heap before GC invocations=12 (full 1):
 PSYoungGen      total 25088K, used 25036K [0x00000000eab00000, 0x00000000ec880000, 0x0000000100000000)
  eden space 23040K, 99% used [0x00000000eab00000,0x00000000ec17fff8,0x00000000ec180000)
  from space 2048K, 97% used [0x00000000ec680000,0x00000000ec8733f8,0x00000000ec880000)
  to   space 2048K, 0% used [0x00000000ec480000,0x00000000ec480000,0x00000000ec680000)
 ParOldGen       total 68608K, used 14253K [0x00000000c0000000, 0x00000000c4300000, 0x00000000eab00000)
  object space 68608K, 20% used [0x00000000c0000000,0x00000000c0deb438,0x00000000c4300000)
 Metaspace       used 31435K, committed 32512K, reserved 1114112K
  class space    used 3075K, committed 3584K, reserved 1048576K
}
Event: 4.219 GC heap after
{Heap after GC invocations=12 (full 1):
 PSYoungGen      total 24576K, used 1867K [0x00000000eab00000, 0x00000000ec700000, 0x0000000100000000)
  eden space 22528K, 0% used [0x00000000eab00000,0x00000000eab00000,0x00000000ec100000)
  from space 2048K, 91% used [0x00000000ec480000,0x00000000ec652e88,0x00000000ec680000)
  to   space 512K, 0% used [0x00000000ec680000,0x00000000ec680000,0x00000000ec700000)
 ParOldGen       total 68608K, used 16087K [0x00000000c0000000, 0x00000000c4300000, 0x00000000eab00000)
  object space 68608K, 23% used [0x00000000c0000000,0x00000000c0fb5d80,0x00000000c4300000)
 Metaspace       used 31435K, committed 32512K, reserved 1114112K
  class space    used 3075K, committed 3584K, reserved 1048576K
}

Dll operation events (11 events):
Event: 0.023 Loaded shared library c:\Users\muhammad naufal s a\.vscode\extensions\redhat.java-1.42.0-win32-x64\jre\21.0.7-win32-x86_64\bin\java.dll
Event: 0.225 Loaded shared library c:\Users\muhammad naufal s a\.vscode\extensions\redhat.java-1.42.0-win32-x64\jre\21.0.7-win32-x86_64\bin\zip.dll
Event: 0.269 Loaded shared library C:\Users\muhammad naufal s a\.vscode\extensions\redhat.java-1.42.0-win32-x64\jre\21.0.7-win32-x86_64\bin\instrument.dll
Event: 0.276 Loaded shared library C:\Users\muhammad naufal s a\.vscode\extensions\redhat.java-1.42.0-win32-x64\jre\21.0.7-win32-x86_64\bin\net.dll
Event: 0.280 Loaded shared library C:\Users\muhammad naufal s a\.vscode\extensions\redhat.java-1.42.0-win32-x64\jre\21.0.7-win32-x86_64\bin\nio.dll
Event: 0.286 Loaded shared library C:\Users\muhammad naufal s a\.vscode\extensions\redhat.java-1.42.0-win32-x64\jre\21.0.7-win32-x86_64\bin\zip.dll
Event: 0.320 Loaded shared library C:\Users\muhammad naufal s a\.vscode\extensions\redhat.java-1.42.0-win32-x64\jre\21.0.7-win32-x86_64\bin\jimage.dll
Event: 0.439 Loaded shared library c:\Users\muhammad naufal s a\.vscode\extensions\redhat.java-1.42.0-win32-x64\jre\21.0.7-win32-x86_64\bin\verify.dll
Event: 1.920 Loaded shared library C:\Users\muhammad naufal s a\AppData\Roaming\Code\User\globalStorage\redhat.java\1.42.0\config_win\org.eclipse.equinox.launcher\org.eclipse.equinox.launcher.win32.win32.x86_64_1.2.1300.v20250331-1702\eclipse_11911.dll
Event: 2.965 Loaded shared library C:\Users\muhammad naufal s a\AppData\Local\Temp\jna-1873067711\jna11977236090857250125.dll
Event: 4.180 Loaded shared library C:\Users\muhammad naufal s a\.vscode\extensions\redhat.java-1.42.0-win32-x64\jre\21.0.7-win32-x86_64\bin\sunmscapi.dll

Deoptimization events (20 events):
Event: 4.182 Thread 0x000002acf91e2610 Uncommon trap: trap_request=0xffffff45 fr.pc=0x000002ac87cca60c relative=0x0000000000001acc
Event: 4.182 Thread 0x000002acf91e2610 Uncommon trap: reason=unstable_if action=reinterpret pc=0x000002ac87cca60c method=java.util.Properties.loadConvert([CIILjava/lang/StringBuilder;)Ljava/lang/String; @ 477 c2
Event: 4.182 Thread 0x000002acf91e2610 DEOPT PACKING pc=0x000002ac87cca60c sp=0x000000b113ff9b10
Event: 4.182 Thread 0x000002acf91e2610 DEOPT UNPACKING pc=0x000002ac87583aa2 sp=0x000000b113ff9b10 mode 2
Event: 4.191 Thread 0x000002acd5f011e0 Uncommon trap: trap_request=0xffffff45 fr.pc=0x000002ac87b7ccec relative=0x00000000000008ac
Event: 4.191 Thread 0x000002acd5f011e0 Uncommon trap: reason=unstable_if action=reinterpret pc=0x000002ac87b7ccec method=java.util.HashMap.computeIfAbsent(Ljava/lang/Object;Ljava/util/function/Function;)Ljava/lang/Object; @ 294 c2
Event: 4.192 Thread 0x000002acd5f011e0 DEOPT PACKING pc=0x000002ac87b7ccec sp=0x000000b1160fdd10
Event: 4.192 Thread 0x000002acd5f011e0 DEOPT UNPACKING pc=0x000002ac87583aa2 sp=0x000000b1160fdcb8 mode 2
Event: 4.221 Thread 0x000002acd5f011e0 Uncommon trap: trap_request=0xffffff45 fr.pc=0x000002ac87cd0f8c relative=0x000000000000064c
Event: 4.221 Thread 0x000002acd5f011e0 Uncommon trap: reason=unstable_if action=reinterpret pc=0x000002ac87cd0f8c method=java.util.HashMap.putVal(ILjava/lang/Object;Ljava/lang/Object;ZZ)Ljava/lang/Object; @ 236 c2
Event: 4.221 Thread 0x000002acd5f011e0 DEOPT PACKING pc=0x000002ac87cd0f8c sp=0x000000b1160fc260
Event: 4.221 Thread 0x000002acd5f011e0 DEOPT UNPACKING pc=0x000002ac87583aa2 sp=0x000000b1160fc1d8 mode 2
Event: 4.261 Thread 0x000002acd5f011e0 Uncommon trap: trap_request=0xffffffc6 fr.pc=0x000002ac87c10cfc relative=0x0000000000000c1c
Event: 4.261 Thread 0x000002acd5f011e0 Uncommon trap: reason=bimorphic_or_optimized_type_check action=maybe_recompile pc=0x000002ac87c10cfc method=java.io.BufferedInputStream.implRead([BII)I @ 100 c2
Event: 4.261 Thread 0x000002acd5f011e0 DEOPT PACKING pc=0x000002ac87c10cfc sp=0x000000b1160faea0
Event: 4.261 Thread 0x000002acd5f011e0 DEOPT UNPACKING pc=0x000002ac87583aa2 sp=0x000000b1160fadf8 mode 2
Event: 4.264 Thread 0x000002acd5f011e0 Uncommon trap: trap_request=0xffffffc6 fr.pc=0x000002ac87c10cfc relative=0x0000000000000c1c
Event: 4.264 Thread 0x000002acd5f011e0 Uncommon trap: reason=bimorphic_or_optimized_type_check action=maybe_recompile pc=0x000002ac87c10cfc method=java.io.BufferedInputStream.implRead([BII)I @ 100 c2
Event: 4.264 Thread 0x000002acd5f011e0 DEOPT PACKING pc=0x000002ac87c10cfc sp=0x000000b1160faea0
Event: 4.264 Thread 0x000002acd5f011e0 DEOPT UNPACKING pc=0x000002ac87583aa2 sp=0x000000b1160fadf8 mode 2

Classes loaded (20 events):
Event: 4.262 Loading class javax/crypto/CryptoPolicyParser$CryptoPermissionEntry
Event: 4.262 Loading class javax/crypto/CryptoPolicyParser$CryptoPermissionEntry done
Event: 4.262 Loading class java/util/Vector$Itr
Event: 4.263 Loading class java/util/Vector$Itr done
Event: 4.263 Loading class javax/crypto/CryptoAllPermission
Event: 4.263 Loading class javax/crypto/CryptoPermission
Event: 4.263 Loading class javax/crypto/CryptoPermission done
Event: 4.263 Loading class javax/crypto/CryptoAllPermission done
Event: 4.263 Loading class javax/crypto/CryptoAllPermissionCollection
Event: 4.263 Loading class javax/crypto/CryptoAllPermissionCollection done
Event: 4.266 Loading class javax/crypto/JceSecurity$WeakIdentityWrapper
Event: 4.266 Loading class javax/crypto/JceSecurity$WeakIdentityWrapper done
Event: 4.267 Loading class javax/crypto/JceSecurity$2
Event: 4.267 Loading class javax/crypto/JceSecurity$2 done
Event: 4.267 Loading class javax/crypto/JceSecurity$3
Event: 4.267 Loading class javax/crypto/JceSecurity$3 done
Event: 4.267 Loading class javax/crypto/ProviderVerifier
Event: 4.267 Loading class javax/crypto/ProviderVerifier done
Event: 4.268 Loading class com/sun/crypto/provider/ARCFOURCipher
Event: 4.268 Loading class javax/crypto/CipherSpi

Classes unloaded (7 events):
Event: 3.343 Thread 0x000002acf927eb30 Unloading class 0x000002ac901a3c00 'java/lang/invoke/LambdaForm$MH+0x000002ac901a3c00'
Event: 3.343 Thread 0x000002acf927eb30 Unloading class 0x000002ac901a3800 'java/lang/invoke/LambdaForm$MH+0x000002ac901a3800'
Event: 3.343 Thread 0x000002acf927eb30 Unloading class 0x000002ac901a3400 'java/lang/invoke/LambdaForm$MH+0x000002ac901a3400'
Event: 3.343 Thread 0x000002acf927eb30 Unloading class 0x000002ac901a3000 'java/lang/invoke/LambdaForm$MH+0x000002ac901a3000'
Event: 3.343 Thread 0x000002acf927eb30 Unloading class 0x000002ac901a2c00 'java/lang/invoke/LambdaForm$BMH+0x000002ac901a2c00'
Event: 3.343 Thread 0x000002acf927eb30 Unloading class 0x000002ac901a2800 'java/lang/invoke/LambdaForm$DMH+0x000002ac901a2800'
Event: 3.343 Thread 0x000002acf927eb30 Unloading class 0x000002ac901a1400 'java/lang/invoke/LambdaForm$DMH+0x000002ac901a1400'

Classes redefined (0 events):
No events

Internal exceptions (20 events):
Event: 3.474 Thread 0x000002acd522d6f0 Exception <a 'java/io/FileNotFoundException'{0x00000000ec138310}> (0x00000000ec138310) 
thrown [s\src\hotspot\share\prims\jni.cpp, line 520]
Event: 3.474 Thread 0x000002acd522d6f0 Exception <a 'java/io/FileNotFoundException'{0x00000000ec1391a8}> (0x00000000ec1391a8) 
thrown [s\src\hotspot\share\prims\jni.cpp, line 520]
Event: 3.475 Thread 0x000002acd522d6f0 Exception <a 'java/io/FileNotFoundException'{0x00000000ec13a148}> (0x00000000ec13a148) 
thrown [s\src\hotspot\share\prims\jni.cpp, line 520]
Event: 3.590 Thread 0x000002acd522d6f0 Implicit null exception at 0x000002ac87cad875 to 0x000002ac87cad950
Event: 3.675 Thread 0x000002acd522d6f0 Exception <a 'java/lang/NoSuchMethodError'{0x00000000eb5ef988}: 'java.lang.Object java.lang.invoke.DirectMethodHandle$Holder.newInvokeSpecial(java.lang.Object, int, java.lang.Object, java.lang.Object)'> (0x00000000eb5ef988) 
thrown [s\src\hotspot\share\interpreter\linkResolver.cpp, line 773]
Event: 3.679 Thread 0x000002acd522d6f0 Exception <a 'java/io/FileNotFoundException'{0x00000000eb612020}> (0x00000000eb612020) 
thrown [s\src\hotspot\share\prims\jni.cpp, line 520]
Event: 3.826 Thread 0x000002acd522d6f0 Exception <a 'java/lang/ClassNotFoundException'{0x00000000ebe8e430}: com/sun/org/apache/xerces/internal/impl/msg/spi/DOMMessagesProvider> (0x00000000ebe8e430) 
thrown [s\src\hotspot\share\classfile\systemDictionary.cpp, line 312]
Event: 3.828 Thread 0x000002acd522d6f0 Exception <a 'java/lang/ClassNotFoundException'{0x00000000ebe9fb48}: com/sun/org/apache/xerces/internal/impl/msg/spi/XMLSerializerMessagesProvider> (0x00000000ebe9fb48) 
thrown [s\src\hotspot\share\classfile\systemDictionary.cpp, line 312]
Event: 3.829 Thread 0x000002acd522d6f0 Exception <a 'java/lang/ClassNotFoundException'{0x00000000ebeacdc8}: com/sun/org/apache/xerces/internal/impl/msg/spi/XMLMessagesProvider> (0x00000000ebeacdc8) 
thrown [s\src\hotspot\share\classfile\systemDictionary.cpp, line 312]
Event: 3.984 Thread 0x000002acd522d6f0 Exception <a 'java/lang/ClassNotFoundException'{0x00000000eaf9d098}: com/sun/org/apache/xml/internal/serializer/spi/XMLEntitiesProvider> (0x00000000eaf9d098) 
thrown [s\src\hotspot\share\classfile\systemDictionary.cpp, line 312]
Event: 4.071 Thread 0x000002acd522d6f0 Exception <a 'java/io/FileNotFoundException'{0x00000000eb360208}> (0x00000000eb360208) 
thrown [s\src\hotspot\share\prims\jni.cpp, line 520]
Event: 4.089 Thread 0x000002acd522d6f0 Exception <a 'java/lang/UnsatisfiedLinkError'{0x00000000eb473f90}: The specified procedure could not be found.
> (0x00000000eb473f90) 
thrown [s\src\hotspot\share\prims\jni.cpp, line 539]
Event: 4.093 Thread 0x000002acd522d6f0 Exception <a 'java/io/FileNotFoundException'{0x00000000eb48b9e0}> (0x00000000eb48b9e0) 
thrown [s\src\hotspot\share\prims\jni.cpp, line 520]
Event: 4.100 Thread 0x000002acd522d6f0 Exception <a 'java/io/FileNotFoundException'{0x00000000eb513ac8}> (0x00000000eb513ac8) 
thrown [s\src\hotspot\share\prims\jni.cpp, line 520]
Event: 4.106 Thread 0x000002acd522d6f0 Exception <a 'java/lang/UnsatisfiedLinkError'{0x00000000eb54c318}: The specified procedure could not be found.
> (0x00000000eb54c318) 
thrown [s\src\hotspot\share\prims\jni.cpp, line 539]
Event: 4.223 Thread 0x000002acf91e2610 Exception <a 'java/lang/NoSuchMethodError'{0x00000000eab38c50}: 'java.lang.Object java.lang.invoke.DirectMethodHandle$Holder.invokeStatic(java.lang.Object, long, java.lang.Object)'> (0x00000000eab38c50) 
thrown [s\src\hotspot\share\interpreter\linkResolver.cpp, line 773]
Event: 4.225 Thread 0x000002acf91e2610 Exception <a 'java/lang/NoSuchMethodError'{0x00000000eab3c2e8}: 'java.lang.Object java.lang.invoke.DirectMethodHandle$Holder.invokeStaticInit(java.lang.Object, long, java.lang.Object)'> (0x00000000eab3c2e8) 
thrown [s\src\hotspot\share\interpreter\linkResolver.cpp, line 773]
Event: 4.227 Thread 0x000002acf91e2610 Exception <a 'java/lang/NoSuchMethodError'{0x00000000eab5f588}: 'java.lang.Object java.lang.invoke.DirectMethodHandle$Holder.newInvokeSpecial(java.lang.Object, long)'> (0x00000000eab5f588) 
thrown [s\src\hotspot\share\interpreter\linkResolver.cpp, line 773]
Event: 4.240 Thread 0x000002acd5f004c0 Exception <a 'java/lang/NoSuchMethodError'{0x00000000eabf3f78}: 'int java.lang.invoke.DirectMethodHandle$Holder.invokeSpecial(java.lang.Object, java.lang.Object, java.lang.Object, java.lang.Object)'> (0x00000000eabf3f78) 
thrown [s\src\hotspot\share\interpreter\linkResolver.cpp, line 773]
Event: 4.251 Thread 0x000002acd5f011e0 Exception <a 'sun/nio/fs/WindowsException'{0x00000000eacb3010}> (0x00000000eacb3010) 
thrown [s\src\hotspot\share\prims\jni.cpp, line 520]

ZGC Phase Switch (0 events):
No events

VM Operations (20 events):
Event: 3.483 Executing VM operation: ParallelGCFailedAllocation (Allocation Failure)
Event: 3.484 Executing VM operation: ParallelGCFailedAllocation (Allocation Failure) done
Event: 3.640 Executing VM operation: ParallelGCFailedAllocation (Allocation Failure)
Event: 3.641 Executing VM operation: ParallelGCFailedAllocation (Allocation Failure) done
Event: 3.774 Executing VM operation: HandshakeAllThreads (Deoptimize)
Event: 3.774 Executing VM operation: HandshakeAllThreads (Deoptimize) done
Event: 3.880 Executing VM operation: ParallelGCFailedAllocation (Allocation Failure)
Event: 3.882 Executing VM operation: ParallelGCFailedAllocation (Allocation Failure) done
Event: 3.888 Executing VM operation: HandshakeAllThreads (Deoptimize)
Event: 3.888 Executing VM operation: HandshakeAllThreads (Deoptimize) done
Event: 3.983 Executing VM operation: HandshakeAllThreads (Deoptimize)
Event: 3.983 Executing VM operation: HandshakeAllThreads (Deoptimize) done
Event: 4.017 Executing VM operation: HandshakeAllThreads (Deoptimize)
Event: 4.017 Executing VM operation: HandshakeAllThreads (Deoptimize) done
Event: 4.173 Executing VM operation: HandshakeAllThreads (Deoptimize)
Event: 4.174 Executing VM operation: HandshakeAllThreads (Deoptimize) done
Event: 4.214 Executing VM operation: ParallelGCFailedAllocation (Allocation Failure)
Event: 4.219 Executing VM operation: ParallelGCFailedAllocation (Allocation Failure) done
Event: 4.255 Executing VM operation: HandshakeAllThreads (Deoptimize)
Event: 4.258 Executing VM operation: HandshakeAllThreads (Deoptimize) done

Memory protections (0 events):
No events

Nmethod flushes (0 events):
No events

Events (20 events):
Event: 2.306 Thread 0x000002acd522d6f0 Thread added: 0x000002acd63cb780
Event: 2.627 Thread 0x000002acd522d6f0 Thread added: 0x000002acd5eff110
Event: 2.971 Thread 0x000002acd53b0480 Thread exited: 0x000002acd53b0480
Event: 2.986 Thread 0x000002acd522d6f0 Thread added: 0x000002acd5efe3f0
Event: 3.014 Thread 0x000002acd522d6f0 Thread added: 0x000002acd5f011e0
Event: 3.033 Thread 0x000002acd522d6f0 Thread added: 0x000002acd5f004c0
Event: 3.464 Thread 0x000002acffa3ff60 Thread added: 0x000002acd6696360
Event: 3.569 Thread 0x000002acd6696360 Thread exited: 0x000002acd6696360
Event: 3.845 Thread 0x000002acd522d6f0 Thread added: 0x000002acd5f00b50
Event: 3.997 Thread 0x000002acffa3ff60 Thread added: 0x000002acd79a2300
Event: 4.149 Thread 0x000002acd5f011e0 Thread added: 0x000002acd5effe30
Event: 4.198 Thread 0x000002acd5effe30 Thread added: 0x000002acd5efdd60
Event: 4.257 Thread 0x000002acf91e2610 Thread added: 0x000002acd5eff7a0
Event: 4.260 Thread 0x000002acf91e2610 Thread added: 0x000002acd5efea80
Event: 4.260 Thread 0x000002acf91e2610 Thread added: 0x000002acd60e26b0
Event: 4.260 Thread 0x000002acf91e2610 Thread added: 0x000002acd60e4e10
Event: 4.260 Thread 0x000002acf91e2610 Thread added: 0x000002acd60e4780
Event: 4.260 Thread 0x000002acf91e2610 Thread added: 0x000002acd60e1990
Event: 4.262 Thread 0x000002acf91e2610 Thread added: 0x000002acd60e54a0
Event: 4.264 Thread 0x000002acf91e2610 Thread added: 0x000002acd60e2d40


Dynamic libraries:
0x00007ff74e420000 - 0x00007ff74e42e000 	c:\Users\muhammad naufal s a\.vscode\extensions\redhat.java-1.42.0-win32-x64\jre\21.0.7-win32-x86_64\bin\java.exe
0x00007ffad2fc0000 - 0x00007ffad3225000 	C:\WINDOWS\SYSTEM32\ntdll.dll
0x00007ffad2850000 - 0x00007ffad2919000 	C:\WINDOWS\System32\KERNEL32.DLL
0x00007ffad0440000 - 0x00007ffad0828000 	C:\WINDOWS\System32\KERNELBASE.dll
0x00007ffad0c10000 - 0x00007ffad0d5b000 	C:\WINDOWS\System32\ucrtbase.dll
0x00007ffa49970000 - 0x00007ffa49988000 	c:\Users\muhammad naufal s a\.vscode\extensions\redhat.java-1.42.0-win32-x64\jre\21.0.7-win32-x86_64\bin\jli.dll
0x00007ffa4d6b0000 - 0x00007ffa4d6ce000 	c:\Users\muhammad naufal s a\.vscode\extensions\redhat.java-1.42.0-win32-x64\jre\21.0.7-win32-x86_64\bin\VCRUNTIME140.dll
0x00007ffad1a50000 - 0x00007ffad1c1a000 	C:\WINDOWS\System32\USER32.dll
0x00007ffac05d0000 - 0x00007ffac086a000 	C:\WINDOWS\WinSxS\amd64_microsoft.windows.common-controls_6595b64144ccf1df_6.0.26100.4202_none_3e0698d4e335f517\COMCTL32.dll
0x00007ffad1630000 - 0x00007ffad16d9000 	C:\WINDOWS\System32\msvcrt.dll
0x00007ffad0290000 - 0x00007ffad02b7000 	C:\WINDOWS\System32\win32u.dll
0x00007ffad1390000 - 0x00007ffad13bb000 	C:\WINDOWS\System32\GDI32.dll
0x00007ffad0970000 - 0x00007ffad0aa7000 	C:\WINDOWS\System32\gdi32full.dll
0x00007ffad08c0000 - 0x00007ffad0963000 	C:\WINDOWS\System32\msvcp_win.dll
0x00007ffad2740000 - 0x00007ffad2770000 	C:\WINDOWS\System32\IMM32.DLL
0x00007ffaa1df0000 - 0x00007ffaa1dfc000 	c:\Users\muhammad naufal s a\.vscode\extensions\redhat.java-1.42.0-win32-x64\jre\21.0.7-win32-x86_64\bin\vcruntime140_1.dll
0x00007ffa30330000 - 0x00007ffa303bd000 	c:\Users\muhammad naufal s a\.vscode\extensions\redhat.java-1.42.0-win32-x64\jre\21.0.7-win32-x86_64\bin\msvcp140.dll
0x00007ff9e0fa0000 - 0x00007ff9e1d30000 	c:\Users\muhammad naufal s a\.vscode\extensions\redhat.java-1.42.0-win32-x64\jre\21.0.7-win32-x86_64\bin\server\jvm.dll
0x00007ffad2ec0000 - 0x00007ffad2f73000 	C:\WINDOWS\System32\ADVAPI32.dll
0x00007ffad12e0000 - 0x00007ffad1386000 	C:\WINDOWS\System32\sechost.dll
0x00007ffad13c0000 - 0x00007ffad14d5000 	C:\WINDOWS\System32\RPCRT4.dll
0x00007ffad1570000 - 0x00007ffad15e4000 	C:\WINDOWS\System32\WS2_32.dll
0x00007ffaced50000 - 0x00007ffacedae000 	C:\WINDOWS\SYSTEM32\POWRPROF.dll
0x00007ffabee10000 - 0x00007ffabee45000 	C:\WINDOWS\SYSTEM32\WINMM.dll
0x00007ffac7a60000 - 0x00007ffac7a6b000 	C:\WINDOWS\SYSTEM32\VERSION.dll
0x00007ffaced30000 - 0x00007ffaced44000 	C:\WINDOWS\SYSTEM32\UMPDC.dll
0x00007ffaceff0000 - 0x00007ffacf00b000 	C:\WINDOWS\SYSTEM32\kernel.appcore.dll
0x00007ffaa1140000 - 0x00007ffaa114a000 	c:\Users\muhammad naufal s a\.vscode\extensions\redhat.java-1.42.0-win32-x64\jre\21.0.7-win32-x86_64\bin\jimage.dll
0x00007ffacd840000 - 0x00007ffacda81000 	C:\WINDOWS\SYSTEM32\DBGHELP.DLL
0x00007ffad2a40000 - 0x00007ffad2dc5000 	C:\WINDOWS\System32\combase.dll
0x00007ffad0d60000 - 0x00007ffad0e41000 	C:\WINDOWS\System32\OLEAUT32.dll
0x00007ffaa1100000 - 0x00007ffaa1139000 	C:\WINDOWS\SYSTEM32\dbgcore.DLL
0x00007ffad0ab0000 - 0x00007ffad0b49000 	C:\WINDOWS\System32\bcryptPrimitives.dll
0x00007ffa9f150000 - 0x00007ffa9f15f000 	c:\Users\muhammad naufal s a\.vscode\extensions\redhat.java-1.42.0-win32-x64\jre\21.0.7-win32-x86_64\bin\instrument.dll
0x00007ffa48a60000 - 0x00007ffa48a7f000 	c:\Users\muhammad naufal s a\.vscode\extensions\redhat.java-1.42.0-win32-x64\jre\21.0.7-win32-x86_64\bin\java.dll
0x00007ffad1cd0000 - 0x00007ffad2412000 	C:\WINDOWS\System32\SHELL32.dll
0x00007ffad0110000 - 0x00007ffad0284000 	C:\WINDOWS\System32\wintypes.dll
0x00007ffacddb0000 - 0x00007fface607000 	C:\WINDOWS\SYSTEM32\windows.storage.dll
0x00007ffad1940000 - 0x00007ffad1a31000 	C:\WINDOWS\System32\SHCORE.dll
0x00007ffad2e50000 - 0x00007ffad2eba000 	C:\WINDOWS\System32\shlwapi.dll
0x00007ffacfff0000 - 0x00007ffad001f000 	C:\WINDOWS\SYSTEM32\profapi.dll
0x00007ffa48930000 - 0x00007ffa48948000 	c:\Users\muhammad naufal s a\.vscode\extensions\redhat.java-1.42.0-win32-x64\jre\21.0.7-win32-x86_64\bin\zip.dll
0x00007ffa9f020000 - 0x00007ffa9f030000 	C:\Users\muhammad naufal s a\.vscode\extensions\redhat.java-1.42.0-win32-x64\jre\21.0.7-win32-x86_64\bin\net.dll
0x00007ffacaff0000 - 0x00007ffacb10e000 	C:\WINDOWS\SYSTEM32\WINHTTP.dll
0x00007ffacf560000 - 0x00007ffacf5ca000 	C:\WINDOWS\system32\mswsock.dll
0x00007ffa47e90000 - 0x00007ffa47ea6000 	C:\Users\muhammad naufal s a\.vscode\extensions\redhat.java-1.42.0-win32-x64\jre\21.0.7-win32-x86_64\bin\nio.dll
0x00007ffa96a30000 - 0x00007ffa96a40000 	c:\Users\muhammad naufal s a\.vscode\extensions\redhat.java-1.42.0-win32-x64\jre\21.0.7-win32-x86_64\bin\verify.dll
0x00007ffa489b0000 - 0x00007ffa489f5000 	C:\Users\muhammad naufal s a\AppData\Roaming\Code\User\globalStorage\redhat.java\1.42.0\config_win\org.eclipse.equinox.launcher\org.eclipse.equinox.launcher.win32.win32.x86_64_1.2.1300.v20250331-1702\eclipse_11911.dll
0x00007ffad2420000 - 0x00007ffad25be000 	C:\WINDOWS\System32\ole32.dll
0x00007ffacf810000 - 0x00007ffacf82b000 	C:\WINDOWS\SYSTEM32\CRYPTSP.dll
0x00007ffacef50000 - 0x00007ffacef8a000 	C:\WINDOWS\system32\rsaenh.dll
0x00007ffacf600000 - 0x00007ffacf62b000 	C:\WINDOWS\SYSTEM32\USERENV.dll
0x00007ffad0030000 - 0x00007ffad0056000 	C:\WINDOWS\SYSTEM32\bcrypt.dll
0x00007ffacf830000 - 0x00007ffacf83c000 	C:\WINDOWS\SYSTEM32\CRYPTBASE.dll
0x00007fface990000 - 0x00007fface9c3000 	C:\WINDOWS\SYSTEM32\IPHLPAPI.DLL
0x00007ffad1a40000 - 0x00007ffad1a4a000 	C:\WINDOWS\System32\NSI.dll
0x00007ffa32910000 - 0x00007ffa32959000 	C:\Users\muhammad naufal s a\AppData\Local\Temp\jna-1873067711\jna11977236090857250125.dll
0x00007ffad1620000 - 0x00007ffad1628000 	C:\WINDOWS\System32\PSAPI.DLL
0x00007ffacb530000 - 0x00007ffacb54f000 	C:\WINDOWS\SYSTEM32\dhcpcsvc6.DLL
0x00007ffacb3a0000 - 0x00007ffacb3c5000 	C:\WINDOWS\SYSTEM32\dhcpcsvc.DLL
0x00007ffa93580000 - 0x00007ffa9358e000 	C:\Users\muhammad naufal s a\.vscode\extensions\redhat.java-1.42.0-win32-x64\jre\21.0.7-win32-x86_64\bin\sunmscapi.dll
0x00007ffad02c0000 - 0x00007ffad0437000 	C:\WINDOWS\System32\CRYPT32.dll
0x00007ffacfa30000 - 0x00007ffacfa60000 	C:\WINDOWS\SYSTEM32\ncrypt.dll
0x00007ffacf9e0000 - 0x00007ffacfa1f000 	C:\WINDOWS\SYSTEM32\NTASN1.dll

dbghelp: loaded successfully - version: 4.0.5 - missing functions: none
symbol engine: initialized successfully - sym options: 0x614 - pdb path: .;c:\Users\muhammad naufal s a\.vscode\extensions\redhat.java-1.42.0-win32-x64\jre\21.0.7-win32-x86_64\bin;C:\WINDOWS\SYSTEM32;C:\WINDOWS\WinSxS\amd64_microsoft.windows.common-controls_6595b64144ccf1df_6.0.26100.4202_none_3e0698d4e335f517;c:\Users\muhammad naufal s a\.vscode\extensions\redhat.java-1.42.0-win32-x64\jre\21.0.7-win32-x86_64\bin\server;C:\Users\muhammad naufal s a\AppData\Roaming\Code\User\globalStorage\redhat.java\1.42.0\config_win\org.eclipse.equinox.launcher\org.eclipse.equinox.launcher.win32.win32.x86_64_1.2.1300.v20250331-1702;C:\Users\muhammad naufal s a\AppData\Local\Temp\jna-1873067711

VM Arguments:
jvm_args: --add-modules=ALL-SYSTEM --add-opens=java.base/java.util=ALL-UNNAMED --add-opens=java.base/java.lang=ALL-UNNAMED --add-opens=java.base/sun.nio.fs=ALL-UNNAMED -Declipse.application=org.eclipse.jdt.ls.core.id1 -Dosgi.bundles.defaultStartLevel=4 -Declipse.product=org.eclipse.jdt.ls.core.product -Djava.import.generatesMetadataFilesAtProjectRoot=false -DDetectVMInstallationsJob.disabled=true -Dfile.encoding=utf8 -XX:+UseParallelGC -XX:GCTimeRatio=4 -XX:AdaptiveSizePolicyWeight=90 -Dsun.zip.disableMemoryMapping=true -Xmx1G -Xms100m -Xlog:disable -javaagent:c:\Users\muhammad naufal s a\.vscode\extensions\redhat.java-1.42.0-win32-x64\lombok\lombok-1.18.36.jar -XX:+HeapDumpOnOutOfMemoryError -XX:HeapDumpPath=c:\Users\muhammad naufal s a\AppData\Roaming\Code\User\workspaceStorage\e1b23ad681602467071ef67cb5a271e9\redhat.java -Daether.dependencyCollector.impl=bf 
java_command: c:\Users\muhammad naufal s a\.vscode\extensions\redhat.java-1.42.0-win32-x64\server\plugins\org.eclipse.equinox.launcher_1.7.0.v20250424-1814.jar -configuration c:\Users\muhammad naufal s a\AppData\Roaming\Code\User\globalStorage\redhat.java\1.42.0\config_win -data c:\Users\muhammad naufal s a\AppData\Roaming\Code\User\workspaceStorage\e1b23ad681602467071ef67cb5a271e9\redhat.java\jdt_ws --pipe=\\.\pipe\lsp-3a583ce309f3db282c687066d2db5c5a-sock
java_class_path (initial): c:\Users\muhammad naufal s a\.vscode\extensions\redhat.java-1.42.0-win32-x64\server\plugins\org.eclipse.equinox.launcher_1.7.0.v20250424-1814.jar
Launcher Type: SUN_STANDARD

[Global flags]
    uintx AdaptiveSizePolicyWeight                 = 90                                        {product} {command line}
     intx CICompilerCount                          = 4                                         {product} {ergonomic}
    uintx GCTimeRatio                              = 4                                         {product} {command line}
     bool HeapDumpOnOutOfMemoryError               = true                                   {manageable} {command line}
    ccstr HeapDumpPath                             = c:\Users\muhammad naufal s a\AppData\Roaming\Code\User\workspaceStorage\e1b23ad681602467071ef67cb5a271e9\redhat.java         {manageable} {command line}
   size_t InitialHeapSize                          = 104857600                                 {product} {command line}
   size_t MaxHeapSize                              = 1073741824                                {product} {command line}
   size_t MaxNewSize                               = 357564416                                 {product} {ergonomic}
   size_t MinHeapDeltaBytes                        = 524288                                    {product} {ergonomic}
   size_t MinHeapSize                              = 104857600                                 {product} {command line}
   size_t NewSize                                  = 34603008                                  {product} {ergonomic}
    uintx NonNMethodCodeHeapSize                   = 5839372                                {pd product} {ergonomic}
    uintx NonProfiledCodeHeapSize                  = 122909434                              {pd product} {ergonomic}
   size_t OldSize                                  = 70254592                                  {product} {ergonomic}
    uintx ProfiledCodeHeapSize                     = 122909434                              {pd product} {ergonomic}
    uintx ReservedCodeCacheSize                    = 251658240                              {pd product} {ergonomic}
     bool SegmentedCodeCache                       = true                                      {product} {ergonomic}
   size_t SoftMaxHeapSize                          = 1073741824                             {manageable} {ergonomic}
     bool UseCompressedOops                        = true                           {product lp64_product} {ergonomic}
     bool UseLargePagesIndividualAllocation        = false                                  {pd product} {ergonomic}
     bool UseParallelGC                            = true                                      {product} {command line}

Logging:
Log output configuration:
 #0: stdout all=off uptime,level,tags foldmultilines=false
 #1: stderr all=off uptime,level,tags foldmultilines=false

Environment Variables:
PATH=C:\Program Files (x86)\VMware\VMware Player\bin\;C:\Program Files\Common Files\Oracle\Java\javapath;C:\Program Files (x86)\Common Files\Oracle\Java\java8path;C:\Program Files (x86)\Common Files\Oracle\Java\javapath;C:\Program Files (x86)\Common Files\Intel\Shared Libraries\redist\intel64\compiler;C:\Windows\system32;C:\Windows;C:\Windows\System32\Wbem;C:\Windows\System32\WindowsPowerShell\v1.0\;C:\Windows\System32\OpenSSH\;C:\Program Files (x86)\NVIDIA Corporation\PhysX\Common;C:\Program Files\dotnet\;C:\Delphi7\Bin;C:\Delphi7\Projects\Bpl;C:\Delphi7\Rave5;C:\xampp\php;C:\ProgramData\ComposerSetup\bin;C:\Program Files\Git\cmd;C:\Program Files (x86)\Windows Kits\10\Windows Performance Toolkit\;C:\WINDOWS\system32;C:\WINDOWS;C:\WINDOWS\System32\Wbem;C:\WINDOWS\System32\WindowsPowerShell\v1.0\;C:\WINDOWS\System32\OpenSSH\;C:\Program Files\NVIDIA Corporation\NVIDIA NvDLISR;D:\Tugas\PWL\chromedriver-win64;C:\Program Files\nodejs\;C:\Users\muhammad naufal s a\AppData\Local\Programs\Python\Python311\Scripts\;C:\Users\muhammad naufal s a\AppData\Local\Programs\Python\Python311\;C:\Program Files\MySQL\MySQL Shell 8.0\bin\;C:\Users\muhammad naufal s a\AppData\Local\Microsoft\WindowsApps;C:\Users\muhammad naufal s a\AppData\Local\Programs\Microsoft VS Code\bin;C:\Users\muhammad naufal s a\AppData\Roaming\Composer\vendor\bin;C:\Users\muhammad naufal s a\.dotnet\tools;;D:\PyCharm 2025.1\bin;;C:\Users\muhammad naufal s a\AppData\Roaming\npm
USERNAME=muhammad naufal s a
OS=Windows_NT
PROCESSOR_IDENTIFIER=Intel64 Family 6 Model 154 Stepping 3, GenuineIntel
TMP=C:\Users\MUHAMM~1\AppData\Local\Temp
TEMP=C:\Users\MUHAMM~1\AppData\Local\Temp




Periodic native trim disabled

---------------  S Y S T E M  ---------------

OS:
 Windows 11 , 64 bit Build 26100 (10.0.26100.4202)
OS uptime: 1 days 5:09 hours

CPU: total 12 (initial active 12) (6 cores per cpu, 2 threads per core) family 6 model 154 stepping 3 microcode 0x419, cx8, cmov, fxsr, ht, mmx, 3dnowpref, sse, sse2, sse3, ssse3, sse4.1, sse4.2, popcnt, lzcnt, tsc, tscinvbit, avx, avx2, aes, erms, clmul, bmi1, bmi2, adx, sha, fma, vzeroupper, clflush, clflushopt, clwb, serialize, rdtscp, rdpid, fsrm, f16c, pku, cet_ibt, cet_ss
Processor Information for processor 0
  Max Mhz: 2000, Current Mhz: 2000, Mhz Limit: 2000
Processor Information for processor 1
  Max Mhz: 2000, Current Mhz: 2000, Mhz Limit: 2000
Processor Information for processor 2
  Max Mhz: 2000, Current Mhz: 2000, Mhz Limit: 2000
Processor Information for processor 3
  Max Mhz: 2000, Current Mhz: 2000, Mhz Limit: 2000
Processor Information for processor 4
  Max Mhz: 2000, Current Mhz: 2000, Mhz Limit: 2000
Processor Information for processor 5
  Max Mhz: 2000, Current Mhz: 2000, Mhz Limit: 2000
Processor Information for processor 6
  Max Mhz: 2000, Current Mhz: 2000, Mhz Limit: 2000
Processor Information for processor 7
  Max Mhz: 2000, Current Mhz: 2000, Mhz Limit: 2000
Processor Information for processor 8
  Max Mhz: 2000, Current Mhz: 1500, Mhz Limit: 1500
Processor Information for processor 9
  Max Mhz: 2000, Current Mhz: 1500, Mhz Limit: 1500
Processor Information for processor 10
  Max Mhz: 2000, Current Mhz: 1500, Mhz Limit: 1500
Processor Information for processor 11
  Max Mhz: 2000, Current Mhz: 1500, Mhz Limit: 1500

Memory: 4k page, system-wide physical 16010M (2292M free)
TotalPageFile size 18060M (AvailPageFile size 5M)
current process WorkingSet (physical memory assigned to process): 195M, peak: 198M
current process commit charge ("private bytes"): 294M, peak: 295M

vm_info: OpenJDK 64-Bit Server VM (21.0.7+6-LTS) for windows-amd64 JRE (21.0.7+6-LTS), built on 2025-04-15T00:00:00Z by "admin" with MS VC++ 17.7 (VS2022)

END.
