#
# There is insufficient memory for the Java Runtime Environment to continue.
# Native memory allocation (malloc) failed to allocate 552496 bytes. Error detail: Chunk::new
# Possible reasons:
#   The system is out of physical RAM or swap space
#   This process is running with CompressedOops enabled, and the Java Heap may be blocking the growth of the native heap
# Possible solutions:
#   Reduce memory load on the system
#   Increase physical memory or swap space
#   Check if swap backing store is full
#   Decrease Java heap size (-Xmx/-Xms)
#   Decrease number of Java threads
#   Decrease Java thread stack sizes (-Xss)
#   Set larger code cache with -XX:ReservedCodeCacheSize=
#   JVM is running with Unscaled Compressed Oops mode in which the Java heap is
#     placed in the first 4GB address space. The Java Heap base address is the
#     maximum limit for the native heap growth. Please use -XX:HeapBaseMinAddress
#     to set the Java Heap base and to place the Java Heap above 4GB virtual address.
# This output file may be truncated or incomplete.
#
#  Out of Memory Error (arena.cpp:168), pid=5324, tid=1112
#
# JRE version: OpenJDK Runtime Environment Temurin-21.0.7+6 (21.0.7+6) (build 21.0.7+6-LTS)
# Java VM: OpenJDK 64-Bit Server VM Temurin-21.0.7+6 (21.0.7+6-LTS, mixed mode, sharing, tiered, compressed oops, compressed class ptrs, parallel gc, windows-amd64)
# No core dump will be written. Minidumps are not enabled by default on client versions of Windows
#

---------------  S U M M A R Y ------------

Command Line: --add-modules=ALL-SYSTEM --add-opens=java.base/java.util=ALL-UNNAMED --add-opens=java.base/java.lang=ALL-UNNAMED --add-opens=java.base/sun.nio.fs=ALL-UNNAMED -Declipse.application=org.eclipse.jdt.ls.core.id1 -Dosgi.bundles.defaultStartLevel=4 -Declipse.product=org.eclipse.jdt.ls.core.product -Djava.import.generatesMetadataFilesAtProjectRoot=false -DDetectVMInstallationsJob.disabled=true -Dfile.encoding=utf8 -XX:+UseParallelGC -XX:GCTimeRatio=4 -XX:AdaptiveSizePolicyWeight=90 -Dsun.zip.disableMemoryMapping=true -Xmx1G -Xms100m -Xlog:disable -javaagent:c:\Users\muhammad naufal s a\.vscode\extensions\redhat.java-1.42.0-win32-x64\lombok\lombok-1.18.36.jar -XX:+HeapDumpOnOutOfMemoryError -XX:HeapDumpPath=c:\Users\muhammad naufal s a\AppData\Roaming\Code\User\workspaceStorage\e1b23ad681602467071ef67cb5a271e9\redhat.java -Daether.dependencyCollector.impl=bf c:\Users\muhammad naufal s a\.vscode\extensions\redhat.java-1.42.0-win32-x64\server\plugins\org.eclipse.equinox.launcher_1.7.0.v20250424-1814.jar -configuration c:\Users\muhammad naufal s a\AppData\Roaming\Code\User\globalStorage\redhat.java\1.42.0\config_win -data c:\Users\muhammad naufal s a\AppData\Roaming\Code\User\workspaceStorage\e1b23ad681602467071ef67cb5a271e9\redhat.java\jdt_ws --pipe=\\.\pipe\lsp-17120d6d6bf96652cd502e3a1a0dda9a-sock

Host: 12th Gen Intel(R) Core(TM) i5-12450H, 12 cores, 15G,  Windows 11 , 64 bit Build 26100 (10.0.26100.4202)
Time: Sat May 31 12:51:13 2025 SE Asia Standard Time elapsed time: 7.978409 seconds (0d 0h 0m 7s)

---------------  T H R E A D  ---------------

Current thread (0x0000018104045340):  JavaThread "C2 CompilerThread2" daemon [_thread_in_native, id=1112, stack(0x000000660fc00000,0x000000660fd00000) (1024K)]


Current CompileTask:
C2:7978 4407       4       org.eclipse.osgi.internal.serviceregistry.ServiceRegistry::notifyHooksPrivileged (57 bytes)

Stack: [0x000000660fc00000,0x000000660fd00000]
Native frames: (J=compiled Java code, j=interpreted, Vv=VM code, C=native code)
V  [jvm.dll+0x6ce119]
V  [jvm.dll+0x8a84a1]
V  [jvm.dll+0x8aa9ce]
V  [jvm.dll+0x8ab0b3]
V  [jvm.dll+0x27f8a6]
V  [jvm.dll+0xc507d]
V  [jvm.dll+0xc55b3]
V  [jvm.dll+0x2f2c6d]
V  [jvm.dll+0x5f6bca]
V  [jvm.dll+0x250cb2]
V  [jvm.dll+0x25106f]
V  [jvm.dll+0x249934]
V  [jvm.dll+0x246fc4]
V  [jvm.dll+0x1c760e]
V  [jvm.dll+0x25695a]
V  [jvm.dll+0x254efa]
V  [jvm.dll+0x3f03f6]
V  [jvm.dll+0x851f6b]
V  [jvm.dll+0x6cc7dd]
C  [ucrtbase.dll+0x37b0]
C  [KERNEL32.DLL+0x2e8d7]
C  [ntdll.dll+0x3c34c]


---------------  P R O C E S S  ---------------

Threads class SMR info:
_java_thread_list=0x000001817e087be0, length=26, elements={
0x000001812577db60, 0x0000018139b6e620, 0x00000181258236a0, 0x0000018125825490,
0x00000181258273a0, 0x0000018125828050, 0x0000018125828bd0, 0x000001812582bd70,
0x000001817c06bf20, 0x000001817c11cfc0, 0x000001817c38d2e0, 0x000001817dbb4d10,
0x000001817d5e9230, 0x000001817db4d2e0, 0x000001817db4d940, 0x000001817dfdad70,
0x000001817e2d55f0, 0x000001817df24290, 0x000001817df6f790, 0x000001817df6fe20,
0x000001817df70b40, 0x000001817df6f100, 0x0000018104045a10, 0x000001817df704b0,
0x0000018104045340, 0x000001817df6d6c0
}

Java Threads: ( => current thread )
  0x000001812577db60 JavaThread "main"                              [_thread_blocked, id=10124, stack(0x000000660d800000,0x000000660d900000) (1024K)]
  0x0000018139b6e620 JavaThread "Reference Handler"          daemon [_thread_blocked, id=14024, stack(0x000000660dc00000,0x000000660dd00000) (1024K)]
  0x00000181258236a0 JavaThread "Finalizer"                  daemon [_thread_blocked, id=23536, stack(0x000000660dd00000,0x000000660de00000) (1024K)]
  0x0000018125825490 JavaThread "Signal Dispatcher"          daemon [_thread_blocked, id=18416, stack(0x000000660de00000,0x000000660df00000) (1024K)]
  0x00000181258273a0 JavaThread "Attach Listener"            daemon [_thread_blocked, id=1852, stack(0x000000660df00000,0x000000660e000000) (1024K)]
  0x0000018125828050 JavaThread "Service Thread"             daemon [_thread_blocked, id=27288, stack(0x000000660e000000,0x000000660e100000) (1024K)]
  0x0000018125828bd0 JavaThread "Monitor Deflation Thread"   daemon [_thread_blocked, id=22568, stack(0x000000660e100000,0x000000660e200000) (1024K)]
  0x000001812582bd70 JavaThread "C2 CompilerThread0"         daemon [_thread_in_native, id=1680, stack(0x000000660e200000,0x000000660e300000) (1024K)]
  0x000001817c06bf20 JavaThread "C1 CompilerThread0"         daemon [_thread_in_native, id=5024, stack(0x000000660e300000,0x000000660e400000) (1024K)]
  0x000001817c11cfc0 JavaThread "Common-Cleaner"             daemon [_thread_blocked, id=14908, stack(0x000000660e400000,0x000000660e500000) (1024K)]
  0x000001817c38d2e0 JavaThread "Notification Thread"        daemon [_thread_blocked, id=22364, stack(0x000000660e500000,0x000000660e600000) (1024K)]
  0x000001817dbb4d10 JavaThread "Active Thread: Equinox Container: ebb56ad5-93be-4e01-b32b-9289a2d5be1b"        [_thread_blocked, id=9924, stack(0x000000660ee00000,0x000000660ef00000) (1024K)]
  0x000001817d5e9230 JavaThread "Refresh Thread: Equinox Container: ebb56ad5-93be-4e01-b32b-9289a2d5be1b" daemon [_thread_blocked, id=26780, stack(0x000000660ef00000,0x000000660f000000) (1024K)]
  0x000001817db4d2e0 JavaThread "Framework Event Dispatcher: Equinox Container: ebb56ad5-93be-4e01-b32b-9289a2d5be1b" daemon [_thread_blocked, id=18100, stack(0x000000660f100000,0x000000660f200000) (1024K)]
  0x000001817db4d940 JavaThread "Start Level: Equinox Container: ebb56ad5-93be-4e01-b32b-9289a2d5be1b" daemon [_thread_in_native, id=23164, stack(0x000000660f200000,0x000000660f300000) (1024K)]
  0x000001817dfdad70 JavaThread "Bundle File Closer"         daemon [_thread_blocked, id=708, stack(0x000000660f500000,0x000000660f600000) (1024K)]
  0x000001817e2d55f0 JavaThread "SCR Component Actor"        daemon [_thread_blocked, id=16348, stack(0x000000660f600000,0x000000660f700000) (1024K)]
  0x000001817df24290 JavaThread "SCR Component Registry"     daemon [_thread_blocked, id=23616, stack(0x000000660f700000,0x000000660f800000) (1024K)]
  0x000001817df6f790 JavaThread "Worker-JM"                         [_thread_blocked, id=12952, stack(0x000000660f800000,0x000000660f900000) (1024K)]
  0x000001817df6fe20 JavaThread "JNA Cleaner"                daemon [_thread_blocked, id=16420, stack(0x000000660e600000,0x000000660e700000) (1024K)]
  0x000001817df70b40 JavaThread "Worker-0: Repository registry initialization"        [_thread_in_Java, id=16100, stack(0x000000660e700000,0x000000660e800000) (1024K)]
  0x000001817df6f100 JavaThread "Worker-1"                          [_thread_blocked, id=14904, stack(0x000000660f900000,0x000000660fa00000) (1024K)]
  0x0000018104045a10 JavaThread "C2 CompilerThread1"         daemon [_thread_in_native, id=14596, stack(0x000000660fa00000,0x000000660fb00000) (1024K)]
  0x000001817df704b0 JavaThread "Worker-2"                          [_thread_blocked, id=23528, stack(0x000000660fb00000,0x000000660fc00000) (1024K)]
=>0x0000018104045340 JavaThread "C2 CompilerThread2"         daemon [_thread_in_native, id=1112, stack(0x000000660fc00000,0x000000660fd00000) (1024K)]
  0x000001817df6d6c0 JavaThread "Java indexing"              daemon [_thread_blocked, id=17912, stack(0x000000660fd00000,0x000000660fe00000) (1024K)]
Total: 26

Other Threads:
  0x0000018139b54110 VMThread "VM Thread"                           [id=26692, stack(0x000000660db00000,0x000000660dc00000) (1024K)]
  0x0000018139a4ca00 WatcherThread "VM Periodic Task Thread"        [id=16024, stack(0x000000660da00000,0x000000660db00000) (1024K)]
  0x000001812579c030 WorkerThread "GC Thread#0"                     [id=26852, stack(0x000000660d900000,0x000000660da00000) (1024K)]
  0x000001817d0700f0 WorkerThread "GC Thread#1"                     [id=17804, stack(0x000000660e800000,0x000000660e900000) (1024K)]
  0x000001817d070490 WorkerThread "GC Thread#2"                     [id=9300, stack(0x000000660e900000,0x000000660ea00000) (1024K)]
  0x000001817d255ff0 WorkerThread "GC Thread#3"                     [id=14228, stack(0x000000660ea00000,0x000000660eb00000) (1024K)]
  0x000001817d256390 WorkerThread "GC Thread#4"                     [id=15804, stack(0x000000660eb00000,0x000000660ec00000) (1024K)]
  0x000001817d256730 WorkerThread "GC Thread#5"                     [id=27116, stack(0x000000660ec00000,0x000000660ed00000) (1024K)]
  0x000001817d06e930 WorkerThread "GC Thread#6"                     [id=7912, stack(0x000000660ed00000,0x000000660ee00000) (1024K)]
  0x000001817daa3a50 WorkerThread "GC Thread#7"                     [id=9584, stack(0x000000660f000000,0x000000660f100000) (1024K)]
  0x000001817daa36b0 WorkerThread "GC Thread#8"                     [id=22396, stack(0x000000660f300000,0x000000660f400000) (1024K)]
  0x000001817daa4190 WorkerThread "GC Thread#9"                     [id=14344, stack(0x000000660f400000,0x000000660f500000) (1024K)]
Total: 12

Threads with active compile tasks:
C2 CompilerThread0  8008 4238       4       org.lombokweb.asm.ClassReader::readMethod (1070 bytes)
C1 CompilerThread0  8008 4612       3       java.util.TreeMap::fixAfterInsertion (267 bytes)
C2 CompilerThread1  8008 4272   !   4       org.eclipse.osgi.internal.loader.classpath.ClasspathManager::findClassImpl (343 bytes)
C2 CompilerThread2  8008 4407       4       org.eclipse.osgi.internal.serviceregistry.ServiceRegistry::notifyHooksPrivileged (57 bytes)
Total: 4

VM state: not at safepoint (normal execution)

VM Mutex/Monitor currently owned by a thread: None

Heap address: 0x00000000c0000000, size: 1024 MB, Compressed Oops mode: 32-bit

CDS archive(s) mapped at: [0x000001813a000000-0x000001813aba0000-0x000001813aba0000), size 12189696, SharedBaseAddress: 0x000001813a000000, ArchiveRelocationMode: 1.
Compressed class space mapped at: 0x000001813b000000-0x000001817b000000, reserved size: 1073741824
Narrow klass base: 0x000001813a000000, Narrow klass shift: 0, Narrow klass range: 0x100000000

GC Precious Log:
 CardTable entry size: 512
 CPUs: 12 total, 12 available
 Memory: 16010M
 Large Page Support: Disabled
 NUMA Support: Disabled
 Compressed Oops: Enabled (32-bit)
 Alignments: Space 512K, Generation 512K, Heap 2M
 Heap Min Capacity: 100M
 Heap Initial Capacity: 100M
 Heap Max Capacity: 1G
 Pre-touch: Disabled
 Parallel Workers: 10

Heap:
 PSYoungGen      total 24064K, used 10692K [0x00000000eab00000, 0x00000000ec780000, 0x0000000100000000)
  eden space 22528K, 41% used [0x00000000eab00000,0x00000000eb416e20,0x00000000ec100000)
  from space 1536K, 90% used [0x00000000ec500000,0x00000000ec65a5c0,0x00000000ec680000)
  to   space 1024K, 0% used [0x00000000ec680000,0x00000000ec680000,0x00000000ec780000)
 ParOldGen       total 68608K, used 15617K [0x00000000c0000000, 0x00000000c4300000, 0x00000000eab00000)
  object space 68608K, 22% used [0x00000000c0000000,0x00000000c0f407a8,0x00000000c4300000)
 Metaspace       used 31869K, committed 32960K, reserved 1114112K
  class space    used 3185K, committed 3648K, reserved 1048576K

Card table byte_map: [0x0000018125120000,0x0000018125330000] _byte_map_base: 0x0000018124b20000

Marking Bits: (ParMarkBitMap*) 0x00007ff9e1c531f0
 Begin Bits: [0x0000018137970000, 0x0000018138970000)
 End Bits:   [0x0000018138970000, 0x0000018139970000)

Polling page: 0x0000018123730000

Metaspace:

Usage:
  Non-class:     28.01 MB used.
      Class:      3.11 MB used.
       Both:     31.12 MB used.

Virtual space:
  Non-class space:       64.00 MB reserved,      28.62 MB ( 45%) committed,  1 nodes.
      Class space:        1.00 GB reserved,       3.56 MB ( <1%) committed,  1 nodes.
             Both:        1.06 GB reserved,      32.19 MB (  3%) committed. 

Chunk freelists:
   Non-Class:  2.67 MB
       Class:  12.37 MB
        Both:  15.04 MB

MaxMetaspaceSize: unlimited
CompressedClassSpaceSize: 1.00 GB
Initial GC threshold: 21.00 MB
Current GC threshold: 35.00 MB
CDS: on
 - commit_granule_bytes: 65536.
 - commit_granule_words: 8192.
 - virtual_space_node_default_size: 8388608.
 - enlarge_chunks_in_place: 1.
 - use_allocation_guard: 0.


Internal statistics:

num_allocs_failed_limit: 3.
num_arena_births: 848.
num_arena_deaths: 14.
num_vsnodes_births: 2.
num_vsnodes_deaths: 0.
num_space_committed: 515.
num_space_uncommitted: 0.
num_chunks_returned_to_freelist: 17.
num_chunks_taken_from_freelist: 2180.
num_chunk_merges: 9.
num_chunk_splits: 1380.
num_chunks_enlarged: 805.
num_inconsistent_stats: 0.

CodeHeap 'non-profiled nmethods': size=120000Kb used=1983Kb max_used=1983Kb free=118016Kb
 bounds [0x0000018130440000, 0x00000181306b0000, 0x0000018137970000]
CodeHeap 'profiled nmethods': size=120000Kb used=9711Kb max_used=9711Kb free=110288Kb
 bounds [0x0000018128970000, 0x00000181292f0000, 0x000001812fea0000]
CodeHeap 'non-nmethods': size=5760Kb used=1342Kb max_used=1358Kb free=4418Kb
 bounds [0x000001812fea0000, 0x0000018130110000, 0x0000018130440000]
 total_blobs=5197 nmethods=4565 adapters=538
 compilation: enabled
              stopped_count=0, restarted_count=0
 full_count=0

Compilation events (20 events):
Event: 7.902 Thread 0x000001817c06bf20 4552       2       org.codehaus.plexus.util.xml.pull.MXParser::ensureElementsCapacity (265 bytes)
Event: 7.903 Thread 0x000001817c06bf20 nmethod 4552 0x00000181292d9f90 code [0x00000181292da1c0, 0x00000181292dada8]
Event: 7.911 Thread 0x000001817c06bf20 4554       2       org.eclipse.sisu.plexus.PlexusXmlScanner::TEXT (10 bytes)
Event: 7.911 Thread 0x000001817c06bf20 nmethod 4554 0x00000181292db090 code [0x00000181292db260, 0x00000181292db428]
Event: 7.912 Thread 0x000001817c06bf20 4555       2       org.codehaus.plexus.util.xml.pull.MXParser::nextText (103 bytes)
Event: 7.913 Thread 0x000001817c06bf20 nmethod 4555 0x00000181292db590 code [0x00000181292db800, 0x00000181292dbf30]
Event: 7.916 Thread 0x000001817c06bf20 4556       3       java.util.ArrayList::contains (14 bytes)
Event: 7.917 Thread 0x000001817c06bf20 nmethod 4556 0x00000181292dc290 code [0x00000181292dc440, 0x00000181292dc738]
Event: 7.917 Thread 0x000001817c06bf20 4557       1       jdk.internal.jimage.decompressor.CompressedResourceHeader::getSize (3 bytes)
Event: 7.917 Thread 0x000001817c06bf20 nmethod 4557 0x000001813062f110 code [0x000001813062f2a0, 0x000001813062f348]
Event: 7.917 Thread 0x000001817c06bf20 4558       2       sun.util.PropertyResourceBundleCharset$PropertiesFileDecoder::decodeLoop (127 bytes)
Event: 7.918 Thread 0x000001817c06bf20 nmethod 4558 0x00000181292dc810 code [0x00000181292dca40, 0x00000181292dce38]
Event: 7.918 Thread 0x000001817c06bf20 4561       2       java.lang.AbstractStringBuilder::charAt (36 bytes)
Event: 7.919 Thread 0x000001817c06bf20 nmethod 4561 0x00000181292dd110 code [0x00000181292dd2c0, 0x00000181292dd4a0]
Event: 7.919 Thread 0x000001817c06bf20 4559       2       java.nio.ByteBuffer::mark (7 bytes)
Event: 7.919 Thread 0x000001817c06bf20 nmethod 4559 0x00000181292dd610 code [0x00000181292dd7a0, 0x00000181292dd8b0]
Event: 7.924 Thread 0x000001817c06bf20 4565       2       java.lang.ClassLoader::definePackage (53 bytes)
Event: 7.925 Thread 0x000001817c06bf20 nmethod 4565 0x00000181292dd990 code [0x00000181292ddb80, 0x00000181292ddf70]
Event: 7.948 Thread 0x000001817c06bf20 4572       1       org.codehaus.plexus.util.xml.pull.MXParser::getDepth (5 bytes)
Event: 7.949 Thread 0x000001817c06bf20 nmethod 4572 0x000001813062f410 code [0x000001813062f5a0, 0x000001813062f668]

GC Heap History (20 events):
Event: 2.692 GC heap before
{Heap before GC invocations=3 (full 0):
 PSYoungGen      total 29696K, used 29677K [0x00000000eab00000, 0x00000000ecc00000, 0x0000000100000000)
  eden space 25600K, 100% used [0x00000000eab00000,0x00000000ec400000,0x00000000ec400000)
  from space 4096K, 99% used [0x00000000ec800000,0x00000000ecbfb488,0x00000000ecc00000)
  to   space 4096K, 0% used [0x00000000ec400000,0x00000000ec400000,0x00000000ec800000)
 ParOldGen       total 68608K, used 1792K [0x00000000c0000000, 0x00000000c4300000, 0x00000000eab00000)
  object space 68608K, 2% used [0x00000000c0000000,0x00000000c01c0398,0x00000000c4300000)
 Metaspace       used 9374K, committed 9728K, reserved 1114112K
  class space    used 966K, committed 1152K, reserved 1048576K
}
Event: 2.700 GC heap after
{Heap after GC invocations=3 (full 0):
 PSYoungGen      total 29696K, used 4077K [0x00000000eab00000, 0x00000000ecc00000, 0x0000000100000000)
  eden space 25600K, 0% used [0x00000000eab00000,0x00000000eab00000,0x00000000ec400000)
  from space 4096K, 99% used [0x00000000ec400000,0x00000000ec7fb708,0x00000000ec800000)
  to   space 4096K, 0% used [0x00000000ec800000,0x00000000ec800000,0x00000000ecc00000)
 ParOldGen       total 68608K, used 5275K [0x00000000c0000000, 0x00000000c4300000, 0x00000000eab00000)
  object space 68608K, 7% used [0x00000000c0000000,0x00000000c0526ed8,0x00000000c4300000)
 Metaspace       used 9374K, committed 9728K, reserved 1114112K
  class space    used 966K, committed 1152K, reserved 1048576K
}
Event: 3.073 GC heap before
{Heap before GC invocations=4 (full 0):
 PSYoungGen      total 29696K, used 29677K [0x00000000eab00000, 0x00000000ecc00000, 0x0000000100000000)
  eden space 25600K, 100% used [0x00000000eab00000,0x00000000ec400000,0x00000000ec400000)
  from space 4096K, 99% used [0x00000000ec400000,0x00000000ec7fb708,0x00000000ec800000)
  to   space 4096K, 0% used [0x00000000ec800000,0x00000000ec800000,0x00000000ecc00000)
 ParOldGen       total 68608K, used 5275K [0x00000000c0000000, 0x00000000c4300000, 0x00000000eab00000)
  object space 68608K, 7% used [0x00000000c0000000,0x00000000c0526ed8,0x00000000c4300000)
 Metaspace       used 12177K, committed 12608K, reserved 1114112K
  class space    used 1250K, committed 1472K, reserved 1048576K
}
Event: 3.079 GC heap after
{Heap after GC invocations=4 (full 0):
 PSYoungGen      total 29696K, used 4088K [0x00000000eab00000, 0x00000000ecc00000, 0x0000000100000000)
  eden space 25600K, 0% used [0x00000000eab00000,0x00000000eab00000,0x00000000ec400000)
  from space 4096K, 99% used [0x00000000ec800000,0x00000000ecbfe148,0x00000000ecc00000)
  to   space 4096K, 0% used [0x00000000ec400000,0x00000000ec400000,0x00000000ec800000)
 ParOldGen       total 68608K, used 6880K [0x00000000c0000000, 0x00000000c4300000, 0x00000000eab00000)
  object space 68608K, 10% used [0x00000000c0000000,0x00000000c06b80c0,0x00000000c4300000)
 Metaspace       used 12177K, committed 12608K, reserved 1114112K
  class space    used 1250K, committed 1472K, reserved 1048576K
}
Event: 3.777 GC heap before
{Heap before GC invocations=5 (full 0):
 PSYoungGen      total 29696K, used 29688K [0x00000000eab00000, 0x00000000ecc00000, 0x0000000100000000)
  eden space 25600K, 100% used [0x00000000eab00000,0x00000000ec400000,0x00000000ec400000)
  from space 4096K, 99% used [0x00000000ec800000,0x00000000ecbfe148,0x00000000ecc00000)
  to   space 4096K, 0% used [0x00000000ec400000,0x00000000ec400000,0x00000000ec800000)
 ParOldGen       total 68608K, used 6880K [0x00000000c0000000, 0x00000000c4300000, 0x00000000eab00000)
  object space 68608K, 10% used [0x00000000c0000000,0x00000000c06b80c0,0x00000000c4300000)
 Metaspace       used 15514K, committed 16128K, reserved 1114112K
  class space    used 1555K, committed 1856K, reserved 1048576K
}
Event: 3.781 GC heap after
{Heap after GC invocations=5 (full 0):
 PSYoungGen      total 29184K, used 4091K [0x00000000eab00000, 0x00000000ece80000, 0x0000000100000000)
  eden space 25088K, 0% used [0x00000000eab00000,0x00000000eab00000,0x00000000ec380000)
  from space 4096K, 99% used [0x00000000ec400000,0x00000000ec7fef10,0x00000000ec800000)
  to   space 5632K, 0% used [0x00000000ec900000,0x00000000ec900000,0x00000000ece80000)
 ParOldGen       total 68608K, used 7933K [0x00000000c0000000, 0x00000000c4300000, 0x00000000eab00000)
  object space 68608K, 11% used [0x00000000c0000000,0x00000000c07bf618,0x00000000c4300000)
 Metaspace       used 15514K, committed 16128K, reserved 1114112K
  class space    used 1555K, committed 1856K, reserved 1048576K
}
Event: 4.769 GC heap before
{Heap before GC invocations=6 (full 0):
 PSYoungGen      total 29184K, used 29179K [0x00000000eab00000, 0x00000000ece80000, 0x0000000100000000)
  eden space 25088K, 100% used [0x00000000eab00000,0x00000000ec380000,0x00000000ec380000)
  from space 4096K, 99% used [0x00000000ec400000,0x00000000ec7fef10,0x00000000ec800000)
  to   space 5632K, 0% used [0x00000000ec900000,0x00000000ec900000,0x00000000ece80000)
 ParOldGen       total 68608K, used 7933K [0x00000000c0000000, 0x00000000c4300000, 0x00000000eab00000)
  object space 68608K, 11% used [0x00000000c0000000,0x00000000c07bf618,0x00000000c4300000)
 Metaspace       used 18594K, committed 19456K, reserved 1114112K
  class space    used 1889K, committed 2240K, reserved 1048576K
}
Event: 4.778 GC heap after
{Heap after GC invocations=6 (full 0):
 PSYoungGen      total 30208K, used 5224K [0x00000000eab00000, 0x00000000ece80000, 0x0000000100000000)
  eden space 24576K, 0% used [0x00000000eab00000,0x00000000eab00000,0x00000000ec300000)
  from space 5632K, 92% used [0x00000000ec900000,0x00000000ece1a1b8,0x00000000ece80000)
  to   space 5632K, 0% used [0x00000000ec380000,0x00000000ec380000,0x00000000ec900000)
 ParOldGen       total 68608K, used 7941K [0x00000000c0000000, 0x00000000c4300000, 0x00000000eab00000)
  object space 68608K, 11% used [0x00000000c0000000,0x00000000c07c1618,0x00000000c4300000)
 Metaspace       used 18594K, committed 19456K, reserved 1114112K
  class space    used 1889K, committed 2240K, reserved 1048576K
}
Event: 5.313 GC heap before
{Heap before GC invocations=7 (full 0):
 PSYoungGen      total 30208K, used 23952K [0x00000000eab00000, 0x00000000ece80000, 0x0000000100000000)
  eden space 24576K, 76% used [0x00000000eab00000,0x00000000ebd49f48,0x00000000ec300000)
  from space 5632K, 92% used [0x00000000ec900000,0x00000000ece1a1b8,0x00000000ece80000)
  to   space 5632K, 0% used [0x00000000ec380000,0x00000000ec380000,0x00000000ec900000)
 ParOldGen       total 68608K, used 7941K [0x00000000c0000000, 0x00000000c4300000, 0x00000000eab00000)
  object space 68608K, 11% used [0x00000000c0000000,0x00000000c07c1618,0x00000000c4300000)
 Metaspace       used 20585K, committed 21504K, reserved 1114112K
  class space    used 2127K, committed 2496K, reserved 1048576K
}
Event: 5.320 GC heap after
{Heap after GC invocations=7 (full 0):
 PSYoungGen      total 29184K, used 4317K [0x00000000eab00000, 0x00000000ecd00000, 0x0000000100000000)
  eden space 24576K, 0% used [0x00000000eab00000,0x00000000eab00000,0x00000000ec300000)
  from space 4608K, 93% used [0x00000000ec380000,0x00000000ec7b7778,0x00000000ec800000)
  to   space 5120K, 0% used [0x00000000ec800000,0x00000000ec800000,0x00000000ecd00000)
 ParOldGen       total 68608K, used 9268K [0x00000000c0000000, 0x00000000c4300000, 0x00000000eab00000)
  object space 68608K, 13% used [0x00000000c0000000,0x00000000c090d280,0x00000000c4300000)
 Metaspace       used 20585K, committed 21504K, reserved 1114112K
  class space    used 2127K, committed 2496K, reserved 1048576K
}
Event: 5.320 GC heap before
{Heap before GC invocations=8 (full 1):
 PSYoungGen      total 29184K, used 4317K [0x00000000eab00000, 0x00000000ecd00000, 0x0000000100000000)
  eden space 24576K, 0% used [0x00000000eab00000,0x00000000eab00000,0x00000000ec300000)
  from space 4608K, 93% used [0x00000000ec380000,0x00000000ec7b7778,0x00000000ec800000)
  to   space 5120K, 0% used [0x00000000ec800000,0x00000000ec800000,0x00000000ecd00000)
 ParOldGen       total 68608K, used 9268K [0x00000000c0000000, 0x00000000c4300000, 0x00000000eab00000)
  object space 68608K, 13% used [0x00000000c0000000,0x00000000c090d280,0x00000000c4300000)
 Metaspace       used 20585K, committed 21504K, reserved 1114112K
  class space    used 2127K, committed 2496K, reserved 1048576K
}
Event: 5.363 GC heap after
{Heap after GC invocations=8 (full 1):
 PSYoungGen      total 29184K, used 0K [0x00000000eab00000, 0x00000000ecd00000, 0x0000000100000000)
  eden space 24576K, 0% used [0x00000000eab00000,0x00000000eab00000,0x00000000ec300000)
  from space 4608K, 0% used [0x00000000ec380000,0x00000000ec380000,0x00000000ec800000)
  to   space 5120K, 0% used [0x00000000ec800000,0x00000000ec800000,0x00000000ecd00000)
 ParOldGen       total 68608K, used 12659K [0x00000000c0000000, 0x00000000c4300000, 0x00000000eab00000)
  object space 68608K, 18% used [0x00000000c0000000,0x00000000c0c5ceb0,0x00000000c4300000)
 Metaspace       used 20572K, committed 21504K, reserved 1114112K
  class space    used 2123K, committed 2496K, reserved 1048576K
}
Event: 5.935 GC heap before
{Heap before GC invocations=9 (full 1):
 PSYoungGen      total 29184K, used 24576K [0x00000000eab00000, 0x00000000ecd00000, 0x0000000100000000)
  eden space 24576K, 100% used [0x00000000eab00000,0x00000000ec300000,0x00000000ec300000)
  from space 4608K, 0% used [0x00000000ec380000,0x00000000ec380000,0x00000000ec800000)
  to   space 5120K, 0% used [0x00000000ec800000,0x00000000ec800000,0x00000000ecd00000)
 ParOldGen       total 68608K, used 12659K [0x00000000c0000000, 0x00000000c4300000, 0x00000000eab00000)
  object space 68608K, 18% used [0x00000000c0000000,0x00000000c0c5ceb0,0x00000000c4300000)
 Metaspace       used 22728K, committed 23744K, reserved 1114112K
  class space    used 2306K, committed 2752K, reserved 1048576K
}
Event: 5.938 GC heap after
{Heap after GC invocations=9 (full 1):
 PSYoungGen      total 25600K, used 1032K [0x00000000eab00000, 0x00000000ec980000, 0x0000000100000000)
  eden space 24064K, 0% used [0x00000000eab00000,0x00000000eab00000,0x00000000ec280000)
  from space 1536K, 67% used [0x00000000ec800000,0x00000000ec902170,0x00000000ec980000)
  to   space 2560K, 0% used [0x00000000ec480000,0x00000000ec480000,0x00000000ec700000)
 ParOldGen       total 68608K, used 12667K [0x00000000c0000000, 0x00000000c4300000, 0x00000000eab00000)
  object space 68608K, 18% used [0x00000000c0000000,0x00000000c0c5eeb0,0x00000000c4300000)
 Metaspace       used 22728K, committed 23744K, reserved 1114112K
  class space    used 2306K, committed 2752K, reserved 1048576K
}
Event: 6.575 GC heap before
{Heap before GC invocations=10 (full 1):
 PSYoungGen      total 25600K, used 25096K [0x00000000eab00000, 0x00000000ec980000, 0x0000000100000000)
  eden space 24064K, 99% used [0x00000000eab00000,0x00000000ec27ffc0,0x00000000ec280000)
  from space 1536K, 67% used [0x00000000ec800000,0x00000000ec902170,0x00000000ec980000)
  to   space 2560K, 0% used [0x00000000ec480000,0x00000000ec480000,0x00000000ec700000)
 ParOldGen       total 68608K, used 12667K [0x00000000c0000000, 0x00000000c4300000, 0x00000000eab00000)
  object space 68608K, 18% used [0x00000000c0000000,0x00000000c0c5eeb0,0x00000000c4300000)
 Metaspace       used 26307K, committed 27264K, reserved 1114112K
  class space    used 2568K, committed 3008K, reserved 1048576K
}
Event: 6.577 GC heap after
{Heap after GC invocations=10 (full 1):
 PSYoungGen      total 26112K, used 1174K [0x00000000eab00000, 0x00000000ec880000, 0x0000000100000000)
  eden space 23552K, 0% used [0x00000000eab00000,0x00000000eab00000,0x00000000ec200000)
  from space 2560K, 45% used [0x00000000ec480000,0x00000000ec5a5ae0,0x00000000ec700000)
  to   space 1536K, 0% used [0x00000000ec700000,0x00000000ec700000,0x00000000ec880000)
 ParOldGen       total 68608K, used 12675K [0x00000000c0000000, 0x00000000c4300000, 0x00000000eab00000)
  object space 68608K, 18% used [0x00000000c0000000,0x00000000c0c60eb0,0x00000000c4300000)
 Metaspace       used 26307K, committed 27264K, reserved 1114112K
  class space    used 2568K, committed 3008K, reserved 1048576K
}
Event: 6.926 GC heap before
{Heap before GC invocations=11 (full 1):
 PSYoungGen      total 26112K, used 24726K [0x00000000eab00000, 0x00000000ec880000, 0x0000000100000000)
  eden space 23552K, 100% used [0x00000000eab00000,0x00000000ec200000,0x00000000ec200000)
  from space 2560K, 45% used [0x00000000ec480000,0x00000000ec5a5ae0,0x00000000ec700000)
  to   space 1536K, 0% used [0x00000000ec700000,0x00000000ec700000,0x00000000ec880000)
 ParOldGen       total 68608K, used 12675K [0x00000000c0000000, 0x00000000c4300000, 0x00000000eab00000)
  object space 68608K, 18% used [0x00000000c0000000,0x00000000c0c60eb0,0x00000000c4300000)
 Metaspace       used 27708K, committed 28672K, reserved 1114112K
  class space    used 2708K, committed 3072K, reserved 1048576K
}
Event: 6.932 GC heap after
{Heap after GC invocations=11 (full 1):
 PSYoungGen      total 24064K, used 996K [0x00000000eab00000, 0x00000000ec800000, 0x0000000100000000)
  eden space 23040K, 0% used [0x00000000eab00000,0x00000000eab00000,0x00000000ec180000)
  from space 1024K, 97% used [0x00000000ec700000,0x00000000ec7f9390,0x00000000ec800000)
  to   space 1536K, 0% used [0x00000000ec500000,0x00000000ec500000,0x00000000ec680000)
 ParOldGen       total 68608K, used 15071K [0x00000000c0000000, 0x00000000c4300000, 0x00000000eab00000)
  object space 68608K, 21% used [0x00000000c0000000,0x00000000c0eb7eb0,0x00000000c4300000)
 Metaspace       used 27708K, committed 28672K, reserved 1114112K
  class space    used 2708K, committed 3072K, reserved 1048576K
}
Event: 7.790 GC heap before
{Heap before GC invocations=12 (full 1):
 PSYoungGen      total 24064K, used 24036K [0x00000000eab00000, 0x00000000ec800000, 0x0000000100000000)
  eden space 23040K, 100% used [0x00000000eab00000,0x00000000ec180000,0x00000000ec180000)
  from space 1024K, 97% used [0x00000000ec700000,0x00000000ec7f9390,0x00000000ec800000)
  to   space 1536K, 0% used [0x00000000ec500000,0x00000000ec500000,0x00000000ec680000)
 ParOldGen       total 68608K, used 15071K [0x00000000c0000000, 0x00000000c4300000, 0x00000000eab00000)
  object space 68608K, 21% used [0x00000000c0000000,0x00000000c0eb7eb0,0x00000000c4300000)
 Metaspace       used 31039K, committed 32064K, reserved 1114112K
  class space    used 3087K, committed 3520K, reserved 1048576K
}
Event: 7.796 GC heap after
{Heap after GC invocations=12 (full 1):
 PSYoungGen      total 24064K, used 1385K [0x00000000eab00000, 0x00000000ec780000, 0x0000000100000000)
  eden space 22528K, 0% used [0x00000000eab00000,0x00000000eab00000,0x00000000ec100000)
  from space 1536K, 90% used [0x00000000ec500000,0x00000000ec65a5c0,0x00000000ec680000)
  to   space 1024K, 0% used [0x00000000ec680000,0x00000000ec680000,0x00000000ec780000)
 ParOldGen       total 68608K, used 15617K [0x00000000c0000000, 0x00000000c4300000, 0x00000000eab00000)
  object space 68608K, 22% used [0x00000000c0000000,0x00000000c0f407a8,0x00000000c4300000)
 Metaspace       used 31039K, committed 32064K, reserved 1114112K
  class space    used 3087K, committed 3520K, reserved 1048576K
}

Dll operation events (10 events):
Event: 0.014 Loaded shared library c:\Users\muhammad naufal s a\.vscode\extensions\redhat.java-1.42.0-win32-x64\jre\21.0.7-win32-x86_64\bin\java.dll
Event: 0.110 Loaded shared library c:\Users\muhammad naufal s a\.vscode\extensions\redhat.java-1.42.0-win32-x64\jre\21.0.7-win32-x86_64\bin\zip.dll
Event: 0.138 Loaded shared library C:\Users\muhammad naufal s a\.vscode\extensions\redhat.java-1.42.0-win32-x64\jre\21.0.7-win32-x86_64\bin\instrument.dll
Event: 0.146 Loaded shared library C:\Users\muhammad naufal s a\.vscode\extensions\redhat.java-1.42.0-win32-x64\jre\21.0.7-win32-x86_64\bin\net.dll
Event: 0.148 Loaded shared library C:\Users\muhammad naufal s a\.vscode\extensions\redhat.java-1.42.0-win32-x64\jre\21.0.7-win32-x86_64\bin\nio.dll
Event: 0.152 Loaded shared library C:\Users\muhammad naufal s a\.vscode\extensions\redhat.java-1.42.0-win32-x64\jre\21.0.7-win32-x86_64\bin\zip.dll
Event: 0.192 Loaded shared library C:\Users\muhammad naufal s a\.vscode\extensions\redhat.java-1.42.0-win32-x64\jre\21.0.7-win32-x86_64\bin\jimage.dll
Event: 0.334 Loaded shared library c:\Users\muhammad naufal s a\.vscode\extensions\redhat.java-1.42.0-win32-x64\jre\21.0.7-win32-x86_64\bin\verify.dll
Event: 2.310 Loaded shared library C:\Users\muhammad naufal s a\AppData\Roaming\Code\User\globalStorage\redhat.java\1.42.0\config_win\org.eclipse.equinox.launcher\org.eclipse.equinox.launcher.win32.win32.x86_64_1.2.1300.v20250331-1702\eclipse_11911.dll
Event: 4.108 Loaded shared library C:\Users\muhammad naufal s a\AppData\Local\Temp\jna-1873067711\jna2142677520366396255.dll

Deoptimization events (20 events):
Event: 7.644 Thread 0x000001817df70b40 Uncommon trap: trap_request=0xffffff45 fr.pc=0x00000181304bd550 relative=0x0000000000000890
Event: 7.644 Thread 0x000001817df70b40 Uncommon trap: reason=unstable_if action=reinterpret pc=0x00000181304bd550 method=jdk.internal.org.objectweb.asm.SymbolTable.put(Ljdk/internal/org/objectweb/asm/SymbolTable$Entry;)Ljdk/internal/org/objectweb/asm/SymbolTable$Entry; @ 13 c2
Event: 7.644 Thread 0x000001817df70b40 DEOPT PACKING pc=0x00000181304bd550 sp=0x000000660e7fdae0
Event: 7.644 Thread 0x000001817df70b40 DEOPT UNPACKING pc=0x000001812fef3aa2 sp=0x000000660e7fd9f8 mode 2
Event: 7.735 Thread 0x000001817df70b40 Uncommon trap: trap_request=0xffffffc6 fr.pc=0x000001813053dbf4 relative=0x0000000000000f14
Event: 7.735 Thread 0x000001817df70b40 Uncommon trap: reason=bimorphic_or_optimized_type_check action=maybe_recompile pc=0x000001813053dbf4 method=java.util.Properties$LineReader.readLine()I @ 479 c2
Event: 7.735 Thread 0x000001817df70b40 DEOPT PACKING pc=0x000001813053dbf4 sp=0x000000660e7fdaf0
Event: 7.735 Thread 0x000001817df70b40 DEOPT UNPACKING pc=0x000001812fef3aa2 sp=0x000000660e7fda90 mode 2
Event: 7.860 Thread 0x000001817df70b40 Uncommon trap: trap_request=0xffffff45 fr.pc=0x000001813056c7d4 relative=0x0000000000000134
Event: 7.860 Thread 0x000001817df70b40 Uncommon trap: reason=unstable_if action=reinterpret pc=0x000001813056c7d4 method=java.util.ArrayList.indexOfRange(Ljava/lang/Object;II)I @ 7 c2
Event: 7.860 Thread 0x000001817df70b40 DEOPT PACKING pc=0x000001813056c7d4 sp=0x000000660e7fe760
Event: 7.860 Thread 0x000001817df70b40 DEOPT UNPACKING pc=0x000001812fef3aa2 sp=0x000000660e7fe620 mode 2
Event: 7.886 Thread 0x000001817db4d940 Uncommon trap: trap_request=0xffffff45 fr.pc=0x000001813058153c relative=0x00000000000002dc
Event: 7.886 Thread 0x000001817db4d940 Uncommon trap: reason=unstable_if action=reinterpret pc=0x000001813058153c method=java.util.Properties.getProperty(Ljava/lang/String;)Ljava/lang/String; @ 36 c2
Event: 7.887 Thread 0x000001817db4d940 DEOPT PACKING pc=0x000001813058153c sp=0x000000660f2fe7b0
Event: 7.887 Thread 0x000001817db4d940 DEOPT UNPACKING pc=0x000001812fef3aa2 sp=0x000000660f2fe758 mode 2
Event: 7.904 Thread 0x000001817df70b40 Uncommon trap: trap_request=0xffffff45 fr.pc=0x00000181305641b0 relative=0x0000000000000110
Event: 7.904 Thread 0x000001817df70b40 Uncommon trap: reason=unstable_if action=reinterpret pc=0x00000181305641b0 method=java.util.ArrayList.indexOfRange(Ljava/lang/Object;II)I @ 7 c2
Event: 7.904 Thread 0x000001817df70b40 DEOPT PACKING pc=0x00000181305641b0 sp=0x000000660e7fe6b0
Event: 7.904 Thread 0x000001817df70b40 DEOPT UNPACKING pc=0x000001812fef3aa2 sp=0x000000660e7fe630 mode 2

Classes loaded (20 events):
Event: 7.926 Loading class org/xml/sax/helpers/AttributesImpl done
Event: 7.926 Loading class com/sun/org/apache/xml/internal/serializer/AttributesImplSerializer done
Event: 7.927 Loading class com/sun/org/apache/xml/internal/serializer/ElemContext
Event: 7.927 Loading class com/sun/org/apache/xml/internal/serializer/ElemContext done
Event: 7.927 Loading class com/sun/org/apache/xml/internal/serializer/ToStream$BoolStack
Event: 7.927 Loading class com/sun/org/apache/xml/internal/serializer/ToStream$BoolStack done
Event: 7.927 Loading class com/sun/org/apache/xml/internal/serializer/EncodingInfo
Event: 7.927 Loading class com/sun/org/apache/xml/internal/serializer/EncodingInfo done
Event: 7.927 Loading class com/sun/org/apache/xml/internal/serializer/ToStream$CharacterBuffer
Event: 7.927 Loading class com/sun/org/apache/xml/internal/serializer/ToStream$CharacterBuffer done
Event: 7.927 Loading class com/sun/org/apache/xml/internal/serializer/Encodings
Event: 7.927 Loading class com/sun/org/apache/xml/internal/serializer/Encodings done
Event: 7.927 Loading class com/sun/org/apache/xml/internal/serializer/Encodings$EncodingInfos
Event: 7.928 Loading class com/sun/org/apache/xml/internal/serializer/Encodings$EncodingInfos done
Event: 7.930 Loading class java/lang/foreign/MemorySegment
Event: 7.932 Loading class java/lang/foreign/MemorySegment done
Event: 7.952 Loading class java/nio/charset/Charset$ExtendedProviderHolder
Event: 7.955 Loading class java/nio/charset/Charset$ExtendedProviderHolder done
Event: 7.965 Loading class java/nio/charset/Charset$ExtendedProviderHolder$1
Event: 7.966 Loading class java/nio/charset/Charset$ExtendedProviderHolder$1 done

Classes unloaded (7 events):
Event: 5.325 Thread 0x0000018139b54110 Unloading class 0x000001813b1a5400 'java/lang/invoke/LambdaForm$MH+0x000001813b1a5400'
Event: 5.325 Thread 0x0000018139b54110 Unloading class 0x000001813b1a5000 'java/lang/invoke/LambdaForm$MH+0x000001813b1a5000'
Event: 5.325 Thread 0x0000018139b54110 Unloading class 0x000001813b1a4c00 'java/lang/invoke/LambdaForm$MH+0x000001813b1a4c00'
Event: 5.325 Thread 0x0000018139b54110 Unloading class 0x000001813b1a4800 'java/lang/invoke/LambdaForm$MH+0x000001813b1a4800'
Event: 5.325 Thread 0x0000018139b54110 Unloading class 0x000001813b1a4400 'java/lang/invoke/LambdaForm$BMH+0x000001813b1a4400'
Event: 5.325 Thread 0x0000018139b54110 Unloading class 0x000001813b1a4000 'java/lang/invoke/LambdaForm$DMH+0x000001813b1a4000'
Event: 5.325 Thread 0x0000018139b54110 Unloading class 0x000001813b1a2c00 'java/lang/invoke/LambdaForm$DMH+0x000001813b1a2c00'

Classes redefined (0 events):
No events

Internal exceptions (20 events):
Event: 5.384 Thread 0x000001817db4d940 Exception <a 'java/lang/NoSuchMethodError'{0x00000000eab85988}: 'java.lang.Object java.lang.invoke.DirectMethodHandle$Holder.newInvokeSpecial(java.lang.Object, java.lang.Object, java.lang.Object, java.lang.Object, java.lang.Object, java.lang.Object, java.lang.Object)'> (0x00000000eab85988) 
thrown [s\src\hotspot\share\interpreter\linkResolver.cpp, line 773]
Event: 5.404 Thread 0x000001817db4d940 Exception <a 'java/lang/NoSuchMethodError'{0x00000000eac0af78}: 'java.lang.Object java.lang.invoke.Invokers$Holder.invoker(java.lang.Object, java.lang.Object, java.lang.Object, java.lang.Object, java.lang.Object, java.lang.Object, java.lang.Object, java.lang.Object, java.lang.Object, java.lang.Object, java.lang.Object, java.lang.Object, java.lang.Object)'> (0x00000000eac0af78) 
thrown [s\src\hotspot\share\interpreter\linkResolver.cpp, line 773]
Event: 5.405 Thread 0x000001817db4d940 Exception <a 'java/lang/NoSuchMethodError'{0x00000000eac15410}: 'java.lang.Object java.lang.invoke.DelegatingMethodHandle$Holder.delegate(java.lang.Object, java.lang.Object, java.lang.Object, java.lang.Object, java.lang.Object, java.lang.Object, java.lang.Object, java.lang.Object, java.lang.Object, java.lang.Object, java.lang.Object, java.lang.Object, java.lang.Object)'> (0x00000000eac15410) 
thrown [s\src\hotspot\share\interpreter\linkResolver.cpp, line 773]
Event: 5.429 Thread 0x000001817db4d940 Exception <a 'java/lang/NoSuchMethodError'{0x00000000eac80d98}: static Lorg/eclipse/m2e/core/internal/lifecyclemapping/model/PluginExecutionMetadata;.<clinit>()V> (0x00000000eac80d98) 
thrown [s\src\hotspot\share\prims\jni.cpp, line 1111]
Event: 5.442 Thread 0x000001817db4d940 Exception <a 'java/lang/NoSuchMethodError'{0x00000000eacdc748}: static Lorg/eclipse/m2e/core/internal/lifecyclemapping/model/PluginExecutionFilter;.<clinit>()V> (0x00000000eacdc748) 
thrown [s\src\hotspot\share\prims\jni.cpp, line 1111]
Event: 5.456 Thread 0x000001817db4d940 Exception <a 'java/lang/NoSuchMethodError'{0x00000000ead12280}: static Lorg/eclipse/m2e/core/internal/project/registry/MavenProjectFacade$MavenProjectConfiguration;.<clinit>()V> (0x00000000ead12280) 
thrown [s\src\hotspot\share\prims\jni.cpp, line 1111]
Event: 5.618 Thread 0x000001817db4d940 Exception <a 'java/lang/NoSuchMethodError'{0x00000000eb191e60}: 'double java.lang.invoke.DirectMethodHandle$Holder.invokeStatic(java.lang.Object, java.lang.Object)'> (0x00000000eb191e60) 
thrown [s\src\hotspot\share\interpreter\linkResolver.cpp, line 773]
Event: 5.619 Thread 0x000001817db4d940 Exception <a 'java/lang/NoSuchMethodError'{0x00000000eb195520}: 'double java.lang.invoke.DirectMethodHandle$Holder.invokeStaticInit(java.lang.Object, java.lang.Object)'> (0x00000000eb195520) 
thrown [s\src\hotspot\share\interpreter\linkResolver.cpp, line 773]
Event: 5.901 Thread 0x000001817db4d940 Exception <a 'java/io/FileNotFoundException'{0x00000000ec243318}> (0x00000000ec243318) 
thrown [s\src\hotspot\share\prims\jni.cpp, line 520]
Event: 5.902 Thread 0x000001817db4d940 Exception <a 'java/io/FileNotFoundException'{0x00000000ec2441b0}> (0x00000000ec2441b0) 
thrown [s\src\hotspot\share\prims\jni.cpp, line 520]
Event: 5.902 Thread 0x000001817db4d940 Exception <a 'java/io/FileNotFoundException'{0x00000000ec245150}> (0x00000000ec245150) 
thrown [s\src\hotspot\share\prims\jni.cpp, line 520]
Event: 6.444 Thread 0x000001817db4d940 Implicit null exception at 0x0000018130614975 to 0x0000018130614a50
Event: 6.641 Thread 0x000001817df70b40 Exception <a 'java/lang/NoSuchMethodError'{0x00000000eae9a560}: 'java.lang.Object java.lang.invoke.DirectMethodHandle$Holder.invokeSpecialIFC(java.lang.Object, java.lang.Object, java.lang.Object, java.lang.Object)'> (0x00000000eae9a560) 
thrown [s\src\hotspot\share\interpreter\linkResolver.cpp, line 773]
Event: 6.719 Thread 0x000001817db4d940 Exception <a 'java/lang/NoSuchMethodError'{0x00000000eba2b0e0}: 'java.lang.Object java.lang.invoke.DirectMethodHandle$Holder.newInvokeSpecial(java.lang.Object, int, java.lang.Object, java.lang.Object)'> (0x00000000eba2b0e0) 
thrown [s\src\hotspot\share\interpreter\linkResolver.cpp, line 773]
Event: 6.727 Thread 0x000001817db4d940 Exception <a 'java/io/FileNotFoundException'{0x00000000eba67c80}> (0x00000000eba67c80) 
thrown [s\src\hotspot\share\prims\jni.cpp, line 520]
Event: 7.267 Thread 0x000001817db4d940 Exception <a 'java/lang/ClassNotFoundException'{0x00000000eb5b8590}: com/sun/org/apache/xerces/internal/impl/msg/spi/DOMMessagesProvider> (0x00000000eb5b8590) 
thrown [s\src\hotspot\share\classfile\systemDictionary.cpp, line 312]
Event: 7.274 Thread 0x000001817db4d940 Exception <a 'java/lang/ClassNotFoundException'{0x00000000eb64f4c0}: com/sun/org/apache/xerces/internal/impl/msg/spi/XMLSerializerMessagesProvider> (0x00000000eb64f4c0) 
thrown [s\src\hotspot\share\classfile\systemDictionary.cpp, line 312]
Event: 7.276 Thread 0x000001817db4d940 Exception <a 'java/lang/ClassNotFoundException'{0x00000000eb65c740}: com/sun/org/apache/xerces/internal/impl/msg/spi/XMLMessagesProvider> (0x00000000eb65c740) 
thrown [s\src\hotspot\share\classfile\systemDictionary.cpp, line 312]
Event: 7.801 Thread 0x000001817df70b40 Exception <a 'java/lang/NoClassDefFoundError'{0x00000000eab13c78}: javax/enterprise/inject/Typed> (0x00000000eab13c78) 
thrown [s\src\hotspot\share\classfile\systemDictionary.cpp, line 301]
Event: 7.910 Thread 0x000001817db4d940 Exception <a 'java/lang/ClassNotFoundException'{0x00000000eae90f90}: com/sun/org/apache/xml/internal/serializer/spi/XMLEntitiesProvider> (0x00000000eae90f90) 
thrown [s\src\hotspot\share\classfile\systemDictionary.cpp, line 312]

ZGC Phase Switch (0 events):
No events

VM Operations (20 events):
Event: 5.313 Executing VM operation: CollectForMetadataAllocation (Metadata GC Threshold)
Event: 5.363 Executing VM operation: CollectForMetadataAllocation (Metadata GC Threshold) done
Event: 5.935 Executing VM operation: ParallelGCFailedAllocation (Allocation Failure)
Event: 5.938 Executing VM operation: ParallelGCFailedAllocation (Allocation Failure) done
Event: 6.569 Executing VM operation: HandshakeAllThreads (Deoptimize)
Event: 6.569 Executing VM operation: HandshakeAllThreads (Deoptimize) done
Event: 6.575 Executing VM operation: ParallelGCFailedAllocation (Allocation Failure)
Event: 6.577 Executing VM operation: ParallelGCFailedAllocation (Allocation Failure) done
Event: 6.926 Executing VM operation: ParallelGCFailedAllocation (Allocation Failure)
Event: 6.932 Executing VM operation: ParallelGCFailedAllocation (Allocation Failure) done
Event: 7.058 Executing VM operation: HandshakeAllThreads (Deoptimize)
Event: 7.058 Executing VM operation: HandshakeAllThreads (Deoptimize) done
Event: 7.520 Executing VM operation: HandshakeAllThreads (Deoptimize)
Event: 7.521 Executing VM operation: HandshakeAllThreads (Deoptimize) done
Event: 7.752 Executing VM operation: HandshakeAllThreads (Deoptimize)
Event: 7.752 Executing VM operation: HandshakeAllThreads (Deoptimize) done
Event: 7.790 Executing VM operation: ParallelGCFailedAllocation (Allocation Failure)
Event: 7.796 Executing VM operation: ParallelGCFailedAllocation (Allocation Failure) done
Event: 7.908 Executing VM operation: HandshakeAllThreads (Deoptimize)
Event: 7.908 Executing VM operation: HandshakeAllThreads (Deoptimize) done

Memory protections (0 events):
No events

Nmethod flushes (0 events):
No events

Events (20 events):
Event: 2.304 Thread 0x000001812577db60 Thread added: 0x000001817d5e9230
Event: 2.351 Thread 0x000001817d5e9230 Thread added: 0x000001817db4d2e0
Event: 2.354 Thread 0x000001812577db60 Thread added: 0x000001817db4d940
Event: 2.727 Thread 0x000001817db4d940 Thread added: 0x000001817dfdad70
Event: 2.881 Thread 0x000001817db4d940 Thread added: 0x000001817e2d55f0
Event: 2.982 Thread 0x000001817db4d940 Thread added: 0x000001817df24290
Event: 3.416 Thread 0x000001817db4d940 Thread added: 0x000001817df6f790
Event: 3.868 Thread 0x000001817d563e30 Thread exited: 0x000001817d563e30
Event: 3.914 Thread 0x000001817d563790 Thread exited: 0x000001817d563790
Event: 4.142 Thread 0x000001817db4d940 Thread added: 0x000001817df6fe20
Event: 4.217 Thread 0x000001817db4d940 Thread added: 0x000001817df70b40
Event: 4.251 Thread 0x000001817db4d940 Thread added: 0x000001817df6f100
Event: 4.343 Thread 0x000001817c06bf20 Thread added: 0x000001817e36d740
Event: 5.022 Thread 0x000001817e36d740 Thread exited: 0x000001817e36d740
Event: 5.482 Thread 0x000001817c06bf20 Thread added: 0x000001817e2373c0
Event: 6.248 Thread 0x000001817e2373c0 Thread exited: 0x000001817e2373c0
Event: 6.616 Thread 0x000001817c06bf20 Thread added: 0x0000018104045a10
Event: 6.749 Thread 0x000001817df6f100 Thread added: 0x000001817df704b0
Event: 6.867 Thread 0x000001817c06bf20 Thread added: 0x0000018104045340
Event: 7.401 Thread 0x000001817db4d940 Thread added: 0x000001817df6d6c0


Dynamic libraries:
0x00007ff74e420000 - 0x00007ff74e42e000 	c:\Users\muhammad naufal s a\.vscode\extensions\redhat.java-1.42.0-win32-x64\jre\21.0.7-win32-x86_64\bin\java.exe
0x00007ffad2fc0000 - 0x00007ffad3225000 	C:\WINDOWS\SYSTEM32\ntdll.dll
0x00007ffad2850000 - 0x00007ffad2919000 	C:\WINDOWS\System32\KERNEL32.DLL
0x00007ffad0440000 - 0x00007ffad0828000 	C:\WINDOWS\System32\KERNELBASE.dll
0x00007ffad0c10000 - 0x00007ffad0d5b000 	C:\WINDOWS\System32\ucrtbase.dll
0x00007ffa4d6b0000 - 0x00007ffa4d6ce000 	c:\Users\muhammad naufal s a\.vscode\extensions\redhat.java-1.42.0-win32-x64\jre\21.0.7-win32-x86_64\bin\VCRUNTIME140.dll
0x00007ffa49ed0000 - 0x00007ffa49ee8000 	c:\Users\muhammad naufal s a\.vscode\extensions\redhat.java-1.42.0-win32-x64\jre\21.0.7-win32-x86_64\bin\jli.dll
0x00007ffad1a50000 - 0x00007ffad1c1a000 	C:\WINDOWS\System32\USER32.dll
0x00007ffac05d0000 - 0x00007ffac086a000 	C:\WINDOWS\WinSxS\amd64_microsoft.windows.common-controls_6595b64144ccf1df_6.0.26100.4202_none_3e0698d4e335f517\COMCTL32.dll
0x00007ffad0290000 - 0x00007ffad02b7000 	C:\WINDOWS\System32\win32u.dll
0x00007ffad1630000 - 0x00007ffad16d9000 	C:\WINDOWS\System32\msvcrt.dll
0x00007ffad1390000 - 0x00007ffad13bb000 	C:\WINDOWS\System32\GDI32.dll
0x00007ffad0970000 - 0x00007ffad0aa7000 	C:\WINDOWS\System32\gdi32full.dll
0x00007ffad08c0000 - 0x00007ffad0963000 	C:\WINDOWS\System32\msvcp_win.dll
0x00007ffad2740000 - 0x00007ffad2770000 	C:\WINDOWS\System32\IMM32.DLL
0x00007ffaa1df0000 - 0x00007ffaa1dfc000 	c:\Users\muhammad naufal s a\.vscode\extensions\redhat.java-1.42.0-win32-x64\jre\21.0.7-win32-x86_64\bin\vcruntime140_1.dll
0x00007ffa49e10000 - 0x00007ffa49e9d000 	c:\Users\muhammad naufal s a\.vscode\extensions\redhat.java-1.42.0-win32-x64\jre\21.0.7-win32-x86_64\bin\msvcp140.dll
0x00007ff9e0fa0000 - 0x00007ff9e1d30000 	c:\Users\muhammad naufal s a\.vscode\extensions\redhat.java-1.42.0-win32-x64\jre\21.0.7-win32-x86_64\bin\server\jvm.dll
0x00007ffad2ec0000 - 0x00007ffad2f73000 	C:\WINDOWS\System32\ADVAPI32.dll
0x00007ffad12e0000 - 0x00007ffad1386000 	C:\WINDOWS\System32\sechost.dll
0x00007ffad13c0000 - 0x00007ffad14d5000 	C:\WINDOWS\System32\RPCRT4.dll
0x00007ffad1570000 - 0x00007ffad15e4000 	C:\WINDOWS\System32\WS2_32.dll
0x00007ffaced50000 - 0x00007ffacedae000 	C:\WINDOWS\SYSTEM32\POWRPROF.dll
0x00007ffabee10000 - 0x00007ffabee45000 	C:\WINDOWS\SYSTEM32\WINMM.dll
0x00007ffac7a60000 - 0x00007ffac7a6b000 	C:\WINDOWS\SYSTEM32\VERSION.dll
0x00007ffaced30000 - 0x00007ffaced44000 	C:\WINDOWS\SYSTEM32\UMPDC.dll
0x00007ffaceff0000 - 0x00007ffacf00b000 	C:\WINDOWS\SYSTEM32\kernel.appcore.dll
0x00007ffaa1140000 - 0x00007ffaa114a000 	c:\Users\muhammad naufal s a\.vscode\extensions\redhat.java-1.42.0-win32-x64\jre\21.0.7-win32-x86_64\bin\jimage.dll
0x00007ffacd840000 - 0x00007ffacda81000 	C:\WINDOWS\SYSTEM32\DBGHELP.DLL
0x00007ffad2a40000 - 0x00007ffad2dc5000 	C:\WINDOWS\System32\combase.dll
0x00007ffad0d60000 - 0x00007ffad0e41000 	C:\WINDOWS\System32\OLEAUT32.dll
0x00007ffaa1100000 - 0x00007ffaa1139000 	C:\WINDOWS\SYSTEM32\dbgcore.DLL
0x00007ffad0ab0000 - 0x00007ffad0b49000 	C:\WINDOWS\System32\bcryptPrimitives.dll
0x00007ffa9f150000 - 0x00007ffa9f15f000 	c:\Users\muhammad naufal s a\.vscode\extensions\redhat.java-1.42.0-win32-x64\jre\21.0.7-win32-x86_64\bin\instrument.dll
0x00007ffa49bc0000 - 0x00007ffa49bdf000 	c:\Users\muhammad naufal s a\.vscode\extensions\redhat.java-1.42.0-win32-x64\jre\21.0.7-win32-x86_64\bin\java.dll
0x00007ffad1cd0000 - 0x00007ffad2412000 	C:\WINDOWS\System32\SHELL32.dll
0x00007ffad0110000 - 0x00007ffad0284000 	C:\WINDOWS\System32\wintypes.dll
0x00007ffacddb0000 - 0x00007fface607000 	C:\WINDOWS\SYSTEM32\windows.storage.dll
0x00007ffad1940000 - 0x00007ffad1a31000 	C:\WINDOWS\System32\SHCORE.dll
0x00007ffad2e50000 - 0x00007ffad2eba000 	C:\WINDOWS\System32\shlwapi.dll
0x00007ffacfff0000 - 0x00007ffad001f000 	C:\WINDOWS\SYSTEM32\profapi.dll
0x00007ffa49ba0000 - 0x00007ffa49bb8000 	c:\Users\muhammad naufal s a\.vscode\extensions\redhat.java-1.42.0-win32-x64\jre\21.0.7-win32-x86_64\bin\zip.dll
0x00007ffa9f020000 - 0x00007ffa9f030000 	C:\Users\muhammad naufal s a\.vscode\extensions\redhat.java-1.42.0-win32-x64\jre\21.0.7-win32-x86_64\bin\net.dll
0x00007ffacaff0000 - 0x00007ffacb10e000 	C:\WINDOWS\SYSTEM32\WINHTTP.dll
0x00007ffacf560000 - 0x00007ffacf5ca000 	C:\WINDOWS\system32\mswsock.dll
0x00007ffa49b80000 - 0x00007ffa49b96000 	C:\Users\muhammad naufal s a\.vscode\extensions\redhat.java-1.42.0-win32-x64\jre\21.0.7-win32-x86_64\bin\nio.dll
0x00007ffa96a30000 - 0x00007ffa96a40000 	c:\Users\muhammad naufal s a\.vscode\extensions\redhat.java-1.42.0-win32-x64\jre\21.0.7-win32-x86_64\bin\verify.dll
0x00007ffa31c00000 - 0x00007ffa31c45000 	C:\Users\muhammad naufal s a\AppData\Roaming\Code\User\globalStorage\redhat.java\1.42.0\config_win\org.eclipse.equinox.launcher\org.eclipse.equinox.launcher.win32.win32.x86_64_1.2.1300.v20250331-1702\eclipse_11911.dll
0x00007ffad2420000 - 0x00007ffad25be000 	C:\WINDOWS\System32\ole32.dll
0x00007ffacf810000 - 0x00007ffacf82b000 	C:\WINDOWS\SYSTEM32\CRYPTSP.dll
0x00007ffacef50000 - 0x00007ffacef8a000 	C:\WINDOWS\system32\rsaenh.dll
0x00007ffacf600000 - 0x00007ffacf62b000 	C:\WINDOWS\SYSTEM32\USERENV.dll
0x00007ffad0030000 - 0x00007ffad0056000 	C:\WINDOWS\SYSTEM32\bcrypt.dll
0x00007ffacf830000 - 0x00007ffacf83c000 	C:\WINDOWS\SYSTEM32\CRYPTBASE.dll
0x00007fface990000 - 0x00007fface9c3000 	C:\WINDOWS\SYSTEM32\IPHLPAPI.DLL
0x00007ffad1a40000 - 0x00007ffad1a4a000 	C:\WINDOWS\System32\NSI.dll
0x00007ffa30320000 - 0x00007ffa30369000 	C:\Users\muhammad naufal s a\AppData\Local\Temp\jna-1873067711\jna2142677520366396255.dll
0x00007ffad1620000 - 0x00007ffad1628000 	C:\WINDOWS\System32\PSAPI.DLL

dbghelp: loaded successfully - version: 4.0.5 - missing functions: none
symbol engine: initialized successfully - sym options: 0x614 - pdb path: .;c:\Users\muhammad naufal s a\.vscode\extensions\redhat.java-1.42.0-win32-x64\jre\21.0.7-win32-x86_64\bin;C:\WINDOWS\SYSTEM32;C:\WINDOWS\WinSxS\amd64_microsoft.windows.common-controls_6595b64144ccf1df_6.0.26100.4202_none_3e0698d4e335f517;c:\Users\muhammad naufal s a\.vscode\extensions\redhat.java-1.42.0-win32-x64\jre\21.0.7-win32-x86_64\bin\server;C:\Users\muhammad naufal s a\AppData\Roaming\Code\User\globalStorage\redhat.java\1.42.0\config_win\org.eclipse.equinox.launcher\org.eclipse.equinox.launcher.win32.win32.x86_64_1.2.1300.v20250331-1702;C:\Users\muhammad naufal s a\AppData\Local\Temp\jna-1873067711

VM Arguments:
jvm_args: --add-modules=ALL-SYSTEM --add-opens=java.base/java.util=ALL-UNNAMED --add-opens=java.base/java.lang=ALL-UNNAMED --add-opens=java.base/sun.nio.fs=ALL-UNNAMED -Declipse.application=org.eclipse.jdt.ls.core.id1 -Dosgi.bundles.defaultStartLevel=4 -Declipse.product=org.eclipse.jdt.ls.core.product -Djava.import.generatesMetadataFilesAtProjectRoot=false -DDetectVMInstallationsJob.disabled=true -Dfile.encoding=utf8 -XX:+UseParallelGC -XX:GCTimeRatio=4 -XX:AdaptiveSizePolicyWeight=90 -Dsun.zip.disableMemoryMapping=true -Xmx1G -Xms100m -Xlog:disable -javaagent:c:\Users\muhammad naufal s a\.vscode\extensions\redhat.java-1.42.0-win32-x64\lombok\lombok-1.18.36.jar -XX:+HeapDumpOnOutOfMemoryError -XX:HeapDumpPath=c:\Users\muhammad naufal s a\AppData\Roaming\Code\User\workspaceStorage\e1b23ad681602467071ef67cb5a271e9\redhat.java -Daether.dependencyCollector.impl=bf 
java_command: c:\Users\muhammad naufal s a\.vscode\extensions\redhat.java-1.42.0-win32-x64\server\plugins\org.eclipse.equinox.launcher_1.7.0.v20250424-1814.jar -configuration c:\Users\muhammad naufal s a\AppData\Roaming\Code\User\globalStorage\redhat.java\1.42.0\config_win -data c:\Users\muhammad naufal s a\AppData\Roaming\Code\User\workspaceStorage\e1b23ad681602467071ef67cb5a271e9\redhat.java\jdt_ws --pipe=\\.\pipe\lsp-17120d6d6bf96652cd502e3a1a0dda9a-sock
java_class_path (initial): c:\Users\muhammad naufal s a\.vscode\extensions\redhat.java-1.42.0-win32-x64\server\plugins\org.eclipse.equinox.launcher_1.7.0.v20250424-1814.jar
Launcher Type: SUN_STANDARD

[Global flags]
    uintx AdaptiveSizePolicyWeight                 = 90                                        {product} {command line}
     intx CICompilerCount                          = 4                                         {product} {ergonomic}
    uintx GCTimeRatio                              = 4                                         {product} {command line}
     bool HeapDumpOnOutOfMemoryError               = true                                   {manageable} {command line}
    ccstr HeapDumpPath                             = c:\Users\muhammad naufal s a\AppData\Roaming\Code\User\workspaceStorage\e1b23ad681602467071ef67cb5a271e9\redhat.java         {manageable} {command line}
   size_t InitialHeapSize                          = 104857600                                 {product} {command line}
   size_t MaxHeapSize                              = 1073741824                                {product} {command line}
   size_t MaxNewSize                               = 357564416                                 {product} {ergonomic}
   size_t MinHeapDeltaBytes                        = 524288                                    {product} {ergonomic}
   size_t MinHeapSize                              = 104857600                                 {product} {command line}
   size_t NewSize                                  = 34603008                                  {product} {ergonomic}
    uintx NonNMethodCodeHeapSize                   = 5839372                                {pd product} {ergonomic}
    uintx NonProfiledCodeHeapSize                  = 122909434                              {pd product} {ergonomic}
   size_t OldSize                                  = 70254592                                  {product} {ergonomic}
    uintx ProfiledCodeHeapSize                     = 122909434                              {pd product} {ergonomic}
    uintx ReservedCodeCacheSize                    = 251658240                              {pd product} {ergonomic}
     bool SegmentedCodeCache                       = true                                      {product} {ergonomic}
   size_t SoftMaxHeapSize                          = 1073741824                             {manageable} {ergonomic}
     bool UseCompressedOops                        = true                           {product lp64_product} {ergonomic}
     bool UseLargePagesIndividualAllocation        = false                                  {pd product} {ergonomic}
     bool UseParallelGC                            = true                                      {product} {command line}

Logging:
Log output configuration:
 #0: stdout all=off uptime,level,tags foldmultilines=false
 #1: stderr all=off uptime,level,tags foldmultilines=false

Environment Variables:
PATH=C:\Program Files (x86)\VMware\VMware Player\bin\;C:\Program Files\Common Files\Oracle\Java\javapath;C:\Program Files (x86)\Common Files\Oracle\Java\java8path;C:\Program Files (x86)\Common Files\Oracle\Java\javapath;C:\Program Files (x86)\Common Files\Intel\Shared Libraries\redist\intel64\compiler;C:\Windows\system32;C:\Windows;C:\Windows\System32\Wbem;C:\Windows\System32\WindowsPowerShell\v1.0\;C:\Windows\System32\OpenSSH\;C:\Program Files (x86)\NVIDIA Corporation\PhysX\Common;C:\Program Files\dotnet\;C:\Delphi7\Bin;C:\Delphi7\Projects\Bpl;C:\Delphi7\Rave5;C:\xampp\php;C:\ProgramData\ComposerSetup\bin;C:\Program Files\Git\cmd;C:\Program Files (x86)\Windows Kits\10\Windows Performance Toolkit\;C:\WINDOWS\system32;C:\WINDOWS;C:\WINDOWS\System32\Wbem;C:\WINDOWS\System32\WindowsPowerShell\v1.0\;C:\WINDOWS\System32\OpenSSH\;C:\Program Files\NVIDIA Corporation\NVIDIA NvDLISR;D:\Tugas\PWL\chromedriver-win64;C:\Program Files\nodejs\;C:\Users\muhammad naufal s a\AppData\Local\Programs\Python\Python311\Scripts\;C:\Users\muhammad naufal s a\AppData\Local\Programs\Python\Python311\;C:\Program Files\MySQL\MySQL Shell 8.0\bin\;C:\Users\muhammad naufal s a\AppData\Local\Microsoft\WindowsApps;C:\Users\muhammad naufal s a\AppData\Local\Programs\Microsoft VS Code\bin;C:\Users\muhammad naufal s a\AppData\Roaming\Composer\vendor\bin;C:\Users\muhammad naufal s a\.dotnet\tools;;D:\PyCharm 2025.1\bin;;C:\Users\muhammad naufal s a\AppData\Roaming\npm
USERNAME=muhammad naufal s a
OS=Windows_NT
PROCESSOR_IDENTIFIER=Intel64 Family 6 Model 154 Stepping 3, GenuineIntel
TMP=C:\Users\MUHAMM~1\AppData\Local\Temp
TEMP=C:\Users\MUHAMM~1\AppData\Local\Temp




Periodic native trim disabled

---------------  S Y S T E M  ---------------

OS:
 Windows 11 , 64 bit Build 26100 (10.0.26100.4202)
OS uptime: 1 days 5:03 hours

CPU: total 12 (initial active 12) (6 cores per cpu, 2 threads per core) family 6 model 154 stepping 3 microcode 0x419, cx8, cmov, fxsr, ht, mmx, 3dnowpref, sse, sse2, sse3, ssse3, sse4.1, sse4.2, popcnt, lzcnt, tsc, tscinvbit, avx, avx2, aes, erms, clmul, bmi1, bmi2, adx, sha, fma, vzeroupper, clflush, clflushopt, clwb, serialize, rdtscp, rdpid, fsrm, f16c, pku, cet_ibt, cet_ss
Processor Information for processor 0
  Max Mhz: 2000, Current Mhz: 2000, Mhz Limit: 2000
Processor Information for processor 1
  Max Mhz: 2000, Current Mhz: 2000, Mhz Limit: 2000
Processor Information for processor 2
  Max Mhz: 2000, Current Mhz: 2000, Mhz Limit: 2000
Processor Information for processor 3
  Max Mhz: 2000, Current Mhz: 2000, Mhz Limit: 2000
Processor Information for processor 4
  Max Mhz: 2000, Current Mhz: 2000, Mhz Limit: 2000
Processor Information for processor 5
  Max Mhz: 2000, Current Mhz: 2000, Mhz Limit: 2000
Processor Information for processor 6
  Max Mhz: 2000, Current Mhz: 2000, Mhz Limit: 2000
Processor Information for processor 7
  Max Mhz: 2000, Current Mhz: 2000, Mhz Limit: 2000
Processor Information for processor 8
  Max Mhz: 2000, Current Mhz: 1500, Mhz Limit: 1500
Processor Information for processor 9
  Max Mhz: 2000, Current Mhz: 1500, Mhz Limit: 1500
Processor Information for processor 10
  Max Mhz: 2000, Current Mhz: 1500, Mhz Limit: 1500
Processor Information for processor 11
  Max Mhz: 2000, Current Mhz: 1500, Mhz Limit: 1500

Memory: 4k page, system-wide physical 16010M (1994M free)
TotalPageFile size 18060M (AvailPageFile size 3M)
current process WorkingSet (physical memory assigned to process): 206M, peak: 206M
current process commit charge ("private bytes"): 304M, peak: 304M

vm_info: OpenJDK 64-Bit Server VM (21.0.7+6-LTS) for windows-amd64 JRE (21.0.7+6-LTS), built on 2025-04-15T00:00:00Z by "admin" with MS VC++ 17.7 (VS2022)

END.
